{"numTotalTestSuites":216,"numPassedTestSuites":216,"numFailedTestSuites":0,"numPendingTestSuites":0,"numTotalTests":546,"numPassedTests":546,"numFailedTests":0,"numPendingTests":0,"numTodoTests":0,"snapshot":{"added":0,"failure":false,"filesAdded":0,"filesRemoved":0,"filesRemovedList":[],"filesUnmatched":0,"filesUpdated":0,"matched":0,"total":0,"unchecked":0,"uncheckedKeysByFile":[],"unmatched":0,"updated":0,"didUpdate":false},"startTime":1771130539244,"success":true,"testResults":[{"assertionResults":[{"ancestorTitles":["wc-alert","Rendering"],"fullName":"wc-alert Rendering renders with shadow DOM","status":"passed","title":"renders with shadow DOM","duration":12.600000023841858,"failureMessages":[],"meta":{}},{"ancestorTitles":["wc-alert","Rendering"],"fullName":"wc-alert Rendering renders the alert container","status":"passed","title":"renders the alert container","duration":0.8000000715255737,"failureMessages":[],"meta":{}},{"ancestorTitles":["wc-alert","Rendering"],"fullName":"wc-alert Rendering renders default slot content","status":"passed","title":"renders default slot content","duration":0.6000000238418579,"failureMessages":[],"meta":{}},{"ancestorTitles":["wc-alert","Rendering"],"fullName":"wc-alert Rendering is visible by default (open=true)","status":"passed","title":"is visible by default (open=true)","duration":0.5,"failureMessages":[],"meta":{}},{"ancestorTitles":["wc-alert","Property: variant"],"fullName":"wc-alert Property: variant defaults to \"info\"","status":"passed","title":"defaults to \"info\"","duration":0.3999999761581421,"failureMessages":[],"meta":{}},{"ancestorTitles":["wc-alert","Property: variant"],"fullName":"wc-alert Property: variant reflects variant attribute to property","status":"passed","title":"reflects variant attribute to property","duration":0.6000000238418579,"failureMessages":[],"meta":{}},{"ancestorTitles":["wc-alert","Property: variant"],"fullName":"wc-alert Property: variant applies \"success\" variant via attribute","status":"passed","title":"applies \"success\" variant via attribute","duration":0.3999999761581421,"failureMessages":[],"meta":{}},{"ancestorTitles":["wc-alert","Property: variant"],"fullName":"wc-alert Property: variant applies \"warning\" variant via attribute","status":"passed","title":"applies \"warning\" variant via attribute","duration":0.5,"failureMessages":[],"meta":{}},{"ancestorTitles":["wc-alert","Property: variant"],"fullName":"wc-alert Property: variant applies \"error\" variant via attribute","status":"passed","title":"applies \"error\" variant via attribute","duration":0.20000004768371582,"failureMessages":[],"meta":{}},{"ancestorTitles":["wc-alert","Property: closable"],"fullName":"wc-alert Property: closable defaults to false","status":"passed","title":"defaults to false","duration":0.5,"failureMessages":[],"meta":{}},{"ancestorTitles":["wc-alert","Property: closable"],"fullName":"wc-alert Property: closable renders close button when closable","status":"passed","title":"renders close button when closable","duration":0.7000000476837158,"failureMessages":[],"meta":{}},{"ancestorTitles":["wc-alert","Property: closable"],"fullName":"wc-alert Property: closable does not render close button when not closable","status":"passed","title":"does not render close button when not closable","duration":0.2999999523162842,"failureMessages":[],"meta":{}},{"ancestorTitles":["wc-alert","Property: open"],"fullName":"wc-alert Property: open defaults to true","status":"passed","title":"defaults to true","duration":0.2999999523162842,"failureMessages":[],"meta":{}},{"ancestorTitles":["wc-alert","Property: open"],"fullName":"wc-alert Property: open hides alert when open is false","status":"passed","title":"hides alert when open is false","duration":0.30000007152557373,"failureMessages":[],"meta":{}},{"ancestorTitles":["wc-alert","Property: open"],"fullName":"wc-alert Property: open reflects open attribute","status":"passed","title":"reflects open attribute","duration":0.2999999523162842,"failureMessages":[],"meta":{}},{"ancestorTitles":["wc-alert","Events"],"fullName":"wc-alert Events dispatches wc-close when close button is clicked","status":"passed","title":"dispatches wc-close when close button is clicked","duration":0.3999999761581421,"failureMessages":[],"meta":{}},{"ancestorTitles":["wc-alert","Events"],"fullName":"wc-alert Events wc-close event has detail.reason = \"user\"","status":"passed","title":"wc-close event has detail.reason = \"user\"","duration":0.30000007152557373,"failureMessages":[],"meta":{}},{"ancestorTitles":["wc-alert","Events"],"fullName":"wc-alert Events wc-close bubbles and is composed","status":"passed","title":"wc-close bubbles and is composed","duration":0.19999992847442627,"failureMessages":[],"meta":{}},{"ancestorTitles":["wc-alert","Events"],"fullName":"wc-alert Events dispatches wc-after-close after close","status":"passed","title":"dispatches wc-after-close after close","duration":0.30000007152557373,"failureMessages":[],"meta":{}},{"ancestorTitles":["wc-alert","Close behavior"],"fullName":"wc-alert Close behavior sets open to false when close button is clicked","status":"passed","title":"sets open to false when close button is clicked","duration":0.19999992847442627,"failureMessages":[],"meta":{}},{"ancestorTitles":["wc-alert","Close behavior"],"fullName":"wc-alert Close behavior removes open attribute when closed","status":"passed","title":"removes open attribute when closed","duration":0.20000004768371582,"failureMessages":[],"meta":{}},{"ancestorTitles":["wc-alert","Slots"],"fullName":"wc-alert Slots default slot renders message content","status":"passed","title":"default slot renders message content","duration":0.19999992847442627,"failureMessages":[],"meta":{}},{"ancestorTitles":["wc-alert","Slots"],"fullName":"wc-alert Slots icon slot renders custom icon","status":"passed","title":"icon slot renders custom icon","duration":0.20000004768371582,"failureMessages":[],"meta":{}},{"ancestorTitles":["wc-alert","Slots"],"fullName":"wc-alert Slots actions slot renders action content","status":"passed","title":"actions slot renders action content","duration":2.600000023841858,"failureMessages":[],"meta":{}},{"ancestorTitles":["wc-alert","CSS Parts"],"fullName":"wc-alert CSS Parts exposes \"alert\" part","status":"passed","title":"exposes \"alert\" part","duration":0.5,"failureMessages":[],"meta":{}},{"ancestorTitles":["wc-alert","CSS Parts"],"fullName":"wc-alert CSS Parts exposes \"icon\" part","status":"passed","title":"exposes \"icon\" part","duration":0.3999999761581421,"failureMessages":[],"meta":{}},{"ancestorTitles":["wc-alert","CSS Parts"],"fullName":"wc-alert CSS Parts exposes \"message\" part","status":"passed","title":"exposes \"message\" part","duration":0.5,"failureMessages":[],"meta":{}},{"ancestorTitles":["wc-alert","CSS Parts"],"fullName":"wc-alert CSS Parts exposes \"close-button\" part when closable","status":"passed","title":"exposes \"close-button\" part when closable","duration":0.6000000238418579,"failureMessages":[],"meta":{}},{"ancestorTitles":["wc-alert","CSS Parts"],"fullName":"wc-alert CSS Parts exposes \"actions\" part","status":"passed","title":"exposes \"actions\" part","duration":0.5999999046325684,"failureMessages":[],"meta":{}},{"ancestorTitles":["wc-alert","Accessibility"],"fullName":"wc-alert Accessibility uses role=\"status\" for info variant","status":"passed","title":"uses role=\"status\" for info variant","duration":0.5,"failureMessages":[],"meta":{}},{"ancestorTitles":["wc-alert","Accessibility"],"fullName":"wc-alert Accessibility uses role=\"status\" for success variant","status":"passed","title":"uses role=\"status\" for success variant","duration":0.5,"failureMessages":[],"meta":{}},{"ancestorTitles":["wc-alert","Accessibility"],"fullName":"wc-alert Accessibility uses role=\"alert\" for warning variant","status":"passed","title":"uses role=\"alert\" for warning variant","duration":0.6000000238418579,"failureMessages":[],"meta":{}},{"ancestorTitles":["wc-alert","Accessibility"],"fullName":"wc-alert Accessibility uses role=\"alert\" for error variant","status":"passed","title":"uses role=\"alert\" for error variant","duration":0.6000000238418579,"failureMessages":[],"meta":{}},{"ancestorTitles":["wc-alert","Accessibility"],"fullName":"wc-alert Accessibility uses aria-live=\"polite\" for info/success variants","status":"passed","title":"uses aria-live=\"polite\" for info/success variants","duration":0.3999999761581421,"failureMessages":[],"meta":{}},{"ancestorTitles":["wc-alert","Accessibility"],"fullName":"wc-alert Accessibility uses aria-live=\"assertive\" for warning/error variants","status":"passed","title":"uses aria-live=\"assertive\" for warning/error variants","duration":0.2999999523162842,"failureMessages":[],"meta":{}},{"ancestorTitles":["wc-alert","Close button accessibility"],"fullName":"wc-alert Close button accessibility close button has aria-label=\"Close\"","status":"passed","title":"close button has aria-label=\"Close\"","duration":0.3999999761581421,"failureMessages":[],"meta":{}},{"ancestorTitles":["wc-alert","Close button accessibility"],"fullName":"wc-alert Close button accessibility close button is a <button> element","status":"passed","title":"close button is a <button> element","duration":1.100000023841858,"failureMessages":[],"meta":{}},{"ancestorTitles":["wc-alert","Default icons"],"fullName":"wc-alert Default icons renders a default SVG icon per variant","status":"passed","title":"renders a default SVG icon per variant","duration":0.7999999523162842,"failureMessages":[],"meta":{}},{"ancestorTitles":["wc-alert","Accessibility (axe-core)"],"fullName":"wc-alert Accessibility (axe-core) has no axe violations in default state","status":"passed","title":"has no axe violations in default state","duration":1257.3999999761581,"failureMessages":[],"meta":{}},{"ancestorTitles":["wc-alert","Accessibility (axe-core)"],"fullName":"wc-alert Accessibility (axe-core) has no axe violations for all variants","status":"passed","title":"has no axe violations for all variants","duration":746.6000000238419,"failureMessages":[],"meta":{}},{"ancestorTitles":["wc-alert","Accessibility (axe-core)"],"fullName":"wc-alert Accessibility (axe-core) has no axe violations when closable","status":"passed","title":"has no axe violations when closable","duration":123.79999995231628,"failureMessages":[],"meta":{}}],"startTime":1771130544741,"endTime":1771130546900.8,"status":"passed","message":"","name":"/Volumes/Development/wc-2026/packages/wc-library/src/components/wc-alert/wc-alert.test.ts"},{"assertionResults":[{"ancestorTitles":["wc-badge","Rendering"],"fullName":"wc-badge Rendering renders with shadow DOM","status":"passed","title":"renders with shadow DOM","duration":12.899999976158142,"failureMessages":[],"meta":{}},{"ancestorTitles":["wc-badge","Rendering"],"fullName":"wc-badge Rendering exposes \"badge\" CSS part","status":"passed","title":"exposes \"badge\" CSS part","duration":1,"failureMessages":[],"meta":{}},{"ancestorTitles":["wc-badge","Rendering"],"fullName":"wc-badge Rendering applies default variant=primary class","status":"passed","title":"applies default variant=primary class","duration":0.7999999523162842,"failureMessages":[],"meta":{}},{"ancestorTitles":["wc-badge","Rendering"],"fullName":"wc-badge Rendering applies default size=md class","status":"passed","title":"applies default size=md class","duration":0.5,"failureMessages":[],"meta":{}},{"ancestorTitles":["wc-badge","Rendering"],"fullName":"wc-badge Rendering renders a <span> element as the badge","status":"passed","title":"renders a <span> element as the badge","duration":0.5,"failureMessages":[],"meta":{}},{"ancestorTitles":["wc-badge","Property: variant"],"fullName":"wc-badge Property: variant reflects variant attr to host","status":"passed","title":"reflects variant attr to host","duration":0.5999999046325684,"failureMessages":[],"meta":{}},{"ancestorTitles":["wc-badge","Property: variant"],"fullName":"wc-badge Property: variant applies primary class","status":"passed","title":"applies primary class","duration":0.30000007152557373,"failureMessages":[],"meta":{}},{"ancestorTitles":["wc-badge","Property: variant"],"fullName":"wc-badge Property: variant applies success class","status":"passed","title":"applies success class","duration":0.19999992847442627,"failureMessages":[],"meta":{}},{"ancestorTitles":["wc-badge","Property: variant"],"fullName":"wc-badge Property: variant applies warning class","status":"passed","title":"applies warning class","duration":0.40000009536743164,"failureMessages":[],"meta":{}},{"ancestorTitles":["wc-badge","Property: variant"],"fullName":"wc-badge Property: variant applies error class","status":"passed","title":"applies error class","duration":0.2999999523162842,"failureMessages":[],"meta":{}},{"ancestorTitles":["wc-badge","Property: variant"],"fullName":"wc-badge Property: variant applies neutral class","status":"passed","title":"applies neutral class","duration":0.2999999523162842,"failureMessages":[],"meta":{}},{"ancestorTitles":["wc-badge","Property: size"],"fullName":"wc-badge Property: size applies sm class","status":"passed","title":"applies sm class","duration":1.3000000715255737,"failureMessages":[],"meta":{}},{"ancestorTitles":["wc-badge","Property: size"],"fullName":"wc-badge Property: size applies md class","status":"passed","title":"applies md class","duration":0.2999999523162842,"failureMessages":[],"meta":{}},{"ancestorTitles":["wc-badge","Property: size"],"fullName":"wc-badge Property: size applies lg class","status":"passed","title":"applies lg class","duration":1.3000000715255737,"failureMessages":[],"meta":{}},{"ancestorTitles":["wc-badge","Property: pill"],"fullName":"wc-badge Property: pill applies pill class when pill is set","status":"passed","title":"applies pill class when pill is set","duration":0.9000000953674316,"failureMessages":[],"meta":{}},{"ancestorTitles":["wc-badge","Property: pill"],"fullName":"wc-badge Property: pill does not apply pill class by default","status":"passed","title":"does not apply pill class by default","duration":1,"failureMessages":[],"meta":{}},{"ancestorTitles":["wc-badge","Property: pill"],"fullName":"wc-badge Property: pill reflects pill attr to host","status":"passed","title":"reflects pill attr to host","duration":0.6999999284744263,"failureMessages":[],"meta":{}},{"ancestorTitles":["wc-badge","Property: pulse"],"fullName":"wc-badge Property: pulse applies pulse class when pulse is set","status":"passed","title":"applies pulse class when pulse is set","duration":0.8999999761581421,"failureMessages":[],"meta":{}},{"ancestorTitles":["wc-badge","Property: pulse"],"fullName":"wc-badge Property: pulse does not apply pulse class by default","status":"passed","title":"does not apply pulse class by default","duration":0.5,"failureMessages":[],"meta":{}},{"ancestorTitles":["wc-badge","Property: pulse"],"fullName":"wc-badge Property: pulse reflects pulse attr to host","status":"passed","title":"reflects pulse attr to host","duration":0.5,"failureMessages":[],"meta":{}},{"ancestorTitles":["wc-badge","Dot Indicator"],"fullName":"wc-badge Dot Indicator renders as dot when slot is empty and pulse is true","status":"passed","title":"renders as dot when slot is empty and pulse is true","duration":51.700000047683716,"failureMessages":[],"meta":{}},{"ancestorTitles":["wc-badge","Dot Indicator"],"fullName":"wc-badge Dot Indicator does not render as dot when slot has content","status":"passed","title":"does not render as dot when slot has content","duration":51.89999997615814,"failureMessages":[],"meta":{}},{"ancestorTitles":["wc-badge","Dot Indicator"],"fullName":"wc-badge Dot Indicator does not render as dot when pulse is false and slot is empty","status":"passed","title":"does not render as dot when pulse is false and slot is empty","duration":52.60000002384186,"failureMessages":[],"meta":{}},{"ancestorTitles":["wc-badge","Slots"],"fullName":"wc-badge Slots default slot renders text","status":"passed","title":"default slot renders text","duration":1,"failureMessages":[],"meta":{}},{"ancestorTitles":["wc-badge","Slots"],"fullName":"wc-badge Slots default slot renders HTML","status":"passed","title":"default slot renders HTML","duration":0.6999999284744263,"failureMessages":[],"meta":{}},{"ancestorTitles":["wc-badge","CSS Parts"],"fullName":"wc-badge CSS Parts badge part is accessible for external styling","status":"passed","title":"badge part is accessible for external styling","duration":0.5,"failureMessages":[],"meta":{}},{"ancestorTitles":["wc-badge","Accessibility"],"fullName":"wc-badge Accessibility renders as inline element (no interactive role needed)","status":"passed","title":"renders as inline element (no interactive role needed)","duration":0.40000009536743164,"failureMessages":[],"meta":{}},{"ancestorTitles":["wc-badge","Accessibility"],"fullName":"wc-badge Accessibility does not have interactive ARIA role","status":"passed","title":"does not have interactive ARIA role","duration":0.19999992847442627,"failureMessages":[],"meta":{}},{"ancestorTitles":["wc-badge","Dynamic Updates"],"fullName":"wc-badge Dynamic Updates updates variant class when property changes","status":"passed","title":"updates variant class when property changes","duration":0.20000004768371582,"failureMessages":[],"meta":{}},{"ancestorTitles":["wc-badge","Dynamic Updates"],"fullName":"wc-badge Dynamic Updates updates size class when property changes","status":"passed","title":"updates size class when property changes","duration":0.30000007152557373,"failureMessages":[],"meta":{}},{"ancestorTitles":["wc-badge","Accessibility (axe-core)"],"fullName":"wc-badge Accessibility (axe-core) has no axe violations in default state","status":"passed","title":"has no axe violations in default state","duration":1184.6000000238419,"failureMessages":[],"meta":{}},{"ancestorTitles":["wc-badge","Accessibility (axe-core)"],"fullName":"wc-badge Accessibility (axe-core) has no axe violations for all variants","status":"passed","title":"has no axe violations for all variants","duration":828.6999999284744,"failureMessages":[],"meta":{}}],"startTime":1771130544722,"endTime":1771130546921.7,"status":"passed","message":"","name":"/Volumes/Development/wc-2026/packages/wc-library/src/components/wc-badge/wc-badge.test.ts"},{"assertionResults":[{"ancestorTitles":["wc-card","Rendering"],"fullName":"wc-card Rendering renders with shadow DOM","status":"passed","title":"renders with shadow DOM","duration":13.600000023841858,"failureMessages":[],"meta":{}},{"ancestorTitles":["wc-card","Rendering"],"fullName":"wc-card Rendering exposes \"card\" CSS part","status":"passed","title":"exposes \"card\" CSS part","duration":0.7999999523162842,"failureMessages":[],"meta":{}},{"ancestorTitles":["wc-card","Rendering"],"fullName":"wc-card Rendering applies default variant + elevation classes","status":"passed","title":"applies default variant + elevation classes","duration":0.6000000238418579,"failureMessages":[],"meta":{}},{"ancestorTitles":["wc-card","Rendering"],"fullName":"wc-card Rendering renders container div","status":"passed","title":"renders container div","duration":0.5,"failureMessages":[],"meta":{}},{"ancestorTitles":["wc-card","Property: variant"],"fullName":"wc-card Property: variant applies default class","status":"passed","title":"applies default class","duration":0.2999999523162842,"failureMessages":[],"meta":{}},{"ancestorTitles":["wc-card","Property: variant"],"fullName":"wc-card Property: variant applies featured class","status":"passed","title":"applies featured class","duration":0.5,"failureMessages":[],"meta":{}},{"ancestorTitles":["wc-card","Property: variant"],"fullName":"wc-card Property: variant applies compact class","status":"passed","title":"applies compact class","duration":0.30000007152557373,"failureMessages":[],"meta":{}},{"ancestorTitles":["wc-card","Property: elevation"],"fullName":"wc-card Property: elevation flat applies no shadow class","status":"passed","title":"flat applies no shadow class","duration":0.30000007152557373,"failureMessages":[],"meta":{}},{"ancestorTitles":["wc-card","Property: elevation"],"fullName":"wc-card Property: elevation raised applies medium shadow class","status":"passed","title":"raised applies medium shadow class","duration":0.2999999523162842,"failureMessages":[],"meta":{}},{"ancestorTitles":["wc-card","Property: elevation"],"fullName":"wc-card Property: elevation floating applies large shadow class","status":"passed","title":"floating applies large shadow class","duration":0.5,"failureMessages":[],"meta":{}},{"ancestorTitles":["wc-card","Property: wc-href"],"fullName":"wc-card Property: wc-href has no role when no wc-href","status":"passed","title":"has no role when no wc-href","duration":0.20000004768371582,"failureMessages":[],"meta":{}},{"ancestorTitles":["wc-card","Property: wc-href"],"fullName":"wc-card Property: wc-href has role=\"link\" when wc-href set","status":"passed","title":"has role=\"link\" when wc-href set","duration":0.2999999523162842,"failureMessages":[],"meta":{}},{"ancestorTitles":["wc-card","Property: wc-href"],"fullName":"wc-card Property: wc-href has tabindex=\"0\" when wc-href set","status":"passed","title":"has tabindex=\"0\" when wc-href set","duration":0.20000004768371582,"failureMessages":[],"meta":{}},{"ancestorTitles":["wc-card","Property: wc-href"],"fullName":"wc-card Property: wc-href has aria-label=\"Navigate to {wc-href}\" when wc-href set","status":"passed","title":"has aria-label=\"Navigate to {wc-href}\" when wc-href set","duration":0.2999999523162842,"failureMessages":[],"meta":{}},{"ancestorTitles":["wc-card","Interactivity"],"fullName":"wc-card Interactivity applies card--interactive class when wc-href","status":"passed","title":"applies card--interactive class when wc-href","duration":0.20000004768371582,"failureMessages":[],"meta":{}},{"ancestorTitles":["wc-card","Interactivity"],"fullName":"wc-card Interactivity does not apply card--interactive without wc-href","status":"passed","title":"does not apply card--interactive without wc-href","duration":0.2999999523162842,"failureMessages":[],"meta":{}},{"ancestorTitles":["wc-card","Interactivity"],"fullName":"wc-card Interactivity has cursor:pointer when interactive","status":"passed","title":"has cursor:pointer when interactive","duration":0.20000004768371582,"failureMessages":[],"meta":{}},{"ancestorTitles":["wc-card","Events"],"fullName":"wc-card Events dispatches wc-card-click when wc-href + click","status":"passed","title":"dispatches wc-card-click when wc-href + click","duration":0.5,"failureMessages":[],"meta":{}},{"ancestorTitles":["wc-card","Events"],"fullName":"wc-card Events wc-card-click detail contains url and originalEvent","status":"passed","title":"wc-card-click detail contains url and originalEvent","duration":0.2999999523162842,"failureMessages":[],"meta":{}},{"ancestorTitles":["wc-card","Events"],"fullName":"wc-card Events does NOT dispatch event without wc-href","status":"passed","title":"does NOT dispatch event without wc-href","duration":51.89999997615814,"failureMessages":[],"meta":{}},{"ancestorTitles":["wc-card","Keyboard"],"fullName":"wc-card Keyboard Enter fires wc-card-click when interactive","status":"passed","title":"Enter fires wc-card-click when interactive","duration":1.100000023841858,"failureMessages":[],"meta":{}},{"ancestorTitles":["wc-card","Keyboard"],"fullName":"wc-card Keyboard Space fires wc-card-click when interactive","status":"passed","title":"Space fires wc-card-click when interactive","duration":0.3999999761581421,"failureMessages":[],"meta":{}},{"ancestorTitles":["wc-card","Keyboard"],"fullName":"wc-card Keyboard no keyboard action without wc-href","status":"passed","title":"no keyboard action without wc-href","duration":51.89999997615814,"failureMessages":[],"meta":{}},{"ancestorTitles":["wc-card","Slot: default"],"fullName":"wc-card Slot: default body content renders in card__body","status":"passed","title":"body content renders in card__body","duration":0.8999999761581421,"failureMessages":[],"meta":{}},{"ancestorTitles":["wc-card","Slot: heading"],"fullName":"wc-card Slot: heading heading content renders","status":"passed","title":"heading content renders","duration":2.200000047683716,"failureMessages":[],"meta":{}},{"ancestorTitles":["wc-card","Slot: heading"],"fullName":"wc-card Slot: heading heading section hidden when empty","status":"passed","title":"heading section hidden when empty","duration":0.7999999523162842,"failureMessages":[],"meta":{}},{"ancestorTitles":["wc-card","Slot: image"],"fullName":"wc-card Slot: image image content renders","status":"passed","title":"image content renders","duration":1.2000000476837158,"failureMessages":[],"meta":{}},{"ancestorTitles":["wc-card","Slot: image"],"fullName":"wc-card Slot: image image section hidden when empty","status":"passed","title":"image section hidden when empty","duration":0.2999999523162842,"failureMessages":[],"meta":{}},{"ancestorTitles":["wc-card","Slot: footer"],"fullName":"wc-card Slot: footer footer content renders","status":"passed","title":"footer content renders","duration":0.6999999284744263,"failureMessages":[],"meta":{}},{"ancestorTitles":["wc-card","Slot: footer"],"fullName":"wc-card Slot: footer footer section hidden when empty","status":"passed","title":"footer section hidden when empty","duration":0.30000007152557373,"failureMessages":[],"meta":{}},{"ancestorTitles":["wc-card","Slot: actions"],"fullName":"wc-card Slot: actions actions content renders","status":"passed","title":"actions content renders","duration":3.100000023841858,"failureMessages":[],"meta":{}},{"ancestorTitles":["wc-card","Slot: actions"],"fullName":"wc-card Slot: actions actions section hidden when empty","status":"passed","title":"actions section hidden when empty","duration":0.5999999046325684,"failureMessages":[],"meta":{}},{"ancestorTitles":["wc-card","CSS Parts"],"fullName":"wc-card CSS Parts heading part exposed","status":"passed","title":"heading part exposed","duration":0.40000009536743164,"failureMessages":[],"meta":{}},{"ancestorTitles":["wc-card","CSS Parts"],"fullName":"wc-card CSS Parts body part exposed","status":"passed","title":"body part exposed","duration":0.2999999523162842,"failureMessages":[],"meta":{}},{"ancestorTitles":["wc-card","CSS Parts"],"fullName":"wc-card CSS Parts footer part exposed","status":"passed","title":"footer part exposed","duration":0.19999992847442627,"failureMessages":[],"meta":{}},{"ancestorTitles":["wc-card","Accessibility (axe-core)"],"fullName":"wc-card Accessibility (axe-core) has no axe violations in default state","status":"passed","title":"has no axe violations in default state","duration":1201.2000000476837,"failureMessages":[],"meta":{}},{"ancestorTitles":["wc-card","Accessibility (axe-core)"],"fullName":"wc-card Accessibility (axe-core) has no axe violations when interactive","status":"passed","title":"has no axe violations when interactive","duration":315.2999999523163,"failureMessages":[],"meta":{}},{"ancestorTitles":["wc-card","Accessibility (axe-core)"],"fullName":"wc-card Accessibility (axe-core) has no axe violations for all variants","status":"passed","title":"has no axe violations for all variants","duration":469,"failureMessages":[],"meta":{}}],"startTime":1771130544739,"endTime":1771130546862,"status":"passed","message":"","name":"/Volumes/Development/wc-2026/packages/wc-library/src/components/wc-card/wc-card.test.ts"},{"assertionResults":[{"ancestorTitles":["wc-button","Rendering"],"fullName":"wc-button Rendering renders with shadow DOM","status":"passed","title":"renders with shadow DOM","duration":17.100000023841858,"failureMessages":[],"meta":{}},{"ancestorTitles":["wc-button","Rendering"],"fullName":"wc-button Rendering exposes \"button\" CSS part","status":"passed","title":"exposes \"button\" CSS part","duration":1.100000023841858,"failureMessages":[],"meta":{}},{"ancestorTitles":["wc-button","Rendering"],"fullName":"wc-button Rendering applies default variant=primary class","status":"passed","title":"applies default variant=primary class","duration":1.100000023841858,"failureMessages":[],"meta":{}},{"ancestorTitles":["wc-button","Rendering"],"fullName":"wc-button Rendering applies default size=md class","status":"passed","title":"applies default size=md class","duration":0.6000000238418579,"failureMessages":[],"meta":{}},{"ancestorTitles":["wc-button","Rendering"],"fullName":"wc-button Rendering renders native <button> element","status":"passed","title":"renders native <button> element","duration":1.100000023841858,"failureMessages":[],"meta":{}},{"ancestorTitles":["wc-button","Property: variant"],"fullName":"wc-button Property: variant reflects variant attr to host","status":"passed","title":"reflects variant attr to host","duration":0.8999999761581421,"failureMessages":[],"meta":{}},{"ancestorTitles":["wc-button","Property: variant"],"fullName":"wc-button Property: variant applies secondary class","status":"passed","title":"applies secondary class","duration":0.7000000476837158,"failureMessages":[],"meta":{}},{"ancestorTitles":["wc-button","Property: variant"],"fullName":"wc-button Property: variant applies ghost class","status":"passed","title":"applies ghost class","duration":0.7000000476837158,"failureMessages":[],"meta":{}},{"ancestorTitles":["wc-button","Property: size"],"fullName":"wc-button Property: size applies sm class","status":"passed","title":"applies sm class","duration":1.7000000476837158,"failureMessages":[],"meta":{}},{"ancestorTitles":["wc-button","Property: size"],"fullName":"wc-button Property: size applies md class","status":"passed","title":"applies md class","duration":0.6000000238418579,"failureMessages":[],"meta":{}},{"ancestorTitles":["wc-button","Property: size"],"fullName":"wc-button Property: size applies lg class","status":"passed","title":"applies lg class","duration":1.1999999284744263,"failureMessages":[],"meta":{}},{"ancestorTitles":["wc-button","Property: disabled"],"fullName":"wc-button Property: disabled sets native disabled attribute","status":"passed","title":"sets native disabled attribute","duration":0.7000000476837158,"failureMessages":[],"meta":{}},{"ancestorTitles":["wc-button","Property: disabled"],"fullName":"wc-button Property: disabled sets aria-disabled=\"true\"","status":"passed","title":"sets aria-disabled=\"true\"","duration":0.3999999761581421,"failureMessages":[],"meta":{}},{"ancestorTitles":["wc-button","Property: disabled"],"fullName":"wc-button Property: disabled does not set aria-disabled when enabled","status":"passed","title":"does not set aria-disabled when enabled","duration":0.3999999761581421,"failureMessages":[],"meta":{}},{"ancestorTitles":["wc-button","Property: disabled"],"fullName":"wc-button Property: disabled applies host opacity 0.5 via disabled attribute","status":"passed","title":"applies host opacity 0.5 via disabled attribute","duration":0.10000002384185791,"failureMessages":[],"meta":{}},{"ancestorTitles":["wc-button","Property: type"],"fullName":"wc-button Property: type defaults to type=\"button\"","status":"passed","title":"defaults to type=\"button\"","duration":0.09999990463256836,"failureMessages":[],"meta":{}},{"ancestorTitles":["wc-button","Property: type"],"fullName":"wc-button Property: type sets type=\"submit\" on native button","status":"passed","title":"sets type=\"submit\" on native button","duration":0.20000004768371582,"failureMessages":[],"meta":{}},{"ancestorTitles":["wc-button","Property: type"],"fullName":"wc-button Property: type sets type=\"reset\" on native button","status":"passed","title":"sets type=\"reset\" on native button","duration":0.20000004768371582,"failureMessages":[],"meta":{}},{"ancestorTitles":["wc-button","Events"],"fullName":"wc-button Events dispatches wc-click on click","status":"passed","title":"dispatches wc-click on click","duration":0.3999999761581421,"failureMessages":[],"meta":{}},{"ancestorTitles":["wc-button","Events"],"fullName":"wc-button Events wc-click bubbles and is composed","status":"passed","title":"wc-click bubbles and is composed","duration":0.09999990463256836,"failureMessages":[],"meta":{}},{"ancestorTitles":["wc-button","Events"],"fullName":"wc-button Events wc-click detail contains originalEvent","status":"passed","title":"wc-click detail contains originalEvent","duration":0.30000007152557373,"failureMessages":[],"meta":{}},{"ancestorTitles":["wc-button","Events"],"fullName":"wc-button Events does NOT dispatch wc-click when disabled","status":"passed","title":"does NOT dispatch wc-click when disabled","duration":52.10000002384186,"failureMessages":[],"meta":{}},{"ancestorTitles":["wc-button","Keyboard"],"fullName":"wc-button Keyboard Enter activates native button","status":"passed","title":"Enter activates native button","duration":0.8000000715255737,"failureMessages":[],"meta":{}},{"ancestorTitles":["wc-button","Keyboard"],"fullName":"wc-button Keyboard Space activates native button","status":"passed","title":"Space activates native button","duration":0.5,"failureMessages":[],"meta":{}},{"ancestorTitles":["wc-button","Slots"],"fullName":"wc-button Slots default slot renders text","status":"passed","title":"default slot renders text","duration":0.3999999761581421,"failureMessages":[],"meta":{}},{"ancestorTitles":["wc-button","Slots"],"fullName":"wc-button Slots default slot renders HTML","status":"passed","title":"default slot renders HTML","duration":0.2999999523162842,"failureMessages":[],"meta":{}},{"ancestorTitles":["wc-button","Form"],"fullName":"wc-button Form has formAssociated=true","status":"passed","title":"has formAssociated=true","duration":0.10000002384185791,"failureMessages":[],"meta":{}},{"ancestorTitles":["wc-button","Form"],"fullName":"wc-button Form has ElementInternals attached","status":"passed","title":"has ElementInternals attached","duration":0.19999992847442627,"failureMessages":[],"meta":{}},{"ancestorTitles":["wc-button","Form"],"fullName":"wc-button Form calls form.requestSubmit on type=submit click","status":"passed","title":"calls form.requestSubmit on type=submit click","duration":52.300000071525574,"failureMessages":[],"meta":{}},{"ancestorTitles":["wc-button","Form"],"fullName":"wc-button Form calls form.reset on type=reset click","status":"passed","title":"calls form.reset on type=reset click","duration":52.699999928474426,"failureMessages":[],"meta":{}},{"ancestorTitles":["wc-button","Accessibility (axe-core)"],"fullName":"wc-button Accessibility (axe-core) has no axe violations in default state","status":"passed","title":"has no axe violations in default state","duration":1177.3999999761581,"failureMessages":[],"meta":{}},{"ancestorTitles":["wc-button","Accessibility (axe-core)"],"fullName":"wc-button Accessibility (axe-core) has no axe violations when disabled","status":"passed","title":"has no axe violations when disabled","duration":305.2000000476837,"failureMessages":[],"meta":{}},{"ancestorTitles":["wc-button","Accessibility (axe-core)"],"fullName":"wc-button Accessibility (axe-core) has no axe violations for all variants","status":"passed","title":"has no axe violations for all variants","duration":411.2999999523163,"failureMessages":[],"meta":{}}],"startTime":1771130544740,"endTime":1771130546824.3,"status":"passed","message":"","name":"/Volumes/Development/wc-2026/packages/wc-library/src/components/wc-button/wc-button.test.ts"},{"assertionResults":[{"ancestorTitles":["wc-form","Rendering"],"fullName":"wc-form Rendering renders as Light DOM (no shadowRoot)","status":"passed","title":"renders as Light DOM (no shadowRoot)","duration":4.699999928474426,"failureMessages":[],"meta":{}},{"ancestorTitles":["wc-form","Rendering"],"fullName":"wc-form Rendering renders <form> tag when action is set","status":"passed","title":"renders <form> tag when action is set","duration":1.600000023841858,"failureMessages":[],"meta":{}},{"ancestorTitles":["wc-form","Rendering"],"fullName":"wc-form Rendering does not render <form> tag when no action","status":"passed","title":"does not render <form> tag when no action","duration":0.2999999523162842,"failureMessages":[],"meta":{}},{"ancestorTitles":["wc-form","Properties"],"fullName":"wc-form Properties action property sets form action attribute","status":"passed","title":"action property sets form action attribute","duration":0.3999999761581421,"failureMessages":[],"meta":{}},{"ancestorTitles":["wc-form","Properties"],"fullName":"wc-form Properties method property defaults to post","status":"passed","title":"method property defaults to post","duration":0.3999999761581421,"failureMessages":[],"meta":{}},{"ancestorTitles":["wc-form","Properties"],"fullName":"wc-form Properties novalidate property sets novalidate attribute on form","status":"passed","title":"novalidate property sets novalidate attribute on form","duration":0.20000004768371582,"failureMessages":[],"meta":{}},{"ancestorTitles":["wc-form","Properties"],"fullName":"wc-form Properties name property sets name attribute on form","status":"passed","title":"name property sets name attribute on form","duration":0.30000007152557373,"failureMessages":[],"meta":{}},{"ancestorTitles":["wc-form","Events"],"fullName":"wc-form Events dispatches wc-submit on valid client-side submit","status":"passed","title":"dispatches wc-submit on valid client-side submit","duration":5.699999928474426,"failureMessages":[],"meta":{}},{"ancestorTitles":["wc-form","Events"],"fullName":"wc-form Events dispatches wc-invalid when validation fails on submit","status":"passed","title":"dispatches wc-invalid when validation fails on submit","duration":1.9000000953674316,"failureMessages":[],"meta":{}},{"ancestorTitles":["wc-form","Events"],"fullName":"wc-form Events dispatches wc-reset when form is reset","status":"passed","title":"dispatches wc-reset when form is reset","duration":0.6999999284744263,"failureMessages":[],"meta":{}},{"ancestorTitles":["wc-form","Form Discovery"],"fullName":"wc-form Form Discovery getFormElements() returns wc-* form components","status":"passed","title":"getFormElements() returns wc-* form components","duration":0.30000007152557373,"failureMessages":[],"meta":{}},{"ancestorTitles":["wc-form","Form Discovery"],"fullName":"wc-form Form Discovery getNativeFormElements() returns native form elements","status":"passed","title":"getNativeFormElements() returns native form elements","duration":2.399999976158142,"failureMessages":[],"meta":{}},{"ancestorTitles":["wc-form","Form Discovery"],"fullName":"wc-form Form Discovery getFormData() returns FormData from child inputs","status":"passed","title":"getFormData() returns FormData from child inputs","duration":0.3999999761581421,"failureMessages":[],"meta":{}},{"ancestorTitles":["wc-form","Validation"],"fullName":"wc-form Validation checkValidity() returns false when required field is empty","status":"passed","title":"checkValidity() returns false when required field is empty","duration":0.20000004768371582,"failureMessages":[],"meta":{}},{"ancestorTitles":["wc-form","Validation"],"fullName":"wc-form Validation checkValidity() returns true when all fields are valid","status":"passed","title":"checkValidity() returns true when all fields are valid","duration":0.2999999523162842,"failureMessages":[],"meta":{}},{"ancestorTitles":["wc-form","Validation"],"fullName":"wc-form Validation reportValidity() triggers validation UI and returns false for invalid","status":"passed","title":"reportValidity() triggers validation UI and returns false for invalid","duration":2.299999952316284,"failureMessages":[],"meta":{}},{"ancestorTitles":["wc-form","Scoped Styles"],"fullName":"wc-form Scoped Styles adopted stylesheet is injected into document","status":"passed","title":"adopted stylesheet is injected into document","duration":0.3999999761581421,"failureMessages":[],"meta":{}},{"ancestorTitles":["wc-form","Scoped Styles"],"fullName":"wc-form Scoped Styles styles are scoped to wc-form selector","status":"passed","title":"styles are scoped to wc-form selector","duration":1.600000023841858,"failureMessages":[],"meta":{}},{"ancestorTitles":["wc-form","Scoped Styles"],"fullName":"wc-form Scoped Styles stylesheet is removed on disconnect","status":"passed","title":"stylesheet is removed on disconnect","duration":0.3999999761581421,"failureMessages":[],"meta":{}},{"ancestorTitles":["wc-form","Accessibility (axe-core)"],"fullName":"wc-form Accessibility (axe-core) has no axe violations in default state","status":"passed","title":"has no axe violations in default state","duration":347.2000000476837,"failureMessages":[],"meta":{}},{"ancestorTitles":["wc-form","Accessibility (axe-core)"],"fullName":"wc-form Accessibility (axe-core) has no axe violations with required fields","status":"passed","title":"has no axe violations with required fields","duration":19.600000023841858,"failureMessages":[],"meta":{}},{"ancestorTitles":["wc-form","Accessibility (axe-core)"],"fullName":"wc-form Accessibility (axe-core) has no axe violations with error states","status":"passed","title":"has no axe violations with error states","duration":20.199999928474426,"failureMessages":[],"meta":{}}],"startTime":1771130544706,"endTime":1771130545118.2,"status":"passed","message":"","name":"/Volumes/Development/wc-2026/packages/wc-library/src/components/wc-form/wc-form.test.ts"},{"assertionResults":[{"ancestorTitles":["wc-container","Rendering"],"fullName":"wc-container Rendering renders with shadow DOM","status":"passed","title":"renders with shadow DOM","duration":7.799999952316284,"failureMessages":[],"meta":{}},{"ancestorTitles":["wc-container","Rendering"],"fullName":"wc-container Rendering exposes \"inner\" CSS part","status":"passed","title":"exposes \"inner\" CSS part","duration":0.6000000238418579,"failureMessages":[],"meta":{}},{"ancestorTitles":["wc-container","Rendering"],"fullName":"wc-container Rendering renders .container__inner div","status":"passed","title":"renders .container__inner div","duration":0.6000000238418579,"failureMessages":[],"meta":{}},{"ancestorTitles":["wc-container","Property: width"],"fullName":"wc-container Property: width defaults to \"content\" width class","status":"passed","title":"defaults to \"content\" width class","duration":0.2999999523162842,"failureMessages":[],"meta":{}},{"ancestorTitles":["wc-container","Property: width"],"fullName":"wc-container Property: width width=\"full\" applies full class","status":"passed","title":"width=\"full\" applies full class","duration":0.2999999523162842,"failureMessages":[],"meta":{}},{"ancestorTitles":["wc-container","Property: width"],"fullName":"wc-container Property: width width=\"narrow\" applies narrow class","status":"passed","title":"width=\"narrow\" applies narrow class","duration":0.10000002384185791,"failureMessages":[],"meta":{}},{"ancestorTitles":["wc-container","Property: width"],"fullName":"wc-container Property: width width=\"sm\" applies sm class","status":"passed","title":"width=\"sm\" applies sm class","duration":0.20000004768371582,"failureMessages":[],"meta":{}},{"ancestorTitles":["wc-container","Property: width"],"fullName":"wc-container Property: width width=\"md\" applies md class","status":"passed","title":"width=\"md\" applies md class","duration":0.2999999523162842,"failureMessages":[],"meta":{}},{"ancestorTitles":["wc-container","Property: width"],"fullName":"wc-container Property: width width=\"lg\" applies lg class","status":"passed","title":"width=\"lg\" applies lg class","duration":0.7000000476837158,"failureMessages":[],"meta":{}},{"ancestorTitles":["wc-container","Property: width"],"fullName":"wc-container Property: width width=\"xl\" applies xl class","status":"passed","title":"width=\"xl\" applies xl class","duration":0.6000000238418579,"failureMessages":[],"meta":{}},{"ancestorTitles":["wc-container","Property: padding"],"fullName":"wc-container Property: padding defaults to \"none\" padding attribute","status":"passed","title":"defaults to \"none\" padding attribute","duration":0.30000007152557373,"failureMessages":[],"meta":{}},{"ancestorTitles":["wc-container","Property: padding"],"fullName":"wc-container Property: padding padding=\"sm\" reflected as attribute","status":"passed","title":"padding=\"sm\" reflected as attribute","duration":0.5,"failureMessages":[],"meta":{}},{"ancestorTitles":["wc-container","Property: padding"],"fullName":"wc-container Property: padding padding=\"md\" reflected as attribute","status":"passed","title":"padding=\"md\" reflected as attribute","duration":0.5,"failureMessages":[],"meta":{}},{"ancestorTitles":["wc-container","Property: padding"],"fullName":"wc-container Property: padding padding=\"lg\" reflected as attribute","status":"passed","title":"padding=\"lg\" reflected as attribute","duration":0.3999999761581421,"failureMessages":[],"meta":{}},{"ancestorTitles":["wc-container","Property: padding"],"fullName":"wc-container Property: padding padding=\"xl\" reflected as attribute","status":"passed","title":"padding=\"xl\" reflected as attribute","duration":0.6000000238418579,"failureMessages":[],"meta":{}},{"ancestorTitles":["wc-container","Property: padding"],"fullName":"wc-container Property: padding padding=\"2xl\" reflected as attribute","status":"passed","title":"padding=\"2xl\" reflected as attribute","duration":0.5,"failureMessages":[],"meta":{}},{"ancestorTitles":["wc-container","Attribute Reflection"],"fullName":"wc-container Attribute Reflection width attribute reflects to property","status":"passed","title":"width attribute reflects to property","duration":0.5,"failureMessages":[],"meta":{}},{"ancestorTitles":["wc-container","Attribute Reflection"],"fullName":"wc-container Attribute Reflection padding attribute reflects to property","status":"passed","title":"padding attribute reflects to property","duration":0.30000007152557373,"failureMessages":[],"meta":{}},{"ancestorTitles":["wc-container","Slot: default"],"fullName":"wc-container Slot: default slotted content renders","status":"passed","title":"slotted content renders","duration":0.7999999523162842,"failureMessages":[],"meta":{}},{"ancestorTitles":["wc-container","Slot: default"],"fullName":"wc-container Slot: default multiple children render","status":"passed","title":"multiple children render","duration":0.8000000715255737,"failureMessages":[],"meta":{}},{"ancestorTitles":["wc-container","CSS Parts"],"fullName":"wc-container CSS Parts inner part is exposed on .container__inner","status":"passed","title":"inner part is exposed on .container__inner","duration":1.100000023841858,"failureMessages":[],"meta":{}},{"ancestorTitles":["wc-container","CSS Custom Properties"],"fullName":"wc-container CSS Custom Properties --wc-container-bg applies background color to :host","status":"passed","title":"--wc-container-bg applies background color to :host","duration":0.6000000238418579,"failureMessages":[],"meta":{}},{"ancestorTitles":["wc-container","CSS Custom Properties"],"fullName":"wc-container CSS Custom Properties --wc-container-gutter applies horizontal padding on inner","status":"passed","title":"--wc-container-gutter applies horizontal padding on inner","duration":0.8999999761581421,"failureMessages":[],"meta":{}},{"ancestorTitles":["wc-container","CSS Custom Properties"],"fullName":"wc-container CSS Custom Properties --wc-container-max-width overrides max-width on inner","status":"passed","title":"--wc-container-max-width overrides max-width on inner","duration":1.2000000476837158,"failureMessages":[],"meta":{}},{"ancestorTitles":["wc-container","Layout Behavior"],"fullName":"wc-container Layout Behavior :host has display: block","status":"passed","title":":host has display: block","duration":0.19999992847442627,"failureMessages":[],"meta":{}},{"ancestorTitles":["wc-container","Layout Behavior"],"fullName":"wc-container Layout Behavior .container__inner has auto horizontal margins for centering","status":"passed","title":".container__inner has auto horizontal margins for centering","duration":0.5,"failureMessages":[],"meta":{}},{"ancestorTitles":["wc-container","Layout Behavior"],"fullName":"wc-container Layout Behavior width=\"full\" inner has no max-width constraint","status":"passed","title":"width=\"full\" inner has no max-width constraint","duration":0.5,"failureMessages":[],"meta":{}},{"ancestorTitles":["wc-container","Accessibility"],"fullName":"wc-container Accessibility has no axe violations in default state","status":"passed","title":"has no axe violations in default state","duration":487.2000000476837,"failureMessages":[],"meta":{}},{"ancestorTitles":["wc-container","Accessibility"],"fullName":"wc-container Accessibility has no axe violations with rich content","status":"passed","title":"has no axe violations with rich content","duration":283,"failureMessages":[],"meta":{}},{"ancestorTitles":["wc-container","Accessibility"],"fullName":"wc-container Accessibility does not add any ARIA roles (structural element)","status":"passed","title":"does not add any ARIA roles (structural element)","duration":163.70000004768372,"failureMessages":[],"meta":{}}],"startTime":1771130545683,"endTime":1771130546639.7,"status":"passed","message":"","name":"/Volumes/Development/wc-2026/packages/wc-library/src/components/wc-container/wc-container.test.ts"},{"assertionResults":[{"ancestorTitles":["wc-checkbox","Rendering"],"fullName":"wc-checkbox Rendering renders with shadow DOM","status":"passed","title":"renders with shadow DOM","duration":8,"failureMessages":[],"meta":{}},{"ancestorTitles":["wc-checkbox","Rendering"],"fullName":"wc-checkbox Rendering renders hidden native <input type=\"checkbox\">","status":"passed","title":"renders hidden native <input type=\"checkbox\">","duration":1.2999999523162842,"failureMessages":[],"meta":{}},{"ancestorTitles":["wc-checkbox","Rendering"],"fullName":"wc-checkbox Rendering renders visual checkbox box","status":"passed","title":"renders visual checkbox box","duration":0.6000000238418579,"failureMessages":[],"meta":{}},{"ancestorTitles":["wc-checkbox","Rendering"],"fullName":"wc-checkbox Rendering exposes \"checkbox\" CSS part","status":"passed","title":"exposes \"checkbox\" CSS part","duration":0.7000000476837158,"failureMessages":[],"meta":{}},{"ancestorTitles":["wc-checkbox","Property: checked"],"fullName":"wc-checkbox Property: checked defaults to unchecked","status":"passed","title":"defaults to unchecked","duration":0.7000000476837158,"failureMessages":[],"meta":{}},{"ancestorTitles":["wc-checkbox","Property: checked"],"fullName":"wc-checkbox Property: checked reflects checked attribute to host","status":"passed","title":"reflects checked attribute to host","duration":1,"failureMessages":[],"meta":{}},{"ancestorTitles":["wc-checkbox","Property: checked"],"fullName":"wc-checkbox Property: checked applies checked class to container","status":"passed","title":"applies checked class to container","duration":0.3999999761581421,"failureMessages":[],"meta":{}},{"ancestorTitles":["wc-checkbox","Property: indeterminate"],"fullName":"wc-checkbox Property: indeterminate applies indeterminate class when set","status":"passed","title":"applies indeterminate class when set","duration":0.6000000238418579,"failureMessages":[],"meta":{}},{"ancestorTitles":["wc-checkbox","Property: indeterminate"],"fullName":"wc-checkbox Property: indeterminate clears indeterminate on toggle","status":"passed","title":"clears indeterminate on toggle","duration":1.399999976158142,"failureMessages":[],"meta":{}},{"ancestorTitles":["wc-checkbox","Property: label"],"fullName":"wc-checkbox Property: label renders label text","status":"passed","title":"renders label text","duration":8.200000047683716,"failureMessages":[],"meta":{}},{"ancestorTitles":["wc-checkbox","Property: label"],"fullName":"wc-checkbox Property: label shows asterisk when required","status":"passed","title":"shows asterisk when required","duration":1.5,"failureMessages":[],"meta":{}},{"ancestorTitles":["wc-checkbox","Property: label"],"fullName":"wc-checkbox Property: label exposes \"label\" CSS part","status":"passed","title":"exposes \"label\" CSS part","duration":0.5,"failureMessages":[],"meta":{}},{"ancestorTitles":["wc-checkbox","Property: error"],"fullName":"wc-checkbox Property: error renders error message in role=\"alert\" div","status":"passed","title":"renders error message in role=\"alert\" div","duration":1.0999999046325684,"failureMessages":[],"meta":{}},{"ancestorTitles":["wc-checkbox","Property: error"],"fullName":"wc-checkbox Property: error error div has aria-live=\"polite\"","status":"passed","title":"error div has aria-live=\"polite\"","duration":0.40000009536743164,"failureMessages":[],"meta":{}},{"ancestorTitles":["wc-checkbox","Property: error"],"fullName":"wc-checkbox Property: error sets aria-invalid=\"true\" on native input","status":"passed","title":"sets aria-invalid=\"true\" on native input","duration":0.2999999523162842,"failureMessages":[],"meta":{}},{"ancestorTitles":["wc-checkbox","Property: error"],"fullName":"wc-checkbox Property: error error hides help text","status":"passed","title":"error hides help text","duration":0.2999999523162842,"failureMessages":[],"meta":{}},{"ancestorTitles":["wc-checkbox","Property: helpText"],"fullName":"wc-checkbox Property: helpText renders help text below checkbox","status":"passed","title":"renders help text below checkbox","duration":0.40000009536743164,"failureMessages":[],"meta":{}},{"ancestorTitles":["wc-checkbox","Property: helpText"],"fullName":"wc-checkbox Property: helpText help text hidden when error present","status":"passed","title":"help text hidden when error present","duration":0.2999999523162842,"failureMessages":[],"meta":{}},{"ancestorTitles":["wc-checkbox","Property: value"],"fullName":"wc-checkbox Property: value defaults to \"on\"","status":"passed","title":"defaults to \"on\"","duration":0.2999999523162842,"failureMessages":[],"meta":{}},{"ancestorTitles":["wc-checkbox","Property: value"],"fullName":"wc-checkbox Property: value uses custom value in change event","status":"passed","title":"uses custom value in change event","duration":0.6000000238418579,"failureMessages":[],"meta":{}},{"ancestorTitles":["wc-checkbox","Property: required"],"fullName":"wc-checkbox Property: required sets required attr on native input","status":"passed","title":"sets required attr on native input","duration":0.2999999523162842,"failureMessages":[],"meta":{}},{"ancestorTitles":["wc-checkbox","Property: required"],"fullName":"wc-checkbox Property: required reflects required attribute to host","status":"passed","title":"reflects required attribute to host","duration":0.20000004768371582,"failureMessages":[],"meta":{}},{"ancestorTitles":["wc-checkbox","Property: disabled"],"fullName":"wc-checkbox Property: disabled sets disabled attr on native input","status":"passed","title":"sets disabled attr on native input","duration":0.3999999761581421,"failureMessages":[],"meta":{}},{"ancestorTitles":["wc-checkbox","Property: disabled"],"fullName":"wc-checkbox Property: disabled reflects disabled attribute to host","status":"passed","title":"reflects disabled attribute to host","duration":0.2999999523162842,"failureMessages":[],"meta":{}},{"ancestorTitles":["wc-checkbox","Property: disabled"],"fullName":"wc-checkbox Property: disabled prevents toggle when disabled","status":"passed","title":"prevents toggle when disabled","duration":0.10000002384185791,"failureMessages":[],"meta":{}},{"ancestorTitles":["wc-checkbox","Events"],"fullName":"wc-checkbox Events dispatches wc-change on toggle","status":"passed","title":"dispatches wc-change on toggle","duration":0.2999999523162842,"failureMessages":[],"meta":{}},{"ancestorTitles":["wc-checkbox","Events"],"fullName":"wc-checkbox Events wc-change detail has checked and value","status":"passed","title":"wc-change detail has checked and value","duration":0.3999999761581421,"failureMessages":[],"meta":{}},{"ancestorTitles":["wc-checkbox","Events"],"fullName":"wc-checkbox Events wc-change bubbles and is composed","status":"passed","title":"wc-change bubbles and is composed","duration":0.5,"failureMessages":[],"meta":{}},{"ancestorTitles":["wc-checkbox","Slots"],"fullName":"wc-checkbox Slots default slot renders custom label content","status":"passed","title":"default slot renders custom label content","duration":0.30000007152557373,"failureMessages":[],"meta":{}},{"ancestorTitles":["wc-checkbox","Slots"],"fullName":"wc-checkbox Slots help-text slot renders","status":"passed","title":"help-text slot renders","duration":1.1999999284744263,"failureMessages":[],"meta":{}},{"ancestorTitles":["wc-checkbox","CSS Parts"],"fullName":"wc-checkbox CSS Parts control part exposed","status":"passed","title":"control part exposed","duration":0.30000007152557373,"failureMessages":[],"meta":{}},{"ancestorTitles":["wc-checkbox","CSS Parts"],"fullName":"wc-checkbox CSS Parts checkbox part exposed","status":"passed","title":"checkbox part exposed","duration":0.19999992847442627,"failureMessages":[],"meta":{}},{"ancestorTitles":["wc-checkbox","CSS Parts"],"fullName":"wc-checkbox CSS Parts error part exposed when error set","status":"passed","title":"error part exposed when error set","duration":0.30000007152557373,"failureMessages":[],"meta":{}},{"ancestorTitles":["wc-checkbox","Form"],"fullName":"wc-checkbox Form has formAssociated=true","status":"passed","title":"has formAssociated=true","duration":0.19999992847442627,"failureMessages":[],"meta":{}},{"ancestorTitles":["wc-checkbox","Form"],"fullName":"wc-checkbox Form has ElementInternals attached","status":"passed","title":"has ElementInternals attached","duration":0.20000004768371582,"failureMessages":[],"meta":{}},{"ancestorTitles":["wc-checkbox","Form"],"fullName":"wc-checkbox Form form getter returns associated form","status":"passed","title":"form getter returns associated form","duration":0.3999999761581421,"failureMessages":[],"meta":{}},{"ancestorTitles":["wc-checkbox","Form"],"fullName":"wc-checkbox Form formResetCallback resets checked to false","status":"passed","title":"formResetCallback resets checked to false","duration":0.2999999523162842,"failureMessages":[],"meta":{}},{"ancestorTitles":["wc-checkbox","Form"],"fullName":"wc-checkbox Form formStateRestoreCallback restores checked state","status":"passed","title":"formStateRestoreCallback restores checked state","duration":0.30000007152557373,"failureMessages":[],"meta":{}},{"ancestorTitles":["wc-checkbox","Validation"],"fullName":"wc-checkbox Validation checkValidity returns false when required + unchecked","status":"passed","title":"checkValidity returns false when required + unchecked","duration":0.2999999523162842,"failureMessages":[],"meta":{}},{"ancestorTitles":["wc-checkbox","Validation"],"fullName":"wc-checkbox Validation checkValidity returns true when required + checked","status":"passed","title":"checkValidity returns true when required + checked","duration":0.30000007152557373,"failureMessages":[],"meta":{}},{"ancestorTitles":["wc-checkbox","Validation"],"fullName":"wc-checkbox Validation valueMissing validity flag is set when required + unchecked","status":"passed","title":"valueMissing validity flag is set when required + unchecked","duration":0.19999992847442627,"failureMessages":[],"meta":{}},{"ancestorTitles":["wc-checkbox","Accessibility"],"fullName":"wc-checkbox Accessibility aria-describedby references error ID when error set","status":"passed","title":"aria-describedby references error ID when error set","duration":0.30000007152557373,"failureMessages":[],"meta":{}},{"ancestorTitles":["wc-checkbox","Accessibility"],"fullName":"wc-checkbox Accessibility aria-describedby references help text ID when helpText set","status":"passed","title":"aria-describedby references help text ID when helpText set","duration":0.2999999523162842,"failureMessages":[],"meta":{}},{"ancestorTitles":["wc-checkbox","Accessibility"],"fullName":"wc-checkbox Accessibility no aria-invalid when no error","status":"passed","title":"no aria-invalid when no error","duration":0.10000002384185791,"failureMessages":[],"meta":{}},{"ancestorTitles":["wc-checkbox","Keyboard"],"fullName":"wc-checkbox Keyboard Space key toggles checked","status":"passed","title":"Space key toggles checked","duration":0.3999999761581421,"failureMessages":[],"meta":{}},{"ancestorTitles":["wc-checkbox","Keyboard"],"fullName":"wc-checkbox Keyboard Enter key does NOT toggle checked","status":"passed","title":"Enter key does NOT toggle checked","duration":0.19999992847442627,"failureMessages":[],"meta":{}},{"ancestorTitles":["wc-checkbox","Accessibility (axe-core)"],"fullName":"wc-checkbox Accessibility (axe-core) has no axe violations in default state","status":"passed","title":"has no axe violations in default state","duration":277,"failureMessages":[],"meta":{}},{"ancestorTitles":["wc-checkbox","Accessibility (axe-core)"],"fullName":"wc-checkbox Accessibility (axe-core) has no axe violations when checked","status":"passed","title":"has no axe violations when checked","duration":19.40000009536743,"failureMessages":[],"meta":{}},{"ancestorTitles":["wc-checkbox","Accessibility (axe-core)"],"fullName":"wc-checkbox Accessibility (axe-core) has no axe violations in error state","status":"passed","title":"has no axe violations in error state","duration":17.799999952316284,"failureMessages":[],"meta":{}},{"ancestorTitles":["wc-checkbox","Accessibility (axe-core)"],"fullName":"wc-checkbox Accessibility (axe-core) has no axe violations when disabled","status":"passed","title":"has no axe violations when disabled","duration":13.100000023841858,"failureMessages":[],"meta":{}}],"startTime":1771130544739,"endTime":1771130545105.1,"status":"passed","message":"","name":"/Volumes/Development/wc-2026/packages/wc-library/src/components/wc-checkbox/wc-checkbox.test.ts"},{"assertionResults":[{"ancestorTitles":["wc-prose","Rendering"],"fullName":"wc-prose Rendering renders as Light DOM (no shadowRoot)","status":"passed","title":"renders as Light DOM (no shadowRoot)","duration":6.100000023841858,"failureMessages":[],"meta":{}},{"ancestorTitles":["wc-prose","Rendering"],"fullName":"wc-prose Rendering content is accessible in light DOM","status":"passed","title":"content is accessible in light DOM","duration":0.8999999761581421,"failureMessages":[],"meta":{}},{"ancestorTitles":["wc-prose","Rendering"],"fullName":"wc-prose Rendering displays as block","status":"passed","title":"displays as block","duration":0.5,"failureMessages":[],"meta":{}},{"ancestorTitles":["wc-prose","Properties"],"fullName":"wc-prose Properties size defaults to \"base\"","status":"passed","title":"size defaults to \"base\"","duration":0.40000009536743164,"failureMessages":[],"meta":{}},{"ancestorTitles":["wc-prose","Properties"],"fullName":"wc-prose Properties size attribute is reflected","status":"passed","title":"size attribute is reflected","duration":1,"failureMessages":[],"meta":{}},{"ancestorTitles":["wc-prose","Properties"],"fullName":"wc-prose Properties max-width sets inline style","status":"passed","title":"max-width sets inline style","duration":0.3999999761581421,"failureMessages":[],"meta":{}},{"ancestorTitles":["wc-prose","Scoped Styles"],"fullName":"wc-prose Scoped Styles adopted stylesheet is injected into document","status":"passed","title":"adopted stylesheet is injected into document","duration":0.8999999761581421,"failureMessages":[],"meta":{}},{"ancestorTitles":["wc-prose","Scoped Styles"],"fullName":"wc-prose Scoped Styles styles are scoped to wc-prose","status":"passed","title":"styles are scoped to wc-prose","duration":0.8999999761581421,"failureMessages":[],"meta":{}},{"ancestorTitles":["wc-prose","Scoped Styles"],"fullName":"wc-prose Scoped Styles stylesheet is removed on disconnect","status":"passed","title":"stylesheet is removed on disconnect","duration":0.7000000476837158,"failureMessages":[],"meta":{}},{"ancestorTitles":["wc-prose","Typography"],"fullName":"wc-prose Typography headings are styled","status":"passed","title":"headings are styled","duration":3.399999976158142,"failureMessages":[],"meta":{}},{"ancestorTitles":["wc-prose","Typography"],"fullName":"wc-prose Typography paragraphs are styled","status":"passed","title":"paragraphs are styled","duration":0.6000000238418579,"failureMessages":[],"meta":{}},{"ancestorTitles":["wc-prose","Typography"],"fullName":"wc-prose Typography links are styled","status":"passed","title":"links are styled","duration":0.5999999046325684,"failureMessages":[],"meta":{}},{"ancestorTitles":["wc-prose","Accessibility (axe-core)"],"fullName":"wc-prose Accessibility (axe-core) has no axe violations with heading content","status":"passed","title":"has no axe violations with heading content","duration":587.5,"failureMessages":[],"meta":{}},{"ancestorTitles":["wc-prose","Accessibility (axe-core)"],"fullName":"wc-prose Accessibility (axe-core) has no axe violations with table content","status":"passed","title":"has no axe violations with table content","duration":248,"failureMessages":[],"meta":{}},{"ancestorTitles":["wc-prose","Accessibility (axe-core)"],"fullName":"wc-prose Accessibility (axe-core) has no axe violations with list content","status":"passed","title":"has no axe violations with list content","duration":155.89999997615814,"failureMessages":[],"meta":{}}],"startTime":1771130545681,"endTime":1771130546688.9,"status":"passed","message":"","name":"/Volumes/Development/wc-2026/packages/wc-library/src/components/wc-prose/wc-prose.test.ts"},{"assertionResults":[{"ancestorTitles":["wc-radio-group","Rendering: Group"],"fullName":"wc-radio-group Rendering: Group renders with shadow DOM","status":"passed","title":"renders with shadow DOM","duration":18.100000023841858,"failureMessages":[],"meta":{}},{"ancestorTitles":["wc-radio-group","Rendering: Group"],"fullName":"wc-radio-group Rendering: Group renders a fieldset element","status":"passed","title":"renders a fieldset element","duration":1.399999976158142,"failureMessages":[],"meta":{}},{"ancestorTitles":["wc-radio-group","Rendering: Group"],"fullName":"wc-radio-group Rendering: Group renders legend with label text","status":"passed","title":"renders legend with label text","duration":0.7999999523162842,"failureMessages":[],"meta":{}},{"ancestorTitles":["wc-radio-group","Rendering: Group"],"fullName":"wc-radio-group Rendering: Group does not render legend when label is empty","status":"passed","title":"does not render legend when label is empty","duration":0.7000000476837158,"failureMessages":[],"meta":{}},{"ancestorTitles":["wc-radio-group","Rendering: Group"],"fullName":"wc-radio-group Rendering: Group has role=\"radiogroup\" on host","status":"passed","title":"has role=\"radiogroup\" on host","duration":0.6000000238418579,"failureMessages":[],"meta":{}},{"ancestorTitles":["wc-radio-group","Rendering: Radio"],"fullName":"wc-radio-group Rendering: Radio wc-radio renders with shadow DOM","status":"passed","title":"wc-radio renders with shadow DOM","duration":1.100000023841858,"failureMessages":[],"meta":{}},{"ancestorTitles":["wc-radio-group","Rendering: Radio"],"fullName":"wc-radio-group Rendering: Radio wc-radio renders label text","status":"passed","title":"wc-radio renders label text","duration":0.7999999523162842,"failureMessages":[],"meta":{}},{"ancestorTitles":["wc-radio-group","Rendering: Radio"],"fullName":"wc-radio-group Rendering: Radio wc-radio exposes \"radio\" CSS part","status":"passed","title":"wc-radio exposes \"radio\" CSS part","duration":0.5,"failureMessages":[],"meta":{}},{"ancestorTitles":["wc-radio-group","Rendering: Radio"],"fullName":"wc-radio-group Rendering: Radio wc-radio exposes \"label\" CSS part","status":"passed","title":"wc-radio exposes \"label\" CSS part","duration":0.8000000715255737,"failureMessages":[],"meta":{}},{"ancestorTitles":["wc-radio-group","CSS Parts: Group"],"fullName":"wc-radio-group CSS Parts: Group exposes \"fieldset\" CSS part","status":"passed","title":"exposes \"fieldset\" CSS part","duration":1.100000023841858,"failureMessages":[],"meta":{}},{"ancestorTitles":["wc-radio-group","CSS Parts: Group"],"fullName":"wc-radio-group CSS Parts: Group exposes \"legend\" CSS part","status":"passed","title":"exposes \"legend\" CSS part","duration":0.8000000715255737,"failureMessages":[],"meta":{}},{"ancestorTitles":["wc-radio-group","CSS Parts: Group"],"fullName":"wc-radio-group CSS Parts: Group exposes \"group\" CSS part","status":"passed","title":"exposes \"group\" CSS part","duration":0.6000000238418579,"failureMessages":[],"meta":{}},{"ancestorTitles":["wc-radio-group","CSS Parts: Group"],"fullName":"wc-radio-group CSS Parts: Group exposes \"error\" CSS part when error is set","status":"passed","title":"exposes \"error\" CSS part when error is set","duration":1.1999999284744263,"failureMessages":[],"meta":{}},{"ancestorTitles":["wc-radio-group","Properties"],"fullName":"wc-radio-group Properties value property selects the matching radio","status":"passed","title":"value property selects the matching radio","duration":1.399999976158142,"failureMessages":[],"meta":{}},{"ancestorTitles":["wc-radio-group","Properties"],"fullName":"wc-radio-group Properties required shows asterisk marker in legend","status":"passed","title":"required shows asterisk marker in legend","duration":2,"failureMessages":[],"meta":{}},{"ancestorTitles":["wc-radio-group","Properties"],"fullName":"wc-radio-group Properties disabled reflects to host attribute","status":"passed","title":"disabled reflects to host attribute","duration":1.7000000476837158,"failureMessages":[],"meta":{}},{"ancestorTitles":["wc-radio-group","Properties"],"fullName":"wc-radio-group Properties orientation defaults to vertical","status":"passed","title":"orientation defaults to vertical","duration":0.8999999761581421,"failureMessages":[],"meta":{}},{"ancestorTitles":["wc-radio-group","Properties"],"fullName":"wc-radio-group Properties orientation can be set to horizontal","status":"passed","title":"orientation can be set to horizontal","duration":0.7000000476837158,"failureMessages":[],"meta":{}},{"ancestorTitles":["wc-radio-group","Error & Help Text"],"fullName":"wc-radio-group Error & Help Text renders error message in role=\"alert\" div","status":"passed","title":"renders error message in role=\"alert\" div","duration":0.5,"failureMessages":[],"meta":{}},{"ancestorTitles":["wc-radio-group","Error & Help Text"],"fullName":"wc-radio-group Error & Help Text error div has aria-live=\"polite\"","status":"passed","title":"error div has aria-live=\"polite\"","duration":0.5,"failureMessages":[],"meta":{}},{"ancestorTitles":["wc-radio-group","Error & Help Text"],"fullName":"wc-radio-group Error & Help Text renders help text below group","status":"passed","title":"renders help text below group","duration":0.5,"failureMessages":[],"meta":{}},{"ancestorTitles":["wc-radio-group","Error & Help Text"],"fullName":"wc-radio-group Error & Help Text error hides help text","status":"passed","title":"error hides help text","duration":0.40000009536743164,"failureMessages":[],"meta":{}},{"ancestorTitles":["wc-radio-group","Events"],"fullName":"wc-radio-group Events dispatches wc-change when a radio is selected","status":"passed","title":"dispatches wc-change when a radio is selected","duration":0.8999999761581421,"failureMessages":[],"meta":{}},{"ancestorTitles":["wc-radio-group","Events"],"fullName":"wc-radio-group Events wc-change bubbles and is composed","status":"passed","title":"wc-change bubbles and is composed","duration":0.6000000238418579,"failureMessages":[],"meta":{}},{"ancestorTitles":["wc-radio-group","Events"],"fullName":"wc-radio-group Events does not dispatch wc-change when selecting the already-selected radio","status":"passed","title":"does not dispatch wc-change when selecting the already-selected radio","duration":51.59999990463257,"failureMessages":[],"meta":{}},{"ancestorTitles":["wc-radio-group","Keyboard Navigation"],"fullName":"wc-radio-group Keyboard Navigation ArrowDown selects next radio","status":"passed","title":"ArrowDown selects next radio","duration":2.100000023841858,"failureMessages":[],"meta":{}},{"ancestorTitles":["wc-radio-group","Keyboard Navigation"],"fullName":"wc-radio-group Keyboard Navigation ArrowRight selects next radio","status":"passed","title":"ArrowRight selects next radio","duration":1.7000000476837158,"failureMessages":[],"meta":{}},{"ancestorTitles":["wc-radio-group","Keyboard Navigation"],"fullName":"wc-radio-group Keyboard Navigation ArrowUp selects previous radio","status":"passed","title":"ArrowUp selects previous radio","duration":1.5,"failureMessages":[],"meta":{}},{"ancestorTitles":["wc-radio-group","Keyboard Navigation"],"fullName":"wc-radio-group Keyboard Navigation ArrowDown wraps from last to first","status":"passed","title":"ArrowDown wraps from last to first","duration":1,"failureMessages":[],"meta":{}},{"ancestorTitles":["wc-radio-group","Keyboard Navigation"],"fullName":"wc-radio-group Keyboard Navigation ArrowUp wraps from first to last","status":"passed","title":"ArrowUp wraps from first to last","duration":1,"failureMessages":[],"meta":{}},{"ancestorTitles":["wc-radio-group","Roving Tabindex"],"fullName":"wc-radio-group Roving Tabindex selected radio gets tabindex=0, others get tabindex=-1","status":"passed","title":"selected radio gets tabindex=0, others get tabindex=-1","duration":0.7000000476837158,"failureMessages":[],"meta":{}},{"ancestorTitles":["wc-radio-group","Roving Tabindex"],"fullName":"wc-radio-group Roving Tabindex first enabled radio gets tabindex=0 when none selected","status":"passed","title":"first enabled radio gets tabindex=0 when none selected","duration":0.6999999284744263,"failureMessages":[],"meta":{}},{"ancestorTitles":["wc-radio-group","Roving Tabindex"],"fullName":"wc-radio-group Roving Tabindex tabindex updates when value changes programmatically","status":"passed","title":"tabindex updates when value changes programmatically","duration":1.5,"failureMessages":[],"meta":{}},{"ancestorTitles":["wc-radio-group","Form Association"],"fullName":"wc-radio-group Form Association has formAssociated=true","status":"passed","title":"has formAssociated=true","duration":0.30000007152557373,"failureMessages":[],"meta":{}},{"ancestorTitles":["wc-radio-group","Form Association"],"fullName":"wc-radio-group Form Association has ElementInternals attached","status":"passed","title":"has ElementInternals attached","duration":0.7999999523162842,"failureMessages":[],"meta":{}},{"ancestorTitles":["wc-radio-group","Form Association"],"fullName":"wc-radio-group Form Association form getter returns associated form","status":"passed","title":"form getter returns associated form","duration":0.8000000715255737,"failureMessages":[],"meta":{}},{"ancestorTitles":["wc-radio-group","Form Association"],"fullName":"wc-radio-group Form Association formResetCallback resets value to empty","status":"passed","title":"formResetCallback resets value to empty","duration":1.899999976158142,"failureMessages":[],"meta":{}},{"ancestorTitles":["wc-radio-group","Form Association"],"fullName":"wc-radio-group Form Association formStateRestoreCallback restores value","status":"passed","title":"formStateRestoreCallback restores value","duration":0.6000000238418579,"failureMessages":[],"meta":{}},{"ancestorTitles":["wc-radio-group","Validation"],"fullName":"wc-radio-group Validation checkValidity returns false when required and empty","status":"passed","title":"checkValidity returns false when required and empty","duration":0.5,"failureMessages":[],"meta":{}},{"ancestorTitles":["wc-radio-group","Validation"],"fullName":"wc-radio-group Validation checkValidity returns true when required and value is set","status":"passed","title":"checkValidity returns true when required and value is set","duration":0.5,"failureMessages":[],"meta":{}},{"ancestorTitles":["wc-radio-group","Validation"],"fullName":"wc-radio-group Validation valueMissing is set when required and empty","status":"passed","title":"valueMissing is set when required and empty","duration":0.3999999761581421,"failureMessages":[],"meta":{}},{"ancestorTitles":["wc-radio-group","Accessibility"],"fullName":"wc-radio-group Accessibility host has role=\"radiogroup\"","status":"passed","title":"host has role=\"radiogroup\"","duration":0.3999999761581421,"failureMessages":[],"meta":{}},{"ancestorTitles":["wc-radio-group","Accessibility"],"fullName":"wc-radio-group Accessibility sets aria-label on host from label property","status":"passed","title":"sets aria-label on host from label property","duration":0.3999999761581421,"failureMessages":[],"meta":{}},{"ancestorTitles":["wc-radio-group","Accessibility"],"fullName":"wc-radio-group Accessibility wc-radio contains a hidden native radio input","status":"passed","title":"wc-radio contains a hidden native radio input","duration":0.3999999761581421,"failureMessages":[],"meta":{}},{"ancestorTitles":["wc-radio-group","Accessibility"],"fullName":"wc-radio-group Accessibility checked radio has checked attribute reflected","status":"passed","title":"checked radio has checked attribute reflected","duration":0.5,"failureMessages":[],"meta":{}},{"ancestorTitles":["wc-radio-group","Disabled Behavior"],"fullName":"wc-radio-group Disabled Behavior group disabled propagates to child radios","status":"passed","title":"group disabled propagates to child radios","duration":0.5,"failureMessages":[],"meta":{}},{"ancestorTitles":["wc-radio-group","Disabled Behavior"],"fullName":"wc-radio-group Disabled Behavior disabled radio is not selectable via click","status":"passed","title":"disabled radio is not selectable via click","duration":52.700000047683716,"failureMessages":[],"meta":{}},{"ancestorTitles":["wc-radio-group","Disabled Behavior"],"fullName":"wc-radio-group Disabled Behavior individual radio can be disabled while group is enabled","status":"passed","title":"individual radio can be disabled while group is enabled","duration":1.2999999523162842,"failureMessages":[],"meta":{}},{"ancestorTitles":["wc-radio-group","Slot Content"],"fullName":"wc-radio-group Slot Content wc-radio default slot overrides label property","status":"passed","title":"wc-radio default slot overrides label property","duration":1.600000023841858,"failureMessages":[],"meta":{}},{"ancestorTitles":["wc-radio-group","Accessibility (axe-core)"],"fullName":"wc-radio-group Accessibility (axe-core) has no axe violations in default state","status":"passed","title":"has no axe violations in default state","duration":268.2999999523163,"failureMessages":[],"meta":{}},{"ancestorTitles":["wc-radio-group","Accessibility (axe-core)"],"fullName":"wc-radio-group Accessibility (axe-core) has no axe violations with selection","status":"passed","title":"has no axe violations with selection","duration":20.100000023841858,"failureMessages":[],"meta":{}},{"ancestorTitles":["wc-radio-group","Accessibility (axe-core)"],"fullName":"wc-radio-group Accessibility (axe-core) has no axe violations in error state","status":"passed","title":"has no axe violations in error state","duration":22.5,"failureMessages":[],"meta":{}}],"startTime":1771130544740,"endTime":1771130545215.5,"status":"passed","message":"","name":"/Volumes/Development/wc-2026/packages/wc-library/src/components/wc-radio-group/wc-radio-group.test.ts"},{"assertionResults":[{"ancestorTitles":["wc-radio","Rendering"],"fullName":"wc-radio Rendering renders with shadow DOM","status":"passed","title":"renders with shadow DOM","duration":18.700000047683716,"failureMessages":[],"meta":{}},{"ancestorTitles":["wc-radio","Rendering"],"fullName":"wc-radio Rendering renders hidden native <input type=\"radio\">","status":"passed","title":"renders hidden native <input type=\"radio\">","duration":1.899999976158142,"failureMessages":[],"meta":{}},{"ancestorTitles":["wc-radio","Rendering"],"
[...]
rTitles":["wc-switch","Form"],"fullName":"wc-switch Form has ElementInternals attached","status":"passed","title":"has ElementInternals attached","duration":0.20000004768371582,"failureMessages":[],"meta":{}},{"ancestorTitles":["wc-switch","Form"],"fullName":"wc-switch Form form getter returns associated form","status":"passed","title":"form getter returns associated form","duration":0.2999999523162842,"failureMessages":[],"meta":{}},{"ancestorTitles":["wc-switch","Form"],"fullName":"wc-switch Form formResetCallback resets checked to false","status":"passed","title":"formResetCallback resets checked to false","duration":0.2999999523162842,"failureMessages":[],"meta":{}},{"ancestorTitles":["wc-switch","Form"],"fullName":"wc-switch Form formStateRestoreCallback restores checked state","status":"passed","title":"formStateRestoreCallback restores checked state","duration":0.6000000238418579,"failureMessages":[],"meta":{}},{"ancestorTitles":["wc-switch","Validation"],"fullName":"wc-switch Validation checkValidity returns false when required + unchecked","status":"passed","title":"checkValidity returns false when required + unchecked","duration":0.3999999761581421,"failureMessages":[],"meta":{}},{"ancestorTitles":["wc-switch","Validation"],"fullName":"wc-switch Validation checkValidity returns true when required + checked","status":"passed","title":"checkValidity returns true when required + checked","duration":0.30000007152557373,"failureMessages":[],"meta":{}},{"ancestorTitles":["wc-switch","Validation"],"fullName":"wc-switch Validation valueMissing validity flag is set when required + unchecked","status":"passed","title":"valueMissing validity flag is set when required + unchecked","duration":0.2999999523162842,"failureMessages":[],"meta":{}},{"ancestorTitles":["wc-switch","Keyboard"],"fullName":"wc-switch Keyboard Space toggles the switch","status":"passed","title":"Space toggles the switch","duration":0.5,"failureMessages":[],"meta":{}},{"ancestorTitles":["wc-switch","Keyboard"],"fullName":"wc-switch Keyboard Enter toggles the switch","status":"passed","title":"Enter toggles the switch","duration":0.30000007152557373,"failureMessages":[],"meta":{}},{"ancestorTitles":["wc-switch","Keyboard"],"fullName":"wc-switch Keyboard other keys do not toggle","status":"passed","title":"other keys do not toggle","duration":0.19999992847442627,"failureMessages":[],"meta":{}},{"ancestorTitles":["wc-switch","Accessibility"],"fullName":"wc-switch Accessibility uses role=\"switch\" not role=\"checkbox\"","status":"passed","title":"uses role=\"switch\" not role=\"checkbox\"","duration":0.30000007152557373,"failureMessages":[],"meta":{}},{"ancestorTitles":["wc-switch","Accessibility"],"fullName":"wc-switch Accessibility aria-checked toggles with checked state","status":"passed","title":"aria-checked toggles with checked state","duration":0.19999992847442627,"failureMessages":[],"meta":{}},{"ancestorTitles":["wc-switch","Accessibility"],"fullName":"wc-switch Accessibility aria-describedby references error ID when error set","status":"passed","title":"aria-describedby references error ID when error set","duration":0.7000000476837158,"failureMessages":[],"meta":{}},{"ancestorTitles":["wc-switch","Accessibility"],"fullName":"wc-switch Accessibility aria-describedby references help text ID when helpText set","status":"passed","title":"aria-describedby references help text ID when helpText set","duration":0.3999999761581421,"failureMessages":[],"meta":{}},{"ancestorTitles":["wc-switch","Property: value"],"fullName":"wc-switch Property: value defaults to \"on\"","status":"passed","title":"defaults to \"on\"","duration":0.2999999523162842,"failureMessages":[],"meta":{}},{"ancestorTitles":["wc-switch","Property: value"],"fullName":"wc-switch Property: value accepts custom value attribute","status":"passed","title":"accepts custom value attribute","duration":0.30000007152557373,"failureMessages":[],"meta":{}},{"ancestorTitles":["wc-switch","Property: name"],"fullName":"wc-switch Property: name sets name property","status":"passed","title":"sets name property","duration":0.19999992847442627,"failureMessages":[],"meta":{}},{"ancestorTitles":["wc-switch","Accessibility (axe-core)"],"fullName":"wc-switch Accessibility (axe-core) has no axe violations in default state","status":"passed","title":"has no axe violations in default state","duration":281.90000009536743,"failureMessages":[],"meta":{}},{"ancestorTitles":["wc-switch","Accessibility (axe-core)"],"fullName":"wc-switch Accessibility (axe-core) has no axe violations when checked","status":"passed","title":"has no axe violations when checked","duration":16.799999952316284,"failureMessages":[],"meta":{}},{"ancestorTitles":["wc-switch","Accessibility (axe-core)"],"fullName":"wc-switch Accessibility (axe-core) has no axe violations when disabled","status":"passed","title":"has no axe violations when disabled","duration":10.200000047683716,"failureMessages":[],"meta":{}}],"startTime":1771130544740,"endTime":1771130545091.2,"status":"passed","message":"","name":"/Volumes/Development/wc-2026/packages/wc-library/src/components/wc-switch/wc-switch.test.ts"},{"assertionResults":[{"ancestorTitles":["wc-textarea","Rendering"],"fullName":"wc-textarea Rendering renders with shadow DOM","status":"passed","title":"renders with shadow DOM","duration":15.600000023841858,"failureMessages":[],"meta":{}},{"ancestorTitles":["wc-textarea","Rendering"],"fullName":"wc-textarea Rendering renders native <textarea>","status":"passed","title":"renders native <textarea>","duration":1.100000023841858,"failureMessages":[],"meta":{}},{"ancestorTitles":["wc-textarea","Rendering"],"fullName":"wc-textarea Rendering exposes \"field\" CSS part","status":"passed","title":"exposes \"field\" CSS part","duration":0.5,"failureMessages":[],"meta":{}},{"ancestorTitles":["wc-textarea","Rendering"],"fullName":"wc-textarea Rendering exposes \"textarea\" CSS part","status":"passed","title":"exposes \"textarea\" CSS part","duration":0.5,"failureMessages":[],"meta":{}},{"ancestorTitles":["wc-textarea","Property: label"],"fullName":"wc-textarea Property: label renders label text","status":"passed","title":"renders label text","duration":1.8000000715255737,"failureMessages":[],"meta":{}},{"ancestorTitles":["wc-textarea","Property: label"],"fullName":"wc-textarea Property: label does not render label when empty","status":"passed","title":"does not render label when empty","duration":0.5,"failureMessages":[],"meta":{}},{"ancestorTitles":["wc-textarea","Property: label"],"fullName":"wc-textarea Property: label shows asterisk when required","status":"passed","title":"shows asterisk when required","duration":1.6999999284744263,"failureMessages":[],"meta":{}},{"ancestorTitles":["wc-textarea","Property: placeholder"],"fullName":"wc-textarea Property: placeholder sets placeholder attr on native textarea","status":"passed","title":"sets placeholder attr on native textarea","duration":0.7000000476837158,"failureMessages":[],"meta":{}},{"ancestorTitles":["wc-textarea","Property: value"],"fullName":"wc-textarea Property: value syncs value to native textarea","status":"passed","title":"syncs value to native textarea","duration":0.5,"failureMessages":[],"meta":{}},{"ancestorTitles":["wc-textarea","Property: value"],"fullName":"wc-textarea Property: value programmatic value update is reflected","status":"passed","title":"programmatic value update is reflected","duration":1,"failureMessages":[],"meta":{}},{"ancestorTitles":["wc-textarea","Property: rows"],"fullName":"wc-textarea Property: rows defaults to 4 rows","status":"passed","title":"defaults to 4 rows","duration":0.7999999523162842,"failureMessages":[],"meta":{}},{"ancestorTitles":["wc-textarea","Property: rows"],"fullName":"wc-textarea Property: rows sets custom rows attribute","status":"passed","title":"sets custom rows attribute","duration":0.6000000238418579,"failureMessages":[],"meta":{}},{"ancestorTitles":["wc-textarea","Property: maxlength"],"fullName":"wc-textarea Property: maxlength sets maxlength attr on native textarea","status":"passed","title":"sets maxlength attr on native textarea","duration":0.3999999761581421,"failureMessages":[],"meta":{}},{"ancestorTitles":["wc-textarea","Property: maxlength"],"fullName":"wc-textarea Property: maxlength does not set maxlength when not provided","status":"passed","title":"does not set maxlength when not provided","duration":0.2999999523162842,"failureMessages":[],"meta":{}},{"ancestorTitles":["wc-textarea","Property: resize"],"fullName":"wc-textarea Property: resize defaults to vertical","status":"passed","title":"defaults to vertical","duration":0.6000000238418579,"failureMessages":[],"meta":{}},{"ancestorTitles":["wc-textarea","Property: resize"],"fullName":"wc-textarea Property: resize reflects resize attribute to host","status":"passed","title":"reflects resize attribute to host","duration":0.5,"failureMessages":[],"meta":{}},{"ancestorTitles":["wc-textarea","Property: showCount"],"fullName":"wc-textarea Property: showCount does not render counter by default","status":"passed","title":"does not render counter by default","duration":0.40000009536743164,"failureMessages":[],"meta":{}},{"ancestorTitles":["wc-textarea","Property: showCount"],"fullName":"wc-textarea Property: showCount renders counter when show-count is set","status":"passed","title":"renders counter when show-count is set","duration":0.8999999761581421,"failureMessages":[],"meta":{}},{"ancestorTitles":["wc-textarea","Property: showCount"],"fullName":"wc-textarea Property: showCount shows \"count / maxlength\" format when maxlength set","status":"passed","title":"shows \"count / maxlength\" format when maxlength set","duration":0.5,"failureMessages":[],"meta":{}},{"ancestorTitles":["wc-textarea","Property: required"],"fullName":"wc-textarea Property: required sets required attr on native textarea","status":"passed","title":"sets required attr on native textarea","duration":0.3999999761581421,"failureMessages":[],"meta":{}},{"ancestorTitles":["wc-textarea","Property: required"],"fullName":"wc-textarea Property: required sets aria-required=\"true\" on native textarea","status":"passed","title":"sets aria-required=\"true\" on native textarea","duration":0.10000002384185791,"failureMessages":[],"meta":{}},{"ancestorTitles":["wc-textarea","Property: disabled"],"fullName":"wc-textarea Property: disabled sets disabled attr on native textarea","status":"passed","title":"sets disabled attr on native textarea","duration":0.6999999284744263,"failureMessages":[],"meta":{}},{"ancestorTitles":["wc-textarea","Property: disabled"],"fullName":"wc-textarea Property: disabled applies host opacity via disabled attribute","status":"passed","title":"applies host opacity via disabled attribute","duration":0.10000002384185791,"failureMessages":[],"meta":{}},{"ancestorTitles":["wc-textarea","Property: error"],"fullName":"wc-textarea Property: error renders error message in role=\"alert\" div","status":"passed","title":"renders error message in role=\"alert\" div","duration":0.5,"failureMessages":[],"meta":{}},{"ancestorTitles":["wc-textarea","Property: error"],"fullName":"wc-textarea Property: error error div has aria-live=\"polite\"","status":"passed","title":"error div has aria-live=\"polite\"","duration":0.20000004768371582,"failureMessages":[],"meta":{}},{"ancestorTitles":["wc-textarea","Property: error"],"fullName":"wc-textarea Property: error sets aria-invalid=\"true\" on textarea","status":"passed","title":"sets aria-invalid=\"true\" on textarea","duration":0.2999999523162842,"failureMessages":[],"meta":{}},{"ancestorTitles":["wc-textarea","Property: error"],"fullName":"wc-textarea Property: error error hides help text","status":"passed","title":"error hides help text","duration":0.2999999523162842,"failureMessages":[],"meta":{}},{"ancestorTitles":["wc-textarea","Property: helpText"],"fullName":"wc-textarea Property: helpText renders help text below textarea","status":"passed","title":"renders help text below textarea","duration":0.20000004768371582,"failureMessages":[],"meta":{}},{"ancestorTitles":["wc-textarea","Property: helpText"],"fullName":"wc-textarea Property: helpText help text hidden when error present","status":"passed","title":"help text hidden when error present","duration":0.2999999523162842,"failureMessages":[],"meta":{}},{"ancestorTitles":["wc-textarea","Events"],"fullName":"wc-textarea Events dispatches wc-input on keystroke","status":"passed","title":"dispatches wc-input on keystroke","duration":0.8000000715255737,"failureMessages":[],"meta":{}},{"ancestorTitles":["wc-textarea","Events"],"fullName":"wc-textarea Events wc-input detail.value is correct","status":"passed","title":"wc-input detail.value is correct","duration":0.5,"failureMessages":[],"meta":{}},{"ancestorTitles":["wc-textarea","Events"],"fullName":"wc-textarea Events dispatches wc-change on blur","status":"passed","title":"dispatches wc-change on blur","duration":0.30000007152557373,"failureMessages":[],"meta":{}},{"ancestorTitles":["wc-textarea","Events"],"fullName":"wc-textarea Events wc-change bubbles and is composed","status":"passed","title":"wc-change bubbles and is composed","duration":0.3999999761581421,"failureMessages":[],"meta":{}},{"ancestorTitles":["wc-textarea","Slots"],"fullName":"wc-textarea Slots help-text slot renders","status":"passed","title":"help-text slot renders","duration":1.2999999523162842,"failureMessages":[],"meta":{}},{"ancestorTitles":["wc-textarea","CSS Parts"],"fullName":"wc-textarea CSS Parts label part exposed","status":"passed","title":"label part exposed","duration":0.3999999761581421,"failureMessages":[],"meta":{}},{"ancestorTitles":["wc-textarea","CSS Parts"],"fullName":"wc-textarea CSS Parts textarea-wrapper part exposed","status":"passed","title":"textarea-wrapper part exposed","duration":0.20000004768371582,"failureMessages":[],"meta":{}},{"ancestorTitles":["wc-textarea","CSS Parts"],"fullName":"wc-textarea CSS Parts counter part exposed when showCount set","status":"passed","title":"counter part exposed when showCount set","duration":0.20000004768371582,"failureMessages":[],"meta":{}},{"ancestorTitles":["wc-textarea","Form"],"fullName":"wc-textarea Form has formAssociated=true","status":"passed","title":"has formAssociated=true","duration":0.09999990463256836,"failureMessages":[],"meta":{}},{"ancestorTitles":["wc-textarea","Form"],"fullName":"wc-textarea Form has ElementInternals attached","status":"passed","title":"has ElementInternals attached","duration":0.20000004768371582,"failureMessages":[],"meta":{}},{"ancestorTitles":["wc-textarea","Form"],"fullName":"wc-textarea Form form getter returns associated form","status":"passed","title":"form getter returns associated form","duration":0.3999999761581421,"failureMessages":[],"meta":{}},{"ancestorTitles":["wc-textarea","Form"],"fullName":"wc-textarea Form formResetCallback resets value to empty","status":"passed","title":"formResetCallback resets value to empty","duration":0.30000007152557373,"failureMessages":[],"meta":{}},{"ancestorTitles":["wc-textarea","Form"],"fullName":"wc-textarea Form formStateRestoreCallback restores value","status":"passed","title":"formStateRestoreCallback restores value","duration":0.19999992847442627,"failureMessages":[],"meta":{}},{"ancestorTitles":["wc-textarea","Validation"],"fullName":"wc-textarea Validation checkValidity returns false when required + empty","status":"passed","title":"checkValidity returns false when required + empty","duration":0.30000007152557373,"failureMessages":[],"meta":{}},{"ancestorTitles":["wc-textarea","Validation"],"fullName":"wc-textarea Validation checkValidity returns true when required + filled","status":"passed","title":"checkValidity returns true when required + filled","duration":1.5,"failureMessages":[],"meta":{}},{"ancestorTitles":["wc-textarea","Validation"],"fullName":"wc-textarea Validation valueMissing validity flag is set when required + empty","status":"passed","title":"valueMissing validity flag is set when required + empty","duration":0.3999999761581421,"failureMessages":[],"meta":{}},{"ancestorTitles":["wc-textarea","Methods"],"fullName":"wc-textarea Methods focus() moves focus to native textarea","status":"passed","title":"focus() moves focus to native textarea","duration":51.89999997615814,"failureMessages":[],"meta":{}},{"ancestorTitles":["wc-textarea","Methods"],"fullName":"wc-textarea Methods select() selects text in native textarea","status":"passed","title":"select() selects text in native textarea","duration":52.60000002384186,"failureMessages":[],"meta":{}},{"ancestorTitles":["wc-textarea","aria-describedby"],"fullName":"wc-textarea aria-describedby references error ID when error set","status":"passed","title":"references error ID when error set","duration":0.8999999761581421,"failureMessages":[],"meta":{}},{"ancestorTitles":["wc-textarea","aria-describedby"],"fullName":"wc-textarea aria-describedby references help text ID when helpText set","status":"passed","title":"references help text ID when helpText set","duration":0.5,"failureMessages":[],"meta":{}},{"ancestorTitles":["wc-textarea","Auto-resize"],"fullName":"wc-textarea Auto-resize sets resize=\"auto\" attribute on host","status":"passed","title":"sets resize=\"auto\" attribute on host","duration":0.2999999523162842,"failureMessages":[],"meta":{}},{"ancestorTitles":["wc-textarea","Auto-resize"],"fullName":"wc-textarea Auto-resize adjusts textarea height on input when resize is auto","status":"passed","title":"adjusts textarea height on input when resize is auto","duration":1.399999976158142,"failureMessages":[],"meta":{}},{"ancestorTitles":["wc-textarea","Character Counter"],"fullName":"wc-textarea Character Counter shows count only when no maxlength","status":"passed","title":"shows count only when no maxlength","duration":0.5,"failureMessages":[],"meta":{}},{"ancestorTitles":["wc-textarea","Character Counter"],"fullName":"wc-textarea Character Counter counter still visible when error is set","status":"passed","title":"counter still visible when error is set","duration":0.30000007152557373,"failureMessages":[],"meta":{}},{"ancestorTitles":["wc-textarea","Property: name"],"fullName":"wc-textarea Property: name sets name attr on native textarea","status":"passed","title":"sets name attr on native textarea","duration":0.19999992847442627,"failureMessages":[],"meta":{}},{"ancestorTitles":["wc-textarea","Property: ariaLabel"],"fullName":"wc-textarea Property: ariaLabel sets aria-label on native textarea","status":"passed","title":"sets aria-label on native textarea","duration":0.30000007152557373,"failureMessages":[],"meta":{}},{"ancestorTitles":["wc-textarea","Accessibility (axe-core)"],"fullName":"wc-textarea Accessibility (axe-core) has no axe violations in default state","status":"passed","title":"has no axe violations in default state","duration":258.09999990463257,"failureMessages":[],"meta":{}},{"ancestorTitles":["wc-textarea","Accessibility (axe-core)"],"fullName":"wc-textarea Accessibility (axe-core) has no axe violations in error state","status":"passed","title":"has no axe violations in error state","duration":19.800000071525574,"failureMessages":[],"meta":{}},{"ancestorTitles":["wc-textarea","Accessibility (axe-core)"],"fullName":"wc-textarea Accessibility (axe-core) has no axe violations when disabled","status":"passed","title":"has no axe violations when disabled","duration":8.600000023841858,"failureMessages":[],"meta":{}},{"ancestorTitles":["wc-textarea","Accessibility (axe-core)"],"fullName":"wc-textarea Accessibility (axe-core) has no axe violations when required","status":"passed","title":"has no axe violations when required","duration":14.699999928474426,"failureMessages":[],"meta":{}}],"startTime":1771130544741,"endTime":1771130545192.7,"status":"passed","message":"","name":"/Volumes/Development/wc-2026/packages/wc-library/src/components/wc-textarea/wc-textarea.test.ts"}]}