{"numTotalTestSuites":257,"numPassedTestSuites":257,"numFailedTestSuites":0,"numPendingTestSuites":0,"numTotalTests":655,"numPassedTests":655,"numFailedTests":0,"numPendingTests":0,"numTodoTests":0,"snapshot":{"added":0,"failure":false,"filesAdded":0,"filesRemoved":0,"filesRemovedList":[],"filesUnmatched":0,"filesUpdated":0,"matched":0,"total":0,"unchecked":0,"uncheckedKeysByFile":[],"unmatched":0,"updated":0,"didUpdate":false},"startTime":1772297666291,"success":true,"testResults":[{"assertionResults":[{"ancestorTitles":["Extension Contract: hx-button"],"fullName":"Extension Contract: hx-button getButtonClasses() override adds classes to the rendered button","status":"passed","title":"getButtonClasses() override adds classes to the rendered button","duration":1.899999976158142,"failureMessages":[],"meta":{}},{"ancestorTitles":["Extension Contract: hx-button"],"fullName":"Extension Contract: hx-button renderContent() override changes button inner content","status":"passed","title":"renderContent() override changes button inner content","duration":0.5,"failureMessages":[],"meta":{}},{"ancestorTitles":["Extension Contract: hx-button"],"fullName":"Extension Contract: hx-button shouldHandleClick() returning false prevents hx-click event","status":"passed","title":"shouldHandleClick() returning false prevents hx-click event","duration":0.40000003576278687,"failureMessages":[],"meta":{}},{"ancestorTitles":["Extension Contract: hx-button"],"fullName":"Extension Contract: hx-button afterClick() is called after a successful click","status":"passed","title":"afterClick() is called after a successful click","duration":0.2999999523162842,"failureMessages":[],"meta":{}},{"ancestorTitles":["Extension Contract: hx-alert"],"fullName":"Extension Contract: hx-alert getAlertClasses() override adds classes to alert container","status":"passed","title":"getAlertClasses() override adds classes to alert container","duration":1,"failureMessages":[],"meta":{}},{"ancestorTitles":["Extension Contract: hx-alert"],"fullName":"Extension Contract: hx-alert getAriaRole() override changes the role attribute","status":"passed","title":"getAriaRole() override changes the role attribute","duration":0.19999998807907104,"failureMessages":[],"meta":{}},{"ancestorTitles":["Extension Contract: hx-alert"],"fullName":"Extension Contract: hx-alert getAriaLive() override changes aria-live","status":"passed","title":"getAriaLive() override changes aria-live","duration":0.19999998807907104,"failureMessages":[],"meta":{}},{"ancestorTitles":["Extension Contract: hx-alert"],"fullName":"Extension Contract: hx-alert renderDefaultIcon() override changes icon rendering","status":"passed","title":"renderDefaultIcon() override changes icon rendering","duration":0.30000001192092896,"failureMessages":[],"meta":{}},{"ancestorTitles":["Extension Contract: hx-alert"],"fullName":"Extension Contract: hx-alert handleClose() override can prevent dismissal by not calling super","status":"passed","title":"handleClose() override can prevent dismissal by not calling super","duration":0.30000001192092896,"failureMessages":[],"meta":{}},{"ancestorTitles":["Extension Contract: hx-badge"],"fullName":"Extension Contract: hx-badge getBadgeClasses() override adds classes to the badge","status":"passed","title":"getBadgeClasses() override adds classes to the badge","duration":1.100000023841858,"failureMessages":[],"meta":{}},{"ancestorTitles":["Extension Contract: hx-badge"],"fullName":"Extension Contract: hx-badge renderContent() override changes badge content","status":"passed","title":"renderContent() override changes badge content","duration":0.19999998807907104,"failureMessages":[],"meta":{}},{"ancestorTitles":["Extension Contract: hx-card"],"fullName":"Extension Contract: hx-card getCardClasses() override adds classes to the card","status":"passed","title":"getCardClasses() override adds classes to the card","duration":0.699999988079071,"failureMessages":[],"meta":{}},{"ancestorTitles":["Extension Contract: hx-card"],"fullName":"Extension Contract: hx-card renderImageSection() override modifies image section","status":"passed","title":"renderImageSection() override modifies image section","duration":0.30000001192092896,"failureMessages":[],"meta":{}},{"ancestorTitles":["Extension Contract: hx-card"],"fullName":"Extension Contract: hx-card renderBodySection() override modifies body section","status":"passed","title":"renderBodySection() override modifies body section","duration":0.19999998807907104,"failureMessages":[],"meta":{}},{"ancestorTitles":["Extension Contract: hx-card"],"fullName":"Extension Contract: hx-card shouldHandleClick() returning false prevents hx-card-click event","status":"passed","title":"shouldHandleClick() returning false prevents hx-card-click event","duration":0.19999998807907104,"failureMessages":[],"meta":{}},{"ancestorTitles":["Extension Contract: hx-checkbox"],"fullName":"Extension Contract: hx-checkbox getCheckboxClasses() override adds classes to field wrapper","status":"passed","title":"getCheckboxClasses() override adds classes to field wrapper","duration":0.9000000357627869,"failureMessages":[],"meta":{}},{"ancestorTitles":["Extension Contract: hx-checkbox"],"fullName":"Extension Contract: hx-checkbox updateValidity() override is called when value changes","status":"passed","title":"updateValidity() override is called when value changes","duration":0.3999999761581421,"failureMessages":[],"meta":{}},{"ancestorTitles":["Extension Contract: hx-checkbox"],"fullName":"Extension Contract: hx-checkbox shouldHandleChange() returning false prevents hx-change event","status":"passed","title":"shouldHandleChange() returning false prevents hx-change event","duration":0.30000001192092896,"failureMessages":[],"meta":{}},{"ancestorTitles":["Extension Contract: hx-container"],"fullName":"Extension Contract: hx-container getContainerClasses() override adds classes","status":"passed","title":"getContainerClasses() override adds classes","duration":0.40000003576278687,"failureMessages":[],"meta":{}},{"ancestorTitles":["Extension Contract: hx-container"],"fullName":"Extension Contract: hx-container renderContent() override changes container content","status":"passed","title":"renderContent() override changes container content","duration":0.19999998807907104,"failureMessages":[],"meta":{}},{"ancestorTitles":["Extension Contract: hx-radio-group"],"fullName":"Extension Contract: hx-radio-group getGroupClasses() override adds classes to group","status":"passed","title":"getGroupClasses() override adds classes to group","duration":0.6000000238418579,"failureMessages":[],"meta":{}},{"ancestorTitles":["Extension Contract: hx-radio-group"],"fullName":"Extension Contract: hx-radio-group updateValidity() override is called during validation","status":"passed","title":"updateValidity() override is called during validation","duration":0.2999999523162842,"failureMessages":[],"meta":{}},{"ancestorTitles":["Extension Contract: hx-select"],"fullName":"Extension Contract: hx-select getSelectClasses() override adds classes","status":"passed","title":"getSelectClasses() override adds classes","duration":0.800000011920929,"failureMessages":[],"meta":{}},{"ancestorTitles":["Extension Contract: hx-select"],"fullName":"Extension Contract: hx-select updateValidity() override is called when value changes","status":"passed","title":"updateValidity() override is called when value changes","duration":0.5,"failureMessages":[],"meta":{}},{"ancestorTitles":["Extension Contract: hx-select"],"fullName":"Extension Contract: hx-select shouldHandleChange() returning false prevents hx-change event","status":"passed","title":"shouldHandleChange() returning false prevents hx-change event","duration":0.40000003576278687,"failureMessages":[],"meta":{}},{"ancestorTitles":["Extension Contract: hx-switch"],"fullName":"Extension Contract: hx-switch getSwitchClasses() override adds classes","status":"passed","title":"getSwitchClasses() override adds classes","duration":0.5,"failureMessages":[],"meta":{}},{"ancestorTitles":["Extension Contract: hx-switch"],"fullName":"Extension Contract: hx-switch updateValidity() override is called when checked changes","status":"passed","title":"updateValidity() override is called when checked changes","duration":0.2999999523162842,"failureMessages":[],"meta":{}},{"ancestorTitles":["Extension Contract: hx-switch"],"fullName":"Extension Contract: hx-switch shouldHandleChange() returning false prevents hx-change event","status":"passed","title":"shouldHandleChange() returning false prevents hx-change event","duration":0.30000001192092896,"failureMessages":[],"meta":{}},{"ancestorTitles":["Extension Contract: hx-text-input"],"fullName":"Extension Contract: hx-text-input getFieldClasses() override adds classes","status":"passed","title":"getFieldClasses() override adds classes","duration":0.40000003576278687,"failureMessages":[],"meta":{}},{"ancestorTitles":["Extension Contract: hx-text-input"],"fullName":"Extension Contract: hx-text-input updateValidity() override is called when value changes","status":"passed","title":"updateValidity() override is called when value changes","duration":0.2999999523162842,"failureMessages":[],"meta":{}},{"ancestorTitles":["Extension Contract: hx-text-input"],"fullName":"Extension Contract: hx-text-input shouldHandleInput() returning false prevents hx-input event","status":"passed","title":"shouldHandleInput() returning false prevents hx-input event","duration":0.10000002384185791,"failureMessages":[],"meta":{}},{"ancestorTitles":["Extension Contract: hx-textarea"],"fullName":"Extension Contract: hx-textarea getFieldClasses() override adds classes","status":"passed","title":"getFieldClasses() override adds classes","duration":0.699999988079071,"failureMessages":[],"meta":{}},{"ancestorTitles":["Extension Contract: hx-textarea"],"fullName":"Extension Contract: hx-textarea updateValidity() override is called when value changes","status":"passed","title":"updateValidity() override is called when value changes","duration":0.30000001192092896,"failureMessages":[],"meta":{}},{"ancestorTitles":["Extension Contract: hx-form"],"fullName":"Extension Contract: hx-form getFormAttributes() override adds attributes, and override is invoked during render","status":"passed","title":"getFormAttributes() override adds attributes, and override is invoked during render","duration":0.9000000357627869,"failureMessages":[],"meta":{}},{"ancestorTitles":["Extension Contract: hx-form"],"fullName":"Extension Contract: hx-form renderFormContent() override changes form content","status":"passed","title":"renderFormContent() override changes form content","duration":0.19999998807907104,"failureMessages":[],"meta":{}},{"ancestorTitles":["Extension Contract: hx-prose"],"fullName":"Extension Contract: hx-prose applyMaxWidth() override is called when max-width property changes","status":"passed","title":"applyMaxWidth() override is called when max-width property changes","duration":1.5999999642372131,"failureMessages":[],"meta":{}},{"ancestorTitles":["Extension Contract: hx-prose"],"fullName":"Extension Contract: hx-prose renderContent() override changes prose content","status":"passed","title":"renderContent() override changes prose content","duration":0.30000001192092896,"failureMessages":[],"meta":{}}],"startTime":1772297671925,"endTime":1772297671944.3,"status":"passed","message":"","name":"/Volumes/Development/helix/.worktrees/feature-phase-1-production-run-health-scorer/packages/hx-library/src/components/extension-contract.test.ts"},{"assertionResults":[{"ancestorTitles":["hx-alert","Rendering"],"fullName":"hx-alert Rendering renders with shadow DOM","status":"passed","title":"renders with shadow DOM","duration":7.399999976158142,"failureMessages":[],"meta":{}},{"ancestorTitles":["hx-alert","Rendering"],"fullName":"hx-alert Rendering renders the alert container","status":"passed","title":"renders the alert container","duration":0.30000001192092896,"failureMessages":[],"meta":{}},{"ancestorTitles":["hx-alert","Rendering"],"fullName":"hx-alert Rendering renders default slot content","status":"passed","title":"renders default slot content","duration":0.19999998807907104,"failureMessages":[],"meta":{}},{"ancestorTitles":["hx-alert","Rendering"],"fullName":"hx-alert Rendering is visible by default (open=true)","status":"passed","title":"is visible by default (open=true)","duration":0.20000004768371582,"failureMessages":[],"meta":{}},{"ancestorTitles":["hx-alert","Property: variant"],"fullName":"hx-alert Property: variant defaults to \"info\"","status":"passed","title":"defaults to \"info\"","duration":0.19999998807907104,"failureMessages":[],"meta":{}},{"ancestorTitles":["hx-alert","Property: variant"],"fullName":"hx-alert Property: variant reflects variant attribute to property","status":"passed","title":"reflects variant attribute to property","duration":0.30000001192092896,"failureMessages":[],"meta":{}},{"ancestorTitles":["hx-alert","Property: variant"],"fullName":"hx-alert Property: variant applies \"success\" variant via attribute","status":"passed","title":"applies \"success\" variant via attribute","duration":0.10000002384185791,"failureMessages":[],"meta":{}},{"ancestorTitles":["hx-alert","Property: variant"],"fullName":"hx-alert Property: variant applies \"warning\" variant via attribute","status":"passed","title":"applies \"warning\" variant via attribute","duration":0.30000001192092896,"failureMessages":[],"meta":{}},{"ancestorTitles":["hx-alert","Property: variant"],"fullName":"hx-alert Property: variant applies \"error\" variant via attribute","status":"passed","title":"applies \"error\" variant via attribute","duration":0.09999996423721313,"failureMessages":[],"meta":{}},{"ancestorTitles":["hx-alert","Property: closable"],"fullName":"hx-alert Property: closable defaults to false","status":"passed","title":"defaults to false","duration":0.09999996423721313,"failureMessages":[],"meta":{}},{"ancestorTitles":["hx-alert","Property: closable"],"fullName":"hx-alert Property: closable renders close button when closable","status":"passed","title":"renders close button when closable","duration":0.30000001192092896,"failureMessages":[],"meta":{}},{"ancestorTitles":["hx-alert","Property: closable"],"fullName":"hx-alert Property: closable does not render close button when not closable","status":"passed","title":"does not render close button when not closable","duration":0.10000002384185791,"failureMessages":[],"meta":{}},{"ancestorTitles":["hx-alert","Property: open"],"fullName":"hx-alert Property: open defaults to true","status":"passed","title":"defaults to true","duration":0.19999998807907104,"failureMessages":[],"meta":{}},{"ancestorTitles":["hx-alert","Property: open"],"fullName":"hx-alert Property: open hides alert when open is false","status":"passed","title":"hides alert when open is false","duration":0.19999998807907104,"failureMessages":[],"meta":{}},{"ancestorTitles":["hx-alert","Property: open"],"fullName":"hx-alert Property: open reflects open attribute","status":"passed","title":"reflects open attribute","duration":0.10000002384185791,"failureMessages":[],"meta":{}},{"ancestorTitles":["hx-alert","Events"],"fullName":"hx-alert Events dispatches wc-close when close button is clicked","status":"passed","title":"dispatches wc-close when close button is clicked","duration":0.30000001192092896,"failureMessages":[],"meta":{}},{"ancestorTitles":["hx-alert","Events"],"fullName":"hx-alert Events hx-close event has detail.reason = \"user\"","status":"passed","title":"hx-close event has detail.reason = \"user\"","duration":0.09999996423721313,"failureMessages":[],"meta":{}},{"ancestorTitles":["hx-alert","Events"],"fullName":"hx-alert Events hx-close bubbles and is composed","status":"passed","title":"hx-close bubbles and is composed","duration":0.19999998807907104,"failureMessages":[],"meta":{}},{"ancestorTitles":["hx-alert","Events"],"fullName":"hx-alert Events dispatches wc-after-close after close","status":"passed","title":"dispatches wc-after-close after close","duration":0.20000004768371582,"failureMessages":[],"meta":{}},{"ancestorTitles":["hx-alert","Close behavior"],"fullName":"hx-alert Close behavior sets open to false when close button is clicked","status":"passed","title":"sets open to false when close button is clicked","duration":0.09999996423721313,"failureMessages":[],"meta":{}},{"ancestorTitles":["hx-alert","Close behavior"],"fullName":"hx-alert Close behavior removes open attribute when closed","status":"passed","title":"removes open attribute when closed","duration":0.30000001192092896,"failureMessages":[],"meta":{}},{"ancestorTitles":["hx-alert","Slots"],"fullName":"hx-alert Slots default slot renders message content","status":"passed","title":"default slot renders message content","duration":0.19999998807907104,"failureMessages":[],"meta":{}},{"ancestorTitles":["hx-alert","Slots"],"fullName":"hx-alert Slots icon slot renders custom icon","status":"passed","title":"icon slot renders custom icon","duration":0,"failureMessages":[],"meta":{}},{"ancestorTitles":["hx-alert","Slots"],"fullName":"hx-alert Slots actions slot renders action content","status":"passed","title":"actions slot renders action content","duration":1.4000000357627869,"failureMessages":[],"meta":{}},{"ancestorTitles":["hx-alert","CSS Parts"],"fullName":"hx-alert CSS Parts exposes \"alert\" part","status":"passed","title":"exposes \"alert\" part","duration":0.19999998807907104,"failureMessages":[],"meta":{}},{"ancestorTitles":["hx-alert","CSS Parts"],"fullName":"hx-alert CSS Parts exposes \"icon\" part","status":"passed","title":"exposes \"icon\" part","duration":0.09999996423721313,"failureMessages":[],"meta":{}},{"ancestorTitles":["hx-alert","CSS Parts"],"fullName":"hx-alert CSS Parts exposes \"message\" part","status":"passed","title":"exposes \"message\" part","duration":0.20000004768371582,"failureMessages":[],"meta":{}},{"ancestorTitles":["hx-alert","CSS Parts"],"fullName":"hx-alert CSS Parts exposes \"close-button\" part when closable","status":"passed","title":"exposes \"close-button\" part when closable","duration":0.19999998807907104,"failureMessages":[],"meta":{}},{"ancestorTitles":["hx-alert","CSS Parts"],"fullName":"hx-alert CSS Parts exposes \"actions\" part","status":"passed","title":"exposes \"actions\" part","duration":0,"failureMessages":[],"meta":{}},{"ancestorTitles":["hx-alert","Accessibility"],"fullName":"hx-alert Accessibility uses role=\"status\" for info variant","status":"passed","title":"uses role=\"status\" for info variant","duration":0.10000002384185791,"failureMessages":[],"meta":{}},{"ancestorTitles":["hx-alert","Accessibility"],"fullName":"hx-alert Accessibility uses role=\"status\" for success variant","status":"passed","title":"uses role=\"status\" for success variant","duration":0.19999998807907104,"failureMessages":[],"meta":{}},{"ancestorTitles":["hx-alert","Accessibility"],"fullName":"hx-alert Accessibility uses role=\"alert\" for warning variant","status":"passed","title":"uses role=\"alert\" for warning variant","duration":0,"failureMessages":[],"meta":{}},{"ancestorTitles":["hx-alert","Accessibility"],"fullName":"hx-alert Accessibility uses role=\"alert\" for error variant","status":"passed","title":"uses role=\"alert\" for error variant","duration":0.19999998807907104,"failureMessages":[],"meta":{}},{"ancestorTitles":["hx-alert","Accessibility"],"fullName":"hx-alert Accessibility uses aria-live=\"polite\" for info/success variants","status":"passed","title":"uses aria-live=\"polite\" for info/success variants","duration":0.10000002384185791,"failureMessages":[],"meta":{}},{"ancestorTitles":["hx-alert","Accessibility"],"fullName":"hx-alert Accessibility uses aria-live=\"assertive\" for warning/error variants","status":"passed","title":"uses aria-live=\"assertive\" for warning/error variants","duration":0,"failureMessages":[],"meta":{}},{"ancestorTitles":["hx-alert","Close button accessibility"],"fullName":"hx-alert Close button accessibility close button has aria-label=\"Close\"","status":"passed","title":"close button has aria-label=\"Close\"","duration":0.09999996423721313,"failureMessages":[],"meta":{}},{"ancestorTitles":["hx-alert","Close button accessibility"],"fullName":"hx-alert Close button accessibility close button is a <button> element","status":"passed","title":"close button is a <button> element","duration":0.10000002384185791,"failureMessages":[],"meta":{}},{"ancestorTitles":["hx-alert","Default icons"],"fullName":"hx-alert Default icons renders a default SVG icon per variant","status":"passed","title":"renders a default SVG icon per variant","duration":0.19999998807907104,"failureMessages":[],"meta":{}},{"ancestorTitles":["hx-alert","Accessibility (axe-core)"],"fullName":"hx-alert Accessibility (axe-core) has no axe violations in default state","status":"passed","title":"has no axe violations in default state","duration":231,"failureMessages":[],"meta":{}},{"ancestorTitles":["hx-alert","Accessibility (axe-core)"],"fullName":"hx-alert Accessibility (axe-core) has no axe violations for all variants","status":"passed","title":"has no axe violations for all variants","duration":522.3000000119209,"failureMessages":[],"meta":{}},{"ancestorTitles":["hx-alert","Accessibility (axe-core)"],"fullName":"hx-alert Accessibility (axe-core) has no axe violations when closable","status":"passed","title":"has no axe violations when closable","duration":45.89999997615814,"failureMessages":[],"meta":{}},{"ancestorTitles":["hx-alert","Dynamic Property Updates"],"fullName":"hx-alert Dynamic Property Updates updates variant class when property changes","status":"passed","title":"updates variant class when property changes","duration":0.40000003576278687,"failureMessages":[],"meta":{}},{"ancestorTitles":["hx-alert","Dynamic Property Updates"],"fullName":"hx-alert Dynamic Property Updates updates role when variant changes to error","status":"passed","title":"updates role when variant changes to error","duration":0.19999998807907104,"failureMessages":[],"meta":{}},{"ancestorTitles":["hx-alert","Dynamic Property Updates"],"fullName":"hx-alert Dynamic Property Updates updates aria-live to assertive for warning variant","status":"passed","title":"updates aria-live to assertive for warning variant","duration":0.19999998807907104,"failureMessages":[],"meta":{}},{"ancestorTitles":["hx-alert","Dynamic Property Updates"],"fullName":"hx-alert Dynamic Property Updates shows close button when closable becomes true","status":"passed","title":"shows close button when closable becomes true","duration":0.19999998807907104,"failureMessages":[],"meta":{}},{"ancestorTitles":["hx-alert","Dynamic Property Updates"],"fullName":"hx-alert Dynamic Property Updates re-opens alert by setting open to true","status":"passed","title":"re-opens alert by setting open to true","duration":0.19999998807907104,"failureMessages":[],"meta":{}}],"startTime":1772297671383,"endTime":1772297672198.2,"status":"passed","message":"","name":"/Volumes/Development/helix/.worktrees/feature-phase-1-production-run-health-scorer/packages/hx-library/src/components/hx-alert/hx-alert.test.ts"},{"assertionResults":[{"ancestorTitles":["hx-badge","Rendering"],"fullName":"hx-badge Rendering renders with shadow DOM","status":"passed","title":"renders with shadow DOM","duration":8.699999988079071,"failureMessages":[],"meta":{}},{"ancestorTitles":["hx-badge","Rendering"],"fullName":"hx-badge Rendering exposes \"badge\" CSS part","status":"passed","title":"exposes \"badge\" CSS part","duration":0.6000000238418579,"failureMessages":[],"meta":{}},{"ancestorTitles":["hx-badge","Rendering"],"fullName":"hx-badge Rendering applies default variant=primary class","status":"passed","title":"applies default variant=primary class","duration":0.19999998807907104,"failureMessages":[],"meta":{}},{"ancestorTitles":["hx-badge","Rendering"],"fullName":"hx-badge Rendering applies default size=md class","status":"passed","title":"applies default size=md class","duration":0.09999996423721313,"failureMessages":[],"meta":{}},{"ancestorTitles":["hx-badge","Rendering"],"fullName":"hx-badge Rendering renders a <span> element as the badge","status":"passed","title":"renders a <span> element as the badge","duration":0.20000004768371582,"failureMessages":[],"meta":{}},{"ancestorTitles":["hx-badge","Property: variant"],"fullName":"hx-badge Property: variant reflects variant attr to host","status":"passed","title":"reflects variant attr to host","duration":0.30000001192092896,"failureMessages":[],"meta":{}},{"ancestorTitles":["hx-badge","Property: variant"],"fullName":"hx-badge Property: variant applies primary class","status":"passed","title":"applies primary class","duration":0.10000002384185791,"failureMessages":[],"meta":{}},{"ancestorTitles":["hx-badge","Property: variant"],"fullName":"hx-badge Property: variant applies success class","status":"passed","title":"applies success class","duration":0.09999996423721313,"failureMessages":[],"meta":{}},{"ancestorTitles":["hx-badge","Property: variant"],"fullName":"hx-badge Property: variant applies warning class","status":"passed","title":"applies warning class","duration":0.19999998807907104,"failureMessages":[],"meta":{}},{"ancestorTitles":["hx-badge","Property: variant"],"fullName":"hx-badge Property: variant applies error class","status":"passed","title":"applies error class","duration":0.10000002384185791,"failureMessages":[],"meta":{}},{"ancestorTitles":["hx-badge","Property: variant"],"fullName":"hx-badge Property: variant applies neutral class","status":"passed","title":"applies neutral class","duration":0.19999998807907104,"failureMessages":[],"meta":{}},{"ancestorTitles":["hx-badge","Property: size"],"fullName":"hx-badge Property: size applies sm class","status":"passed","title":"applies sm class","duration":0.6000000238418579,"failureMessages":[],"meta":{}},{"ancestorTitles":["hx-badge","Property: size"],"fullName":"hx-badge Property: size applies md class","status":"passed","title":"applies md class","duration":0.19999998807907104,"failureMessages":[],"meta":{}},{"ancestorTitles":["hx-badge","Property: size"],"fullName":"hx-badge Property: size applies lg class","status":"passed","title":"applies lg class","duration":0.5,"failureMessages":[],"meta":{}},{"ancestorTitles":["hx-badge","Property: pill"],"fullName":"hx-badge Property: pill applies pill class when pill is set","status":"passed","title":"applies pill class when pill is set","duration":0.19999998807907104,"failureMessages":[],"meta":{}},{"ancestorTitles":["hx-badge","Property: pill"],"fullName":"hx-badge Property: pill does not apply pill class by default","status":"passed","title":"does not apply pill class by default","duration":0.10000002384185791,"failureMessages":[],"meta":{}},{"ancestorTitles":["hx-badge","Property: pill"],"fullName":"hx-badge Property: pill reflects pill attr to host","status":"passed","title":"reflects pill attr to host","duration":0.09999996423721313,"failureMessages":[],"meta":{}},{"ancestorTitles":["hx-badge","Property: pulse"],"fullName":"hx-badge Property: pulse applies pulse class when pulse is set","status":"passed","title":"applies pulse class when pulse is set","duration":0.19999998807907104,"failureMessages":[],"meta":{}},{"ancestorTitles":["hx-badge","Property: pulse"],"fullName":"hx-badge Property: pulse does not apply pulse class by default","status":"passed","title":"does not apply pulse class by default","duration":0.19999998807907104,"failureMessages":[],"meta":{}},{"ancestorTitles":["hx-badge","Property: pulse"],"fullName":"hx-badge Property: pulse reflects pulse attr to host","status":"passed","title":"reflects pulse attr to host","duration":0.10000002384185791,"failureMessages":[],"meta":{}},{"ancestorTitles":["hx-badge","Dot Indicator"],"fullName":"hx-badge Dot Indicator renders as dot when slot is empty and pulse is true","status":"passed","title":"renders as dot when slot is empty and pulse is true","duration":52.19999998807907,"failureMessages":[],"meta":{}},{"ancestorTitles":["hx-badge","Dot Indicator"],"fullName":"hx-badge Dot Indicator does not render as dot when slot has content","status":"passed","title":"does not render as dot when slot has content","duration":51.90000003576279,"failureMessages":[],"meta":{}},{"ancestorTitles":["hx-badge","Dot Indicator"],"fullName":"hx-badge Dot Indicator does not render as dot when pulse is false and slot is empty","status":"passed","title":"does not render as dot when pulse is false and slot is empty","duration":51.69999998807907,"failureMessages":[],"meta":{}},{"ancestorTitles":["hx-badge","Slots"],"fullName":"hx-badge Slots default slot renders text","status":"passed","title":"default slot renders text","duration":0.30000001192092896,"failureMessages":[],"meta":{}},{"ancestorTitles":["hx-badge","Slots"],"fullName":"hx-badge Slots default slot renders HTML","status":"passed","title":"default slot renders HTML","duration":0.19999998807907104,"failureMessages":[],"meta":{}},{"ancestorTitles":["hx-badge","CSS Parts"],"fullName":"hx-badge CSS Parts badge part is accessible for external styling","status":"passed","title":"badge part is accessible for external styling","duration":0.19999998807907104,"failureMessages":[],"meta":{}},{"ancestorTitles":["hx-badge","Accessibility"],"fullName":"hx-badge Accessibility renders as inline element (no interactive role needed)","status":"passed","title":"renders as inline element (no interactive role needed)","duration":0.10000002384185791,"failureMessages":[],"meta":{}},{"ancestorTitles":["hx-badge","Accessibility"],"fullName":"hx-badge Accessibility does not have interactive ARIA role","status":"passed","title":"does not have interactive ARIA role","duration":0.09999996423721313,"failureMessages":[],"meta":{}},{"ancestorTitles":["hx-badge","Dynamic Updates"],"fullName":"hx-badge Dynamic Updates updates variant class when property changes","status":"passed","title":"updates variant class when property changes","duration":0.10000002384185791,"failureMessages":[],"meta":{}},{"ancestorTitles":["hx-badge","Dynamic Updates"],"fullName":"hx-badge Dynamic Updates updates size class when property changes","status":"passed","title":"updates size class when property changes","duration":0.19999998807907104,"failureMessages":[],"meta":{}},{"ancestorTitles":["hx-badge","Accessibility (axe-core)"],"fullName":"hx-badge Accessibility (axe-core) has no axe violations in default state","status":"passed","title":"has no axe violations in default state","duration":469,"failureMessages":[],"meta":{}},{"ancestorTitles":["hx-badge","Accessibility (axe-core)"],"fullName":"hx-badge Accessibility (axe-core) has no axe violations for all variants","status":"passed","title":"has no axe violations for all variants","duration":285,"failureMessages":[],"meta":{}},{"ancestorTitles":["hx-badge","Dynamic Property Toggles"],"fullName":"hx-badge Dynamic Property Toggles pill class added dynamically","status":"passed","title":"pill class added dynamically","duration":0.5,"failureMessages":[],"meta":{}},{"ancestorTitles":["hx-badge","Dynamic Property Toggles"],"fullName":"hx-badge Dynamic Property Toggles pill class removed dynamically","status":"passed","title":"pill class removed dynamically","duration":0.19999998807907104,"failureMessages":[],"meta":{}},{"ancestorTitles":["hx-badge","Dynamic Property Toggles"],"fullName":"hx-badge Dynamic Property Toggles pulse class added dynamically","status":"passed","title":"pulse class added dynamically","duration":0.20000004768371582,"failureMessages":[],"meta":{}}],"startTime":1772297671382,"endTime":1772297672308.2,"status":"passed","message":"","name":"/Volumes/Development/helix/.worktrees/feature-phase-1-production-run-health-scorer/packages/hx-library/src/components/hx-badge/hx-badge.test.ts"},{"assertionResults":[{"ancestorTitles":["hx-button","Rendering"],"fullName":"hx-button Rendering renders with shadow DOM","status":"passed","title":"renders with shadow DOM","duration":6.899999976158142,"failureMessages":[],"meta":{}},{"ancestorTitles":["hx-button","Rendering"],"fullName":"hx-button Rendering exposes \"button\" CSS part","status":"passed","title":"exposes \"button\" CSS part","duration":0.40000003576278687,"failureMessages":[],"meta":{}},{"ancestorTitles":["hx-button","Rendering"],"fullName":"hx-button Rendering applies default variant=primary class","status":"passed","title":"applies default variant=primary class","duration":0.19999998807907104,"failureMessages":[],"meta":{}},{"ancestorTitles":["hx-button","Rendering"],"fullName":"hx-button Rendering applies default size=md class","status":"passed","title":"applies default size=md class","duration":0.19999998807907104,"failureMessages":[],"meta":{}},{"ancestorTitles":["hx-button","Rendering"],"fullName":"hx-button Rendering renders native <button> element","status":"passed","title":"renders native <button> element","duration":0.19999998807907104,"failureMessages":[],"meta":{}},{"ancestorTitles":["hx-button","Property: variant"],"fullName":"hx-button Property: variant reflects variant attr to host","status":"passed","title":"reflects variant attr to host","duration":0.19999998807907104,"failureMessages":[],"meta":{}},{"ancestorTitles":["hx-button","Property: variant"],"fullName":"hx-button Property: variant applies secondary class","status":"passed","title":"applies secondary class","duration":0.20000004768371582,"failureMessages":[],"meta":{}},{"ancestorTitles":["hx-button","Property: variant"],"fullName":"hx-button Property: variant applies ghost class","status":"passed","title":"applies ghost class","duration":0.19999998807907104,"failureMessages":[],"meta":{}},{"ancestorTitles":["hx-button","Property: size"],"fullName":"hx-button Property: size applies sm class","status":"passed","title":"applies sm class","duration":0.699999988079071,"failureMessages":[],"meta":{}},{"ancestorTitles":["hx-button","Property: size"],"fullName":"hx-button Property: size applies md class","status":"passed","title":"applies md class","duration":0.19999998807907104,"failureMessages":[],"meta":{}},{"ancestorTitles":["hx-button","Property: size"],"fullName":"hx-button Property: size applies lg class","status":"passed","title":"applies lg class","duration":0.699999988079071,"failureMessages":[],"meta":{}},{"ancestorTitles":["hx-button","Property: disabled"],"fullName":"hx-button Property: disabled sets native disabled attribute","status":"passed","title":"sets native disabled attribute","duration":0.30000001192092896,"failureMessages":[],"meta":{}},{"ancestorTitles":["hx-button","Property: disabled"],"fullName":"hx-button Property: disabled sets aria-disabled=\"true\"","status":"passed","title":"sets aria-disabled=\"true\"","duration":0.10000002384185791,"failureMessages":[],"meta":{}},{"ancestorTitles":["hx-button","Property: disabled"],"fullName":"hx-button Property: disabled does not set aria-disabled when enabled","status":"passed","title":"does not set aria-disabled when enabled","duration":0.09999996423721313,"failureMessages":[],"meta":{}},{"ancestorTitles":["hx-button","Property: disabled"],"fullName":"hx-button Property: disabled applies host opacity 0.5 via disabled attribute","status":"passed","title":"applies host opacity 0.5 via disabled attribute","duration":0.10000002384185791,"failureMessages":[],"meta":{}},{"ancestorTitles":["hx-button","Property: type"],"fullName":"hx-button Property: type defaults to type=\"button\"","status":"passed","title":"defaults to type=\"button\"","duration":0.19999998807907104,"failureMessages":[],"meta":{}},{"ancestorTitles":["hx-button","Property: type"],"fullName":"hx-button Property: type sets type=\"submit\" on native button","status":"passed","title":"sets type=\"submit\" on native button","duration":0.10000002384185791,"failureMessages":[],"meta":{}},{"ancestorTitles":["hx-button","Property: type"],"fullName":"hx-button Property: type sets type=\"reset\" on native button","status":"passed","title":"sets type=\"reset\" on native button","duration":0.09999996423721313,"failureMessages":[],"meta":{}},{"ancestorTitles":["hx-button","Events"],"fullName":"hx-button Events dispatches wc-click on click","status":"passed","title":"dispatches wc-click on click","duration":0.30000001192092896,"failureMessages":[],"meta":{}},{"ancestorTitles":["hx-button","Events"],"fullName":"hx-button Events hx-click bubbles and is composed","status":"passed","title":"hx-click bubbles and is composed","duration":0.19999998807907104,"failureMessages":[],"meta":{}},{"ancestorTitles":["hx-button","Events"],"fullName":"hx-button Events hx-click detail contains originalEvent","status":"passed","title":"hx-click detail contains originalEvent","duration":0.10000002384185791,"failureMessages":[],"meta":{}},{"ancestorTitles":["hx-button","Events"],"fullName":"hx-button Events does NOT dispatch wc-click when disabled","status":"passed","title":"does NOT dispatch wc-click when disabled","duration":52.10000002384186,"failureMessages":[],"meta":{}},{"ancestorTitles":["hx-button","Keyboard"],"fullName":"hx-button Keyboard Enter activates native button","status":"passed","title":"Enter activates native button","duration":0.5,"failureMessages":[],"meta":{}},{"ancestorTitles":["hx-button","Keyboard"],"fullName":"hx-button Keyboard Space activates native button","status":"passed","title":"Space activates native button","duration":0.10000002384185791,"failureMessages":[],"meta":{}},{"ancestorTitles":["hx-button","Slots"],"fullName":"hx-button Slots default slot renders text","status":"passed","title":"default slot renders text","duration":0.19999998807907104,"failureMessages":[],"meta":{}},{"ancestorTitles":["hx-button","Slots"],"fullName":"hx-button Slots default slot renders HTML","status":"passed","title":"default slot renders HTML","duration":0.19999998807907104,"failureMessages":[],"meta":{}},{"ancestorTitles":["hx-button","Form"],"fullName":"hx-button Form has formAssociated=true","status":"passed","title":"has formAssociated=true","duration":0,"failureMessages":[],"meta":{}},{"ancestorTitles":["hx-button","Form"],"fullName":"hx-button Form has ElementInternals attached","status":"passed","title":"has ElementInternals attached","duration":0.10000002384185791,"failureMessages":[],"meta":{}},{"ancestorTitles":["hx-button","Form"],"fullName":"hx-button Form calls form.requestSubmit on type=submit click","status":"passed","title":"calls form.requestSubmit on type=submit click","duration":51.5,"failureMessages":[],"meta":{}},{"ancestorTitles":["hx-button","Form"],"fullName":"hx-button Form calls form.reset on type=reset click","status":"passed","title":"calls form.reset on type=reset click","duration":51.80000001192093,"failureMessages":[],"meta":{}},{"ancestorTitles":["hx-button","Accessibility (axe-core)"],"fullName":"hx-button Accessibility (axe-core) has no axe violations in default state","status":"passed","title":"has no axe violations in default state","duration":469.9000000357628,"failureMessages":[],"meta":{}},{"ancestorTitles":["hx-button","Accessibility (axe-core)"],"fullName":"hx-button Accessibility (axe-core) has no axe violations when disabled","status":"passed","title":"has no axe violations when disabled","duration":71.60000002384186,"failureMessages":[],"meta":{}},{"ancestorTitles":["hx-button","Accessibility (axe-core)"],"fullName":"hx-button Accessibility (axe-core) has no axe violations for all variants","status":"passed","title":"has no axe violations for all variants","duration":143.5,"failureMessages":[],"meta":{}},{"ancestorTitles":["hx-button","Dynamic Property Updates"],"fullName":"hx-button Dynamic Property Updates updates variant class when property changes","status":"passed","title":"updates variant class when property changes","duration":0.40000003576278687,"failureMessages":[],"meta":{}},{"ancestorTitles":["hx-button","Dynamic Property Updates"],"fullName":"hx-button Dynamic Property Updates updates size class when property changes","status":"passed","title":"updates size class when property changes","duration":0.30000001192092896,"failureMessages":[],"meta":{}},{"ancestorTitles":["hx-button","Dynamic Property Updates"],"fullName":"hx-button Dynamic Property Updates el.form returns the associated form when inside one","status":"passed","title":"el.form returns the associated form when inside one","duration":0.19999998807907104,"failureMessages":[],"meta":{}}],"startTime":1772297671382,"endTime":1772297672236.4,"status":"passed","message":"","name":"/Volumes/Development/helix/.worktrees/feature-phase-1-production-run-health-scorer/packages/hx-library/src/components/hx-button/hx-button.test.ts"},{"assertionResults":[{"ancestorTitles":["hx-card","Rendering"],"fullName":"hx-card Rendering renders with shadow DOM","status":"passed","title":"renders with shadow DOM","duration":6.600000023841858,"failureMessages":[],"meta":{}},{"ancestorTitles":["hx-card","Rendering"],"fullName":"hx-card Rendering exposes \"card\" CSS part","status":"passed","title":"exposes \"card\" CSS part","duration":0.30000001192092896,"failureMessages":[],"meta":{}},{"ancestorTitles":["hx-card","Rendering"],"fullName":"hx-card Rendering applies default variant + elevation classes","status":"passed","title":"applies default variant + elevation classes","duration":0.30000001192092896,"failureMessages":[],"meta":{}},{"ancestorTitles":["hx-card","Rendering"],"fullName":"hx-card Rendering renders container div","status":"passed","title":"renders container div","duration":0.10000002384185791,"failureMessages":[],"meta":{}},{"ancestorTitles":["hx-card","Property: variant"],"fullName":"hx-card Property: variant applies default class","status":"passed","title":"applies default class","duration":0.19999998807907104,"failureMessages":[],"meta":{}},{"ancestorTitles":["hx-card","Property: variant"],"fullName":"hx-card Property: variant applies featured class","status":"passed","title":"applies featured class","duration":0.30000001192092896,"failureMessages":[],"meta":{}},{"ancestorTitles":["hx-card","Property: variant"],"fullName":"hx-card Property: variant applies compact class","status":"passed","title":"applies compact class","duration":0.19999998807907104,"failureMessages":[],"meta":{}},{"ancestorTitles":["hx-card","Property: elevation"],"fullName":"hx-card Property: elevation flat applies no shadow class","status":"passed","title":"flat applies no shadow class","duration":0.10000002384185791,"failureMessages":[],"meta":{}},{"ancestorTitles":["hx-card","Property: elevation"],"fullName":"hx-card Property: elevation raised applies medium shadow class","status":"passed","title":"raised applies medium shadow class","duration":0.19999998807907104,"failureMessages":[],"meta":{}},{"ancestorTitles":["hx-card","Property: elevation"],"fullName":"hx-card Property: elevation floating applies large shadow class","status":"passed","title":"floating applies large shadow class","duration":0.19999998807907104,"failureMessages":[],"meta":{}},{"ancestorTitles":["hx-card","Property: hx-href"],"fullName":"hx-card Property: hx-href has no role when no hx-href","status":"passed","title":"has no role when no hx-href","duration":0.10000002384185791,"failureMessages":[],"meta":{}},{"ancestorTitles":["hx-card","Property: hx-href"],"fullName":"hx-card Property: hx-href has role=\"link\" when hx-href set","status":"passed","title":"has role=\"link\" when hx-href set","duration":0.19999998807907104,"failureMessages":[],"meta":{}},{"ancestorTitles":["hx-card","Property: hx-href"],"fullName":"hx-card Property: hx-href has tabindex=\"0\" when hx-href set","status":"passed","title":"has tabindex=\"0\" when hx-href set","duration":0.19999998807907104,"failureMessages":[],"meta":{}},{"ancestorTitles":["hx-card","Property: hx-href"],"fullName":"hx-card Property: hx-href has aria-label=\"Navigate to {hx-href}\" when hx-href set","status":"passed","title":"has aria-label=\"Navigate to {hx-href}\" when hx-href set","duration":0.20000004768371582,"failureMessages":[],"meta":{}},{"ancestorTitles":["hx-card","Interactivity"],"fullName":"hx-card Interactivity applies card--interactive class when hx-href","status":"passed","title":"applies card--interactive class when hx-href","duration":0.19999998807907104,"failureMessages":[],"meta":{}},{"ancestorTitles":["hx-card","Interactivity"],"fullName":"hx-card Interactivity does not apply card--interactive without hx-href","status":"passed","title":"does not apply card--interactive without hx-href","duration":0.09999996423721313,"failureMessages":[],"meta":{}},{"ancestorTitles":["hx-card","Interactivity"],"fullName":"hx-card Interactivity has cursor:pointer when interactive","status":"passed","title":"has cursor:pointer when interactive","duration":0.10000002384185791,"failureMessages":[],"meta":{}},{"ancestorTitles":["hx-card","Events"],"fullName":"hx-card Events dispatches wc-card-click when hx-href + click","status":"passed","title":"dispatches wc-card-click when hx-href + click","duration":0.19999998807907104,"failureMessages":[],"meta":{}},{"ancestorTitles":["hx-card","Events"],"fullName":"hx-card Events hx-card-click detail contains url and originalEvent","status":"passed","title":"hx-card-click detail contains url and originalEvent","duration":0.19999998807907104,"failureMessages":[],"meta":{}},{"ancestorTitles":["hx-card","Events"],"fullName":"hx-card Events does NOT dispatch event without hx-href","status":"passed","title":"does NOT dispatch event without hx-href","duration":51.5,"failureMessages":[],"meta":{}},{"ancestorTitles":["hx-card","Keyboard"],"fullName":"hx-card Keyboard Enter fires wc-card-click when interactive","status":"passed","title":"Enter fires wc-card-click when interactive","duration":0.5,"failureMessages":[],"meta":{}},{"ancestorTitles":["hx-card","Keyboard"],"fullName":"hx-card Keyboard Space fires wc-card-click when interactive","status":"passed","title":"Space fires wc-card-click when interactive","duration":0.19999998807907104,"failureMessages":[],"meta":{}},{"ancestorTitles":["hx-card","Keyboard"],"fullName":"hx-card Keyboard no keyboard action without hx-href","status":"passed","title":"no keyboard action without hx-href","duration":51.5,"failureMessages":[],"meta":{}},{"ancestorTitles":["hx-card","Slot: default"],"fullName":"hx-card Slot: default body content renders in card__body","status":"passed","title":"body content renders in card__body","duration":0.5,"failureMessages":[],"meta":{}},{"ancestorTitles":["hx-card","Slot: heading"],"fullName":"hx-card Slot: heading heading content renders","status":"passed","title":"heading content renders","duration":1.100000023841858,"failureMessages":[],"meta":{}},{"ancestorTitles":["hx-card","Slot: heading"],"fullName":"hx-card Slot: heading heading section hidden when empty","status":"passed","title":"heading section hidden when empty","duration":0.19999998807907104,"failureMessages":[],"meta":{}},{"ancestorTitles":["hx-card","Slot: image"],"fullName":"hx-card Slot: image image content renders","status":"passed","title":"image content renders","duration":0.40000003576278687,"failureMessages":[],"meta":{}},{"ancestorTitles":["hx-card","Slot: image"],"fullName":"hx-card Slot: image image section hidden when empty","status":"passed","title":"image section hidden when empty","duration":0.19999998807907104,"failureMessages":[],"meta":{}},{"ancestorTitles":["hx-card","Slot: footer"],"fullName":"hx-card Slot: footer footer content renders","status":"passed","title":"footer content renders","duration":0.30000001192092896,"failureMessages":[],"meta":{}},{"ancestorTitles":["hx-card","Slot: footer"],"fullName":"hx-card Slot: footer footer section hidden when empty","status":"passed","title":"footer section hidden when empty","duration":0.09999996423721313,"failureMessages":[],"meta":{}},{"ancestorTitles":["hx-card","Slot: actions"],"fullName":"hx-card Slot: actions actions content renders","status":"passed","title":"actions content renders","duration":1.0999999642372131,"failureMessages":[],"meta":{}},{"ancestorTitles":["hx-card","Slot: actions"],"fullName":"hx-card Slot: actions actions section hidden when empty","status":"passed","title":"actions section hidden when empty","duration":0.30000001192092896,"failureMessages":[],"meta":{}},{"ancestorTitles":["hx-card","CSS Parts"],"fullName":"hx-card CSS Parts heading part exposed","status":"passed","title":"heading part exposed","duration":0.10000002384185791,"failureMessages":[],"meta":{}},{"ancestorTitles":["hx-card","CSS Parts"],"fullName":"hx-card CSS Parts body part exposed","status":"passed","title":"body part exposed","duration":0.19999998807907104,"failureMessages":[],"meta":{}},{"ancestorTitles":["hx-card","CSS Parts"],"fullName":"hx-card CSS Parts footer part exposed","status":"passed","title":"footer part exposed","duration":0.19999998807907104,"failureMessages":[],"meta":{}},{"ancestorTitles":["hx-card","Accessibility (axe-core)"],"fullName":"hx-card Accessibility (axe-core) has no axe violations in default state","status":"passed","title":"has no axe violations in default state","duration":504,"failureMessages":[],"meta":{}},{"ancestorTitles":["hx-card","Accessibility (axe-core)"],"fullName":"hx-card Accessibility (axe-core) has no axe violations when interactive","status":"passed","title":"has no axe violations when interactive","duration":86.60000002384186,"failureMessages":[],"meta":{}},{"ancestorTitles":["hx-card","Accessibility (axe-core)"],"fullName":"hx-card Accessibility (axe-core) has no axe violations for all variants","status":"passed","title":"has no axe violations for all variants","duration":140.5999999642372,"failureMessages":[],"meta":{}},{"ancestorTitles":["hx-card","Additional CSS Parts"],"fullName":"hx-card Additional CSS Parts image part exposed","status":"passed","title":"image part exposed","duration":0.5,"failureMessages":[],"meta":{}},{"ancestorTitles":["hx-card","Additional CSS Parts"],"fullName":"hx-card Additional CSS Parts actions part exposed","status":"passed","title":"actions part exposed","duration":0.19999998807907104,"failureMessages":[],"meta":{}},{"ancestorTitles":["hx-card","Dynamic Property Updates"],"fullName":"hx-card Dynamic Property Updates variant reflects to host attribute when changed","status":"passed","title":"variant reflects to host attribute when changed","duration":0.30000001192092896,"failureMessages":[],"meta":{}},{"ancestorTitles":["hx-card","Dynamic Property Updates"],"fullName":"hx-card Dynamic Property Updates elevation reflects to host attribute when changed","status":"passed","title":"elevation reflects to host attribute when changed","duration":0.19999998807907104,"failureMessages":[],"meta":{}}],"startTime":1772297671387,"endTime":1772297672239.2,"status":"passed","message":"","name":"/Volumes/Development/helix/.worktrees/feature-phase-1-production-run-health-scorer/packages/hx-library/src/components/hx-card/hx-card.test.ts"},{"assertionResults":[{"ancestorTitles":["hx-checkbox","Rendering"],"fullName":"hx-checkbox Rendering renders with shadow DOM","status":"passed","title":"renders with shadow DOM","duration":2.599999964237213,"failureMessages":[],"meta":{}},{"ancestorTitles":["hx-checkbox","Rendering"],"fullName":"hx-checkbox Rendering renders hidden native <input type=\"checkbox\">","status":"passed","title":"renders hidden native <input type=\"checkbox\">","duration":0.40000003576278687,"failureMessages":[],"meta":{}},{"ancestorTitles":["hx-checkbox","Rendering"],"fullName":"hx-checkbox Rendering renders visual checkbox box","status":"passed","title":"renders visual checkbox box","duration":0.09999996423721313,"failureMessages":[],"meta":{}},{"ancestorTitles":["hx-checkbox","Rendering"],"fullName":"hx-checkbox Rendering exposes \"checkbox\" CSS part","status":"passed","title":"exposes \"checkbox\" CSS part","duration":0.19999998807907104,"failureMessages":[],"meta":{}},{"ancestorTitles":["hx-checkbox","Property: checked"],"fullName":"hx-checkbox Property: checked defaults to unchecked","status":"passed","title":"defaults to unchecked","duration":0.10000002384185791,"failureMessages":[],"meta":{}},{"ancestorTitles":["hx-checkbox","Property: checked"],"fullName":"hx-checkbox Property: checked reflects checked attribute to host","status":"passed","title":"reflects checked attribute to host","duration":0.3999999761581421,"failureMessages":[],"meta":{}},{"ancestorTitles":["hx-checkbox","Property: checked"],"fullName":"hx-checkbox Property: checked applies checked class to container","status":"passed","title":"applies checked class to container","duration":0.20000004768371582,"failureMessages":[],"meta":{}},{"ancestorTitles":["hx-checkbox","Property: indeterminate"],"fullName":"hx-checkbox Property: indeterminate applies indeterminate class when set","status":"passed","title":"applies indeterminate class when set","duration":0.10000002384185791,"failureMessages":[],"meta":{}},{"ancestorTitles":["hx-checkbox","Property: indeterminate"],"fullName":"hx-checkbox Property: indeterminate clears indeterminate on toggle","status":"passed","title":"clears indeterminate on toggle","duration":0.699999988079071,"failureMessages":[],"meta":{}},{"ancestorTitles":["hx-checkbox","Property: label"],"fullName":"hx-checkbox Property: label renders label text","status":"passed","title":"renders label text","duration":3.599999964237213,"failureMessages":[],"meta":{}},{"ancestorTitles":["hx-checkbox","Property: label"],"fullName":"hx-checkbox Property: label shows asterisk when required","status":"passed","title":"shows asterisk when required","duration":0.9000000357627869,"failureMessages":[],"meta":{}},{"ancestorTitles":["hx-checkbox","Property: label"],"fullName":"hx-checkbox Property: label exposes \"label\" CSS part","status":"passed","title":"exposes \"label\" CSS part","duration":0.2999999523162842,"failureMessages":[],"meta":{}},{"ancestorTitles":["hx-checkbox","Property: error"],"fullName":"hx-checkbox Property: error renders error message in role=\"alert\" div","status":"passed","title":"renders error message in role=\"alert\" div","duration":0.5,"failureMessages":[],"meta":{}},{"ancestorTitles":["hx-checkbox","Property: error"],"fullName":"hx-checkbox Property: error error div has aria-live=\"polite\"","status":"passed","title":"error div has aria-live=\"polite\"","duration":0.30000001192092896,"failureMessages":[],"meta":{}},{"ancestorTitles":["hx-checkbox","Property: error"],"fullName":"hx-checkbox Property: error sets aria-invalid=\"true\" on native input","status":"passed","title":"sets aria-invalid=\"true\" on native input","duration":0.10000002384185791,"failureMessages":[],"meta":{}},{"ancestorTitles":["hx-checkbox","Property: error"],"fullName":"hx-checkbox Property: error error hides help text","status":"passed","title":"error hides help text","duration":0.19999998807907104,"failureMessages":[],"meta":{}},{"ancestorTitles":["hx-checkbox","Property: helpText"],"fullName":"hx-checkbox Property: helpText renders help text below checkbox","status":"passed","title":"renders help text below checkbox","duration":0.30000001192092896,"failureMessages":[],"meta":{}},{"ancestorTitles":["hx-checkbox","Property: helpText"],"fullName":"hx-checkbox Property: helpText help text hidden when error present","status":"passed","title":"help text hidden when error present","duration":0.09999996423721313,"failureMessages":[],"meta":{}},{"ancestorTitles":["hx-checkbox","Property: value"],"fullName":"hx-checkbox Property: value defaults to \"on\"","status":"passed","title":"defaults to \"on\"","duration":0.20000004768371582,"failureMessages":[],"meta":{}},{"ancestorTitles":["hx-checkbox","Property: value"],"fullName":"hx-checkbox Property: value uses custom value in change event","status":"passed","title":"uses custom value in change event","duration":0.19999998807907104,"failureMessages":[],"meta":{}},{"ancestorTitles":["hx-checkbox","Property: required"],"fullName":"hx-checkbox Property: required sets required attr on native input","status":"passed","title":"sets required attr on native input","duration":0.10000002384185791,"failureMessages":[],"meta":{}},{"ancestorTitles":["hx-checkbox","Property: required"],"fullName":"hx-checkbox Property: required reflects required attribute to host","status":"passed","title":"reflects required attribute to host","duration":0.19999998807907104,"failureMessages":[],"meta":{}},{"ancestorTitles":["hx-checkbox","Property: disabled"],"fullName":"hx-checkbox Property: disabled sets disabled attr on native input","status":"passed","title":"sets disabled attr on native input","duration":0.30000001192092896,"failureMessages":[],"meta":{}},{"ancestorTitles":["hx-checkbox","Property: disabled"],"fullName":"hx-checkbox Property: disabled reflects disabled attribute to host","status":"passed","title":"reflects disabled attribute to host","duration":0.10000002384185791,"failureMessages":[],"meta":{}},{"ancestorTitles":["hx-checkbox","Property: disabled"],"fullName":"hx-checkbox Property: disabled prevents toggle when disabled","status":"passed","title":"prevents toggle when disabled","duration":0.09999996423721313,"failureMessages":[],"meta":{}},{"ancestorTitles":["hx-checkbox","Events"],"fullName":"hx-checkbox Events dispatches wc-change on toggle","status":"passed","title":"dispatches wc-change on toggle","duration":0.19999998807907104,"failureMessages":[],"meta":{}},{"ancestorTitles":["hx-checkbox","Events"],"fullName":"hx-checkbox Events hx-change detail has checked and value","status":"passed","title":"hx-change detail has checked and value","duration":0.20000004768371582,"failureMessages":[],"meta":{}},{"ancestorTitles":["hx-checkbox","Events"],"fullName":"hx-checkbox Events hx-change bubbles and is composed","status":"passed","title":"hx-change bubbles and is composed","duration":0.19999998807907104,"failureMessages":[],"meta":{}},{"ancestorTitles":["hx-checkbox","Slots"],"fullName":"hx-checkbox Slots default slot renders custom label content","status":"passed","title":"default slot renders custom label content","duration":0.19999998807907104,"failureMessages":[],"meta":{}},{"ancestorTitles":["hx-checkbox","Slots"],"fullName":"hx-checkbox Slots help-text slot renders","status":"passed","title":"help-text slot renders","duration":0.800000011920929,"failureMessages":[],"meta":{}},{"ancestorTitles":["hx-checkbox","CSS Parts"],"fullName":"hx-checkbox CSS Parts control part exposed","status":"passed","title":"control part exposed","duration":0.19999998807907104,"failureMessages":[],"meta":{}},{"ancestorTitles":["hx-checkbox","CSS Parts"],"fullName":"hx-checkbox CSS Parts checkbox part exposed","status":"passed","title":"checkbox part exposed","duration":0.10000002384185791,"failureMessages":[],"meta":{}},{"ancestorTitles":["hx-checkbox","CSS Parts"],"fullName":"hx-checkbox CSS Parts error part exposed when error set","status":"passed","title":"error part exposed when error set","duration":0.19999998807907104,"failureMessages":[],"meta":{}},{"ancestorTitles":["hx-checkbox","Form"],"fullName":"hx-checkbox Form has formAssociated=true","status":"passed","title":"has formAssociated=true","duration":0,"failureMessages":[],"meta":{}},{"ancestorTitles":["hx-checkbox","Form"],"fullName":"hx-checkbox Form has ElementInternals attached","status":"passed","title":"has ElementInternals attached","duration":0.19999998807907104,"failureMessages":[],"meta":{}},{"ancestorTitles":["hx-checkbox","Form"],"fullName":"hx-checkbox Form form getter returns associated form","status":"passed","title":"form getter returns associated form","duration":0.19999998807907104,"failureMessages":[],"meta":{}},{"ancestorTitles":["hx-checkbox","Form"],"fullName":"hx-checkbox Form formResetCallback resets checked to false","status":"passed","title":"formResetCallback resets checked to false","duration":0.10000002384185791,"failureMessages":[],"meta":{}},{"ancestorTitles":["hx-checkbox","Form"],"fullName":"hx-checkbox Form formStateRestoreCallback restores checked state","status":"passed","title":"formStateRestoreCallback restores checked state","duration":0.30000001192092896,"failureMessages":[],"meta":{}},{"ancestorTitles":["hx-checkbox","Validation"],"fullName":"hx-checkbox Validation checkValidity returns false when required + unchecked","status":"passed","title":"checkValidity returns false when required + unchecked","duration":0.09999996423721313,"failureMessages":[],"meta":{}},{"ancestorTitles":["hx-checkbox","Validation"],"fullName":"hx-checkbox Validation checkValidity returns true when required + checked","status":"passed","title":"checkValidity returns true when required + checked","duration":0.10000002384185791,"failureMessages":[],"meta":{}},{"ancestorTitles":["hx-checkbox","Validation"],"fullName":"hx-checkbox Validation valueMissing validity flag is set when required + unchecked","status":"passed","title":"valueMissing validity flag is set when required + unchecked","duration":0.09999996423721313,"failureMessages":[],"meta":{}},{"ancestorTitles":["hx-checkbox","Validation"],"fullName":"hx-checkbox Validation reportValidity returns false when required + unchecked","status":"passed","title":"reportValidity returns false when required + unchecked","duration":1.100000023841858,"failureMessages":[],"meta":{}},{"ancestorTitles":["hx-checkbox","Validation"],"fullName":"hx-checkbox Validation reportValidity returns true when required + checked","status":"passed","title":"reportValidity returns true when required + checked","duration":0.19999998807907104,"failureMessages":[],"meta":{}},{"ancestorTitles":["hx-checkbox","Validation"],"fullName":"hx-checkbox Validation validationMessage is set when required + unchecked","status":"passed","title":"validationMessage is set when required + unchecked","duration":0.10000002384185791,"failureMessages":[],"meta":{}},{"ancestorTitles":["hx-checkbox","Accessibility"],"fullName":"hx-checkbox Accessibility aria-describedby references error ID when error set","status":"passed","title":"aria-describedby references error ID when error set","duration":0.30000001192092896,"failureMessages":[],"meta":{}},{"ancestorTitles":["hx-checkbox","Accessibility"],"fullName":"hx-checkbox Accessibility aria-describedby references help text ID when helpText set","status":"passed","title":"aria-describedby references help text ID when helpText set","duration":0.09999996423721313,"failureMessages":[],"meta":{}},{"ancestorTitles":["hx-checkbox","Accessibility"],"fullName":"hx-checkbox Accessibility no aria-invalid when no error","status":"passed","title":"no aria-invalid when no error","duration":0.10000002384185791,"failureMessages":[],"meta":{}},{"ancestorTitles":["hx-checkbox","Keyboard"],"fullName":"hx-checkbox Keyboard Space key toggles checked","status":"passed","title":"Space key toggles checked","duration":0.30000001192092896,"failureMessages":[],"meta":{}},{"ancestorTitles":["hx-checkbox","Keyboard"],"fullName":"hx-checkbox Keyboard Enter key does NOT toggle checked","status":"passed","title":"Enter key does NOT toggle checked","duration":0.19999998807907104,"failureMessages":[],"meta":{}},{"ancestorTitles":["hx-checkbox","Methods"],"fullName":"hx-checkbox Methods focus() moves focus to input element","status":"passed","title":"focus() moves focus to input element","duration":51.30000001192093,"failureMessages":[],"meta":{}},{"ancestorTitles":["hx-checkbox","Accessibility (axe-core)"],"fullName":"hx-checkbox Accessibility (axe-core) has no axe violations in default state","status":"passed","title":"has no axe violations in default state","duration":24.399999976158142,"failureMessages":[],"meta":{}},{"ancestorTitles":["hx-checkbox","Accessibility (axe-core)"],"fullName":"hx-checkbox Accessibility (axe-core) has no axe violations when checked","status":"passed","title":"has no axe violations when checked","duration":9.199999988079071,"failureMessages":[],"meta":{}},{"ancestorTitles":["hx-checkbox","Accessibility (axe-core)"],"fullName":"hx-checkbox Accessibility (axe-core) has no axe violations in error state","status":"passed","title":"has no axe violations in error state","duration":7.800000011920929,"failureMessages":[],"meta":{}},{"ancestorTitles":["hx-checkbox","Accessibility (axe-core)"],"fullName":"hx-checkbox Accessibility (axe-core) has no axe violations when disabled","status":"passed","title":"has no axe violations when disabled","duration":6,"failureMessages":[],"meta":{}},{"ancestorTitles":["hx-checkbox","Property: name"],"fullName":"hx-checkbox Property: name sets name attribute on native input","status":"passed","title":"sets name attribute on native input","duration":0.6000000238418579,"failureMessages":[],"meta":{}},{"ancestorTitles":["hx-checkbox","Form: additional"],"fullName":"hx-checkbox Form: additional formResetCallback resets indeterminate to false","status":"passed","title":"formResetCallback resets indeterminate to false","duration":0.2999999523162842,"failureMessages":[],"meta":{}}],"startTime":1772297671878,"endTime":1772297671995.6,"status":"passed","message":"","name":"/Volumes/Development/helix/.worktrees/feature-phase-1-production-run-health-scorer/packages/hx-library/src/components/hx-checkbox/hx-checkbox.test.ts"},{"assertionResults":[{"ancestorTitles":["hx-container","Rendering"],"fullName":"hx-container Rendering renders with shadow DOM","status":"passed","title":"renders with shadow DOM","duration":3.400000035762787,"failureMessages":[],"meta":{}},{"ancestorTitles":["hx-container","Rendering"],"fullName":"hx-container Rendering exposes \"inner\" CSS part","status":"passed","title":"exposes \"inner\" CSS part","duration":0.19999998807907104,"failureMessages":[],"meta":{}},{"ancestorTitles":["hx-container","Rendering"],"fullName":"hx-container Rendering renders .container__inner div","status":"passed","title":"renders .container__inner div","duration":0.10000002384185791,"failureMessages":[],"meta":{}},{"ancestorTitles":["hx-container","Property: width"],"fullName":"hx-container Property: width defaults to \"content\" width class","status":"passed","title":"defaults to \"content\" width class","duration":0.19999998807907104,"failureMessages":[],"meta":{}},{"ancestorTitles":["hx-container","Property: width"],"fullName":"hx-container Property: width width=\"full\" applies full class","status":"passed","title":"width=\"full\" applies full class","duration":0.09999996423721313,"failureMessages":[],"meta":{}},{"ancestorTitles":["hx-container","Property: width"],"fullName":"hx-container Property: width width=\"narrow\" applies narrow class","status":"passed","title":"width=\"narrow\" applies narrow class","duration":0.20000004768371582,"failureMessages":[],"meta":{}},{"ancestorTitles":["hx-container","Property: width"],"fullName":"hx-container Property: width width=\"sm\" applies sm class","status":"passed","title":"width=\"sm\" applies sm class","duration":0.09999996423721313,"failureMessages":[],"meta":{}},{"ancestorTitles":["hx-container","Property: width"],"fullName":"hx-container Property: width width=\"md\" applies md class","status":"passed","title":"width=\"md\" applies md class","duration":0.10000002384185791,"failureMessages":[],"meta":{}},{"ancestorTitles":["hx-container","Property: width"],"fullName":"hx-container Property: width width=\"lg\" applies lg class","status":"passed","title":"width=\"lg\" applies lg class","duration":0.09999996423721313,"failureMessages":[],"meta":{}},{"ancestorTitles":["hx-container","Property: width"],"fullName":"hx-container Property: width width=\"xl\" applies xl class","status":"passed","title":"width=\"xl\" applies xl class","duration":0.20000004768371582,"failureMessages":[],"meta":{}},{"ancestorTitles":["hx-container","Property: padding"],"fullName":"hx-container Property: padding defaults to \"none\" padding attribute","status":"passed","title":"defaults to \"none\" padding attribute","duration":0,"failureMessages":[],"meta":{}},{"ancestorTitles":["hx-container","Property: padding"],"fullName":"hx-container Property: padding padding=\"sm\" reflected as attribute","status":"passed","title":"padding=\"sm\" reflected as attribute","duration":0.10000002384185791,"failureMessages":[],"meta":{}},{"ancestorTitles":["hx-container","Property: padding"],"fullName":"hx-container Property: padding padding=\"md\" reflected as attribute","status":"passed","title":"padding=\"md\" reflected as attribute","duration":0.19999998807907104,"failureMessages":[],"meta":{}},{"ancestorTitles":["hx-container","Property: padding"],"fullName":"hx-container Property: padding padding=\"lg\" reflected as attribute","status":"passed","title":"padding=\"lg\" reflected as attribute","duration":0.10000002384185791,"failureMessages":[],"meta":{}},{"ancestorTitles":["hx-container","Property: padding"],"fullName":"hx-container Property: padding padding=\"xl\" reflected as attribute","status":"passed","title":"padding=\"xl\" reflected as attribute","duration":0.09999996423721313,"failureMessages":[],"meta":{}},{"ancestorTitles":["hx-container","Property: padding"],"fullName":"hx-container Property: padding padding=\"2xl\" reflected as attribute","status":"passed","title":"padding=\"2xl\" reflected as attribute","duration":0.19999998807907104,"failureMessages":[],"meta":{}},{"ancestorTitles":["hx-container","Attribute Reflection"],"fullName":"hx-container Attribute Reflection width attribute reflects to property","status":"passed","title":"width attribute reflects to property","duration":0,"failureMessages":[],"meta":{}},{"ancestorTitles":["hx-container","Attribute Reflection"],"fullName":"hx-container Attribute Reflection padding attribute reflects to property","status":"passed","title":"padding attribute reflects to property","duration":0,"failureMessages":[],"meta":{}},{"ancestorTitles":["hx-container","Slot: default"],"fullName":"hx-container Slot: default slotted content renders","status":"passed","title":"slotted content renders","duration":0.19999998807907104,"failureMessages":[],"meta":{}},{"ancestorTitles":["hx-container","Slot: default"],"fullName":"hx-container Slot: default multiple children render","status":"passed","title":"multiple children render","duration":0.10000002384185791,"failureMessages":[],"meta":{}},{"ancestorTitles":["hx-container","CSS Parts"],"fullName":"hx-container CSS Parts inner part is exposed on .container__inner","status":"passed","title":"inner part is exposed on .container__inner","duration":0.09999996423721313,"failureMessages":[],"meta":{}},{"ancestorTitles":["hx-container","CSS Custom Properties"],"fullName":"hx-container CSS Custom Properties --hx-container-bg applies background color to :host","status":"passed","title":"--hx-container-bg applies background color to :host","duration":0.20000004768371582,"failureMessages":[],"meta":{}},{"ancestorTitles":["hx-container","CSS Custom Properties"],"fullName":"hx-container CSS Custom Properties --hx-container-gutter applies horizontal padding on inner","status":"passed","title":"--hx-container-gutter applies horizontal padding on inner","duration":0.09999996423721313,"failureMessages":[],"meta":{}},{"ancestorTitles":["hx-container","CSS Custom Properties"],"fullName":"hx-container CSS Custom Properties --hx-container-max-width overrides max-width on inner","status":"passed","title":"--hx-container-max-width overrides max-width on inner","duration":0.10000002384185791,"failureMessages":[],"meta":{}},{"ancestorTitles":["hx-container","Layout Behavior"],"fullName":"hx-container Layout Behavior :host has display: block","status":"passed","title":":host has display: block","duration":0.09999996423721313,"failureMessages":[],"meta":{}},{"ancestorTitles":["hx-container","Layout Behavior"],"fullName":"hx-container Layout Behavior .container__inner has auto horizontal margins for centering","status":"passed","title":".container__inner has auto horizontal margins for centering","duration":0.10000002384185791,"failureMessages":[],"meta":{}},{"ancestorTitles":["hx-container","Layout Behavior"],"fullName":"hx-container Layout Behavior width=\"full\" inner has no max-width constraint","status":"passed","title":"width=\"full\" inner has no max-width constraint","duration":0,"failureMessages":[],"meta":{}},{"ancestorTitles":["hx-container","Accessibility"],"fullName":"hx-container Accessibility has no axe violations in default state","status":"passed","title":"has no axe violations in default state","duration":209.10000002384186,"failureMessages":[],"meta":{}},{"ancestorTitles":["hx-container","Accessibility"],"fullName":"hx-container Accessibility has no axe violations with rich content","status":"passed","title":"has no axe violations with rich content","duration":323.19999998807907,"failureMessages":[],"meta":{}},{"ancestorTitles":["hx-container","Accessibility"],"fullName":"hx-container Accessibility does not add any ARIA roles (structural element)","status":"passed","title":"does not add any ARIA roles (structural element)","duration":121.30000001192093,"failureMessages":[],"meta":{}},{"ancestorTitles":["hx-container","Dynamic Property Updates"],"fullName":"hx-container Dynamic Property Updates updates width class when property changes","status":"passed","title":"updates width class when property changes","duration":0.5,"failureMessages":[],"meta":{}},{"ancestorTitles":["hx-container","Dynamic Property Updates"],"fullName":"hx-container Dynamic Property Updates updates padding attribute when property changes","status":"passed","title":"updates padding attribute when property changes","duration":0.09999996423721313,"failureMessages":[],"meta":{}}],"startTime":1772297671382,"endTime":1772297672043.1,"status":"passed","message":"","name":"/Volumes/Development/helix/.worktrees/feature-phase-1-production-run-health-scorer/packages/hx-library/src/components/hx-container/hx-container.test.ts"},{"assertionResults":[{"ancestorTitles":["hx-form","Rendering"],"fullName":"hx-form Rendering renders as Light DOM (no shadowRoot)","status":"passed","title":"renders as Light DOM (no shadowRoot)","duration":2.600000023841858,"failureMessages":[],"meta":{}},{"ancestorTitles":["hx-form","Rendering"],"fullName":"hx-form Rendering renders <form> tag when action is set","status":"passed","title":"renders <form> tag when action is set","duration":1,"failureMessages":[],"meta":{}},{"ancestorTitles":["hx-form","Rendering"],"fullName":"hx-form Rendering does not render <form> tag when no action","status":"passed","title":"does not render <form> tag when no action","duration":0.09999996423721313,"failureMessages":[],"meta":{}},{"ancestorTitles":["hx-form","Properties"],"fullName":"hx-form Properties action property sets form action attribute","status":"passed","title":"action property sets form action attribute","duration":0.20000004768371582,"failureMessages":[],"meta":{}},{"ancestorTitles":["hx-form","Properties"],"fullName":"hx-form Properties method property defaults to post","status":"passed","title":"method property defaults to post","duration":0.19999998807907104,"failureMessages":[],"meta":{}},{"ancestorTitles":["hx-form","Properties"],"fullName":"hx-form Properties novalidate property sets novalidate attribute on form","status":"passed","title":"novalidate property sets novalidate attribute on form","duration":0.19999998807907104,"failureMessages":[],"meta":{}},{"ancestorTitles":["hx-form","Properties"],"fullName":"hx-form Properties name property sets name attribute on form","status":"passed","title":"name property sets name attribute on form","duration":0.10000002384185791,"failureMessages":[],"meta":{}},{"ancestorTitles":["hx-form","Events"],"fullName":"hx-form Events dispatches wc-submit on valid client-side submit","status":"passed","title":"dispatches wc-submit on valid client-side submit","duration":3,"failureMessages":[],"meta":{}},{"ancestorTitles":["hx-form","Events"],"fullName":"hx-form Events dispatches wc-invalid when validation fails on submit","status":"passed","title":"dispatches wc-invalid when validation fails on submit","duration":1,"failureMessages":[],"meta":{}},{"ancestorTitles":["hx-form","Events"],"fullName":"hx-form Events dispatches wc-reset when form is reset","status":"passed","title":"dispatches wc-reset when form is reset","duration":0.19999998807907104,"failureMessages":[],"meta":{}},{"ancestorTitles":["hx-form","Form Discovery"],"fullName":"hx-form Form Discovery getFormElements() returns wc-* form components","status":"passed","title":"getFormElements() returns wc-* form components","duration":0.09999996423721313,"failureMessages":[],"meta":{}},{"ancestorTitles":["hx-form","Form Discovery"],"fullName":"hx-form Form Discovery getNativeFormElements() returns native form elements","status":"passed","title":"getNativeFormElements() returns native form elements","duration":1.300000011920929,"failureMessages":[],"meta":{}},{"ancestorTitles":["hx-form","Form Discovery"],"fullName":"hx-form Form Discovery getFormData() returns FormData from child inputs","status":"passed","title":"getFormData() returns FormData from child inputs","duration":0.10000002384185791,"failureMessages":[],"meta":{}},{"ancestorTitles":["hx-form","Validation"],"fullName":"hx-form Validation checkValidity() returns false when required field is empty","status":"passed","title":"checkValidity() returns false when required field is empty","duration":0.10000002384185791,"failureMessages":[],"meta":{}},{"ancestorTitles":["hx-form","Validation"],"fullName":"hx-form Validation checkValidity() returns true when all fields are valid","status":"passed","title":"checkValidity() returns true when all fields are valid","duration":0.10000002384185791,"failureMessages":[],"meta":{}},{"ancestorTitles":["hx-form","Validation"],"fullName":"hx-form Validation reportValidity() triggers validation UI and returns false for invalid","status":"passed","title":"reportValidity() triggers validation UI and returns false for invalid","duration":1.2999999523162842,"failureMessages":[],"meta":{}},{"ancestorTitles":["hx-form","Scoped Styles"],"fullName":"hx-form Scoped Styles adopted stylesheet is injected into document","status":"passed","title":"adopted stylesheet is injected into document","duration":0.20000004768371582,"failureMessages":[],"meta":{}},{"ancestorTitles":["hx-form","Scoped Styles"],"fullName":"hx-form Scoped Styles styles are scoped to wc-form selector","status":"passed","title":"styles are scoped to wc-form selector","duration":0.699999988079071,"failureMessages":[],"meta":{}},{"ancestorTitles":["hx-form","Scoped Styles"],"fullName":"hx-form Scoped Styles stylesheet is removed on disconnect","status":"passed","title":"stylesheet is removed on disconnect","duration":0.19999998807907104,"failureMessages":[],"meta":{}},{"ancestorTitles":["hx-form","Additional Properties"],"fullName":"hx-form Additional Properties method=\"get\" renders correct method on form element","status":"passed","title":"method=\"get\" renders correct method on form element","duration":0.19999998807907104,"failureMessages":[],"meta":{}},{"ancestorTitles":["hx-form","Additional Properties"],"fullName":"hx-form Additional Properties getFormData returns empty FormData when no child form","status":"passed","title":"getFormData returns empty FormData when no child form","duration":0.19999998807907104,"failureMessages":[],"meta":{}},{"ancestorTitles":["hx-form","Additional Properties"],"fullName":"hx-form Additional Properties novalidate bypasses validation on submit","status":"passed","title":"novalidate bypasses validation on submit","duration":0.10000002384185791,"failureMessages":[],"meta":{}},{"ancestorTitles":["hx-form","Accessibility (axe-core)"],"fullName":"hx-form Accessibility (axe-core) has no axe violations in default state","status":"passed","title":"has no axe violations in default state","duration":146.60000002384186,"failureMessages":[],"meta":{}},{"ancestorTitles":["
[...]
mn":0},"end":{"line":343,"column":28}},"343":{"start":{"line":344,"column":0},"end":{"line":344,"column":40}},"345":{"start":{"line":346,"column":0},"end":{"line":346,"column":36}},"346":{"start":{"line":347,"column":0},"end":{"line":347,"column":95}},"348":{"start":{"line":349,"column":0},"end":{"line":349,"column":79}},"349":{"start":{"line":350,"column":0},"end":{"line":350,"column":3}},"351":{"start":{"line":352,"column":0},"end":{"line":352,"column":37}},"352":{"start":{"line":353,"column":0},"end":{"line":353,"column":56}},"354":{"start":{"line":355,"column":0},"end":{"line":355,"column":23}},"355":{"start":{"line":356,"column":0},"end":{"line":356,"column":80}},"356":{"start":{"line":357,"column":0},"end":{"line":357,"column":24}},"357":{"start":{"line":358,"column":0},"end":{"line":358,"column":32}},"359":{"start":{"line":360,"column":0},"end":{"line":360,"column":16}},"360":{"start":{"line":361,"column":0},"end":{"line":361,"column":66}},"362":{"start":{"line":363,"column":0},"end":{"line":363,"column":72}},"363":{"start":{"line":364,"column":0},"end":{"line":364,"column":24}},"364":{"start":{"line":365,"column":0},"end":{"line":365,"column":21}},"365":{"start":{"line":366,"column":0},"end":{"line":366,"column":83}},"366":{"start":{"line":367,"column":0},"end":{"line":367,"column":33}},"367":{"start":{"line":368,"column":0},"end":{"line":368,"column":35}},"368":{"start":{"line":369,"column":0},"end":{"line":369,"column":94}},"369":{"start":{"line":370,"column":0},"end":{"line":370,"column":32}},"372":{"start":{"line":373,"column":0},"end":{"line":373,"column":24}},"380":{"start":{"line":381,"column":0},"end":{"line":381,"column":34}},"381":{"start":{"line":382,"column":0},"end":{"line":382,"column":38}},"382":{"start":{"line":383,"column":0},"end":{"line":383,"column":67}},"383":{"start":{"line":384,"column":0},"end":{"line":384,"column":38}},"384":{"start":{"line":385,"column":0},"end":{"line":385,"column":38}},"385":{"start":{"line":386,"column":0},"end":{"line":386,"column":29}},"386":{"start":{"line":387,"column":0},"end":{"line":387,"column":50}},"387":{"start":{"line":388,"column":0},"end":{"line":388,"column":53}},"388":{"start":{"line":389,"column":0},"end":{"line":389,"column":64}},"389":{"start":{"line":390,"column":0},"end":{"line":390,"column":40}},"390":{"start":{"line":391,"column":0},"end":{"line":391,"column":83}},"391":{"start":{"line":392,"column":0},"end":{"line":392,"column":14}},"392":{"start":{"line":393,"column":0},"end":{"line":393,"column":55}},"393":{"start":{"line":394,"column":0},"end":{"line":394,"column":54}},"394":{"start":{"line":395,"column":0},"end":{"line":395,"column":61}},"395":{"start":{"line":396,"column":0},"end":{"line":396,"column":39}},"396":{"start":{"line":397,"column":0},"end":{"line":397,"column":41}},"400":{"start":{"line":401,"column":0},"end":{"line":401,"column":32}},"402":{"start":{"line":403,"column":0},"end":{"line":403,"column":70}},"403":{"start":{"line":404,"column":0},"end":{"line":404,"column":22}},"404":{"start":{"line":405,"column":0},"end":{"line":405,"column":19}},"408":{"start":{"line":409,"column":0},"end":{"line":409,"column":37}},"412":{"start":{"line":413,"column":0},"end":{"line":413,"column":31}},"415":{"start":{"line":416,"column":0},"end":{"line":416,"column":22}},"418":{"start":{"line":419,"column":0},"end":{"line":419,"column":36}},"419":{"start":{"line":420,"column":0},"end":{"line":420,"column":17}},"420":{"start":{"line":421,"column":0},"end":{"line":421,"column":84}},"421":{"start":{"line":422,"column":0},"end":{"line":422,"column":62}},"424":{"start":{"line":425,"column":0},"end":{"line":425,"column":20}},"427":{"start":{"line":428,"column":0},"end":{"line":428,"column":3}},"428":{"start":{"line":429,"column":0},"end":{"line":429,"column":1}}},"s":{"0":1,"1":1,"2":1,"3":1,"4":1,"5":1,"6":1,"40":1,"41":1,"42":1,"46":1,"50":1,"51":69,"52":69,"53":69,"62":1,"63":1,"70":1,"71":1,"78":1,"79":1,"86":1,"87":1,"94":1,"95":1,"102":1,"103":1,"110":1,"111":1,"118":1,"119":1,"126":1,"127":1,"134":1,"135":1,"142":1,"143":1,"150":1,"151":1,"158":1,"159":1,"163":1,"164":1,"168":1,"169":1,"171":1,"172":1,"173":1,"174":1,"175":1,"176":1,"177":1,"178":1,"179":1,"180":1,"181":1,"183":1,"184":0,"185":0,"186":0,"187":0,"191":1,"192":82,"193":82,"194":81,"195":81,"196":81,"197":82,"202":1,"203":2,"204":2,"207":1,"208":1,"209":1,"212":1,"213":3,"214":3,"217":1,"218":3,"219":3,"222":1,"223":2,"224":2,"227":1,"228":1,"229":1,"230":1,"233":1,"234":1,"235":1,"239":1,"240":3,"241":3,"242":3,"245":3,"246":1,"247":1,"248":1,"254":3,"255":3,"256":3,"257":3,"258":3,"259":3,"260":3,"261":3,"263":1,"264":2,"265":2,"266":2,"267":2,"273":2,"274":2,"275":2,"276":2,"277":2,"278":2,"279":2,"280":2,"285":1,"286":2,"287":2,"290":1,"291":1,"292":1,"302":1,"303":82,"304":82,"305":82,"306":82,"307":82,"308":82,"309":82,"310":82,"318":1,"319":83,"320":8,"321":8,"322":8,"323":8,"324":8,"325":83,"326":2,"327":2,"328":2,"329":2,"330":2,"331":75,"332":73,"333":73,"334":83,"338":1,"339":1,"340":1,"342":1,"343":82,"345":5,"346":82,"348":82,"349":82,"351":1,"352":82,"354":82,"355":82,"356":82,"357":82,"359":82,"360":82,"362":82,"363":82,"364":10,"365":10,"366":10,"367":10,"368":2,"369":10,"372":82,"380":82,"381":82,"382":82,"383":82,"384":82,"385":82,"386":82,"387":82,"388":82,"389":82,"390":82,"391":82,"392":82,"393":82,"394":82,"395":82,"396":82,"400":82,"402":82,"403":82,"404":8,"408":8,"412":8,"415":82,"418":82,"419":3,"420":3,"421":3,"424":82,"427":82,"428":1},"branchMap":{"0":{"type":"branch","line":51,"loc":{"start":{"line":51,"column":2},"end":{"line":54,"column":3}},"locations":[{"start":{"line":51,"column":2},"end":{"line":54,"column":3}}]},"1":{"type":"branch","line":172,"loc":{"start":{"line":172,"column":10},"end":{"line":182,"column":3}},"locations":[{"start":{"line":172,"column":10},"end":{"line":182,"column":3}}]},"2":{"type":"branch","line":192,"loc":{"start":{"line":192,"column":11},"end":{"line":198,"column":3}},"locations":[{"start":{"line":192,"column":11},"end":{"line":198,"column":3}}]},"3":{"type":"branch","line":194,"loc":{"start":{"line":194,"column":40},"end":{"line":197,"column":5}},"locations":[{"start":{"line":194,"column":40},"end":{"line":197,"column":5}}]},"4":{"type":"branch","line":203,"loc":{"start":{"line":203,"column":2},"end":{"line":205,"column":3}},"locations":[{"start":{"line":203,"column":2},"end":{"line":205,"column":3}}]},"5":{"type":"branch","line":208,"loc":{"start":{"line":208,"column":2},"end":{"line":210,"column":3}},"locations":[{"start":{"line":208,"column":2},"end":{"line":210,"column":3}}]},"6":{"type":"branch","line":213,"loc":{"start":{"line":213,"column":2},"end":{"line":215,"column":3}},"locations":[{"start":{"line":213,"column":2},"end":{"line":215,"column":3}}]},"7":{"type":"branch","line":218,"loc":{"start":{"line":218,"column":2},"end":{"line":220,"column":3}},"locations":[{"start":{"line":218,"column":2},"end":{"line":220,"column":3}}]},"8":{"type":"branch","line":223,"loc":{"start":{"line":223,"column":2},"end":{"line":225,"column":3}},"locations":[{"start":{"line":223,"column":2},"end":{"line":225,"column":3}}]},"9":{"type":"branch","line":228,"loc":{"start":{"line":228,"column":2},"end":{"line":231,"column":3}},"locations":[{"start":{"line":228,"column":2},"end":{"line":231,"column":3}}]},"10":{"type":"branch","line":234,"loc":{"start":{"line":234,"column":2},"end":{"line":236,"column":3}},"locations":[{"start":{"line":234,"column":2},"end":{"line":236,"column":3}}]},"11":{"type":"branch","line":240,"loc":{"start":{"line":240,"column":10},"end":{"line":262,"column":3}},"locations":[{"start":{"line":240,"column":10},"end":{"line":262,"column":3}}]},"12":{"type":"branch","line":246,"loc":{"start":{"line":246,"column":32},"end":{"line":249,"column":5}},"locations":[{"start":{"line":246,"column":32},"end":{"line":249,"column":5}}]},"13":{"type":"branch","line":264,"loc":{"start":{"line":264,"column":10},"end":{"line":281,"column":3}},"locations":[{"start":{"line":264,"column":10},"end":{"line":281,"column":3}}]},"14":{"type":"branch","line":286,"loc":{"start":{"line":286,"column":11},"end":{"line":288,"column":3}},"locations":[{"start":{"line":286,"column":11},"end":{"line":288,"column":3}}]},"15":{"type":"branch","line":291,"loc":{"start":{"line":291,"column":2},"end":{"line":293,"column":3}},"locations":[{"start":{"line":291,"column":2},"end":{"line":293,"column":3}}]},"16":{"type":"branch","line":303,"loc":{"start":{"line":303,"column":12},"end":{"line":311,"column":3}},"locations":[{"start":{"line":303,"column":12},"end":{"line":311,"column":3}}]},"17":{"type":"branch","line":304,"loc":{"start":{"line":304,"column":28},"end":{"line":304,"column":56}},"locations":[{"start":{"line":304,"column":28},"end":{"line":304,"column":56}}]},"18":{"type":"branch","line":319,"loc":{"start":{"line":319,"column":12},"end":{"line":335,"column":3}},"locations":[{"start":{"line":319,"column":12},"end":{"line":335,"column":3}}]},"19":{"type":"branch","line":320,"loc":{"start":{"line":320,"column":13},"end":{"line":320,"column":38}},"locations":[{"start":{"line":320,"column":13},"end":{"line":320,"column":38}}]},"20":{"type":"branch","line":320,"loc":{"start":{"line":320,"column":38},"end":{"line":326,"column":15}},"locations":[{"start":{"line":320,"column":38},"end":{"line":326,"column":15}}]},"21":{"type":"branch","line":326,"loc":{"start":{"line":326,"column":4},"end":{"line":334,"column":5}},"locations":[{"start":{"line":326,"column":4},"end":{"line":334,"column":5}}]},"22":{"type":"branch","line":326,"loc":{"start":{"line":326,"column":34},"end":{"line":326,"column":83}},"locations":[{"start":{"line":326,"column":34},"end":{"line":326,"column":83}}]},"23":{"type":"branch","line":326,"loc":{"start":{"line":326,"column":83},"end":{"line":332,"column":11}},"locations":[{"start":{"line":326,"column":83},"end":{"line":332,"column":11}}]},"24":{"type":"branch","line":332,"loc":{"start":{"line":332,"column":4},"end":{"line":334,"column":5}},"locations":[{"start":{"line":332,"column":4},"end":{"line":334,"column":5}}]},"25":{"type":"branch","line":343,"loc":{"start":{"line":343,"column":10},"end":{"line":350,"column":3}},"locations":[{"start":{"line":343,"column":10},"end":{"line":350,"column":3}}]},"26":{"type":"branch","line":344,"loc":{"start":{"line":344,"column":25},"end":{"line":344,"column":40}},"locations":[{"start":{"line":344,"column":25},"end":{"line":344,"column":40}}]},"27":{"type":"branch","line":344,"loc":{"start":{"line":344,"column":32},"end":{"line":347,"column":84}},"locations":[{"start":{"line":344,"column":32},"end":{"line":347,"column":84}}]},"28":{"type":"branch","line":344,"loc":{"start":{"line":344,"column":32},"end":{"line":347,"column":51}},"locations":[{"start":{"line":344,"column":32},"end":{"line":347,"column":51}}]},"29":{"type":"branch","line":347,"loc":{"start":{"line":347,"column":39},"end":{"line":347,"column":84}},"locations":[{"start":{"line":347,"column":39},"end":{"line":347,"column":84}}]},"30":{"type":"branch","line":347,"loc":{"start":{"line":347,"column":79},"end":{"line":347,"column":95}},"locations":[{"start":{"line":347,"column":79},"end":{"line":347,"column":95}}]},"31":{"type":"branch","line":352,"loc":{"start":{"line":352,"column":11},"end":{"line":428,"column":3}},"locations":[{"start":{"line":352,"column":11},"end":{"line":428,"column":3}}]},"32":{"type":"branch","line":353,"loc":{"start":{"line":353,"column":28},"end":{"line":353,"column":56}},"locations":[{"start":{"line":353,"column":28},"end":{"line":353,"column":56}}]},"33":{"type":"branch","line":356,"loc":{"start":{"line":356,"column":7},"end":{"line":356,"column":34}},"locations":[{"start":{"line":356,"column":7},"end":{"line":356,"column":34}}]},"34":{"type":"branch","line":356,"loc":{"start":{"line":356,"column":23},"end":{"line":356,"column":40}},"locations":[{"start":{"line":356,"column":23},"end":{"line":356,"column":40}}]},"35":{"type":"branch","line":356,"loc":{"start":{"line":356,"column":45},"end":{"line":356,"column":75}},"locations":[{"start":{"line":356,"column":45},"end":{"line":356,"column":75}}]},"36":{"type":"branch","line":356,"loc":{"start":{"line":356,"column":61},"end":{"line":356,"column":79}},"locations":[{"start":{"line":356,"column":61},"end":{"line":356,"column":79}}]},"37":{"type":"branch","line":358,"loc":{"start":{"line":358,"column":17},"end":{"line":358,"column":32}},"locations":[{"start":{"line":358,"column":17},"end":{"line":358,"column":32}}]},"38":{"type":"branch","line":364,"loc":{"start":{"line":364,"column":19},"end":{"line":370,"column":32}},"locations":[{"start":{"line":364,"column":19},"end":{"line":370,"column":32}}]},"39":{"type":"branch","line":368,"loc":{"start":{"line":368,"column":27},"end":{"line":369,"column":94}},"locations":[{"start":{"line":368,"column":27},"end":{"line":369,"column":94}}]},"40":{"type":"branch","line":369,"loc":{"start":{"line":369,"column":24},"end":{"line":370,"column":31}},"locations":[{"start":{"line":369,"column":24},"end":{"line":370,"column":31}}]},"41":{"type":"branch","line":370,"loc":{"start":{"line":370,"column":31},"end":{"line":373,"column":23}},"locations":[{"start":{"line":370,"column":31},"end":{"line":373,"column":23}}]},"42":{"type":"branch","line":383,"loc":{"start":{"line":383,"column":41},"end":{"line":383,"column":65}},"locations":[{"start":{"line":383,"column":41},"end":{"line":383,"column":65}}]},"43":{"type":"branch","line":388,"loc":{"start":{"line":388,"column":34},"end":{"line":388,"column":51}},"locations":[{"start":{"line":388,"column":34},"end":{"line":388,"column":51}}]},"44":{"type":"branch","line":389,"loc":{"start":{"line":389,"column":40},"end":{"line":389,"column":62}},"locations":[{"start":{"line":389,"column":40},"end":{"line":389,"column":62}}]},"45":{"type":"branch","line":391,"loc":{"start":{"line":391,"column":19},"end":{"line":391,"column":73}},"locations":[{"start":{"line":391,"column":19},"end":{"line":391,"column":73}}]},"46":{"type":"branch","line":391,"loc":{"start":{"line":391,"column":54},"end":{"line":391,"column":83}},"locations":[{"start":{"line":391,"column":54},"end":{"line":391,"column":83}}]},"47":{"type":"branch","line":393,"loc":{"start":{"line":393,"column":27},"end":{"line":393,"column":47}},"locations":[{"start":{"line":393,"column":27},"end":{"line":393,"column":47}}]},"48":{"type":"branch","line":393,"loc":{"start":{"line":393,"column":38},"end":{"line":393,"column":54}},"locations":[{"start":{"line":393,"column":38},"end":{"line":393,"column":54}}]},"49":{"type":"branch","line":395,"loc":{"start":{"line":395,"column":33},"end":{"line":395,"column":53}},"locations":[{"start":{"line":395,"column":33},"end":{"line":395,"column":53}}]},"50":{"type":"branch","line":395,"loc":{"start":{"line":395,"column":44},"end":{"line":395,"column":60}},"locations":[{"start":{"line":395,"column":44},"end":{"line":395,"column":60}}]},"51":{"type":"branch","line":404,"loc":{"start":{"line":404,"column":17},"end":{"line":413,"column":31}},"locations":[{"start":{"line":404,"column":17},"end":{"line":413,"column":31}}]},"52":{"type":"branch","line":413,"loc":{"start":{"line":413,"column":30},"end":{"line":416,"column":21}},"locations":[{"start":{"line":413,"column":30},"end":{"line":416,"column":21}}]},"53":{"type":"branch","line":419,"loc":{"start":{"line":419,"column":15},"end":{"line":419,"column":36}},"locations":[{"start":{"line":419,"column":15},"end":{"line":419,"column":36}}]},"54":{"type":"branch","line":419,"loc":{"start":{"line":419,"column":28},"end":{"line":422,"column":62}},"locations":[{"start":{"line":419,"column":28},"end":{"line":422,"column":62}}]},"55":{"type":"branch","line":422,"loc":{"start":{"line":422,"column":54},"end":{"line":425,"column":19}},"locations":[{"start":{"line":422,"column":54},"end":{"line":425,"column":19}}]}},"b":{"0":[69],"1":[1],"2":[82],"3":[81],"4":[2],"5":[1],"6":[3],"7":[3],"8":[2],"9":[1],"10":[1],"11":[3],"12":[1],"13":[2],"14":[2],"15":[1],"16":[82],"17":[74],"18":[83],"19":[10],"20":[8],"21":[75],"22":[8],"23":[2],"24":[73],"25":[82],"26":[77],"27":[79],"28":[5],"29":[1],"30":[4],"31":[82],"32":[74],"33":[8],"34":[74],"35":[5],"36":[77],"37":[71],"38":[10],"39":[2],"40":[8],"41":[72],"42":[81],"43":[80],"44":[81],"45":[1],"46":[81],"47":[8],"48":[74],"49":[10],"50":[72],"51":[8],"52":[74],"53":[5],"54":[3],"55":[79]},"fnMap":{"0":{"name":"HelixTextarea","decl":{"start":{"line":51,"column":2},"end":{"line":54,"column":3}},"loc":{"start":{"line":51,"column":2},"end":{"line":54,"column":3}},"line":51},"1":{"name":"_handleLabelSlotChange","decl":{"start":{"line":172,"column":10},"end":{"line":182,"column":3}},"loc":{"start":{"line":172,"column":10},"end":{"line":182,"column":3}},"line":172},"2":{"name":"_handleErrorSlotChange","decl":{"start":{"line":184,"column":10},"end":{"line":188,"column":3}},"loc":{"start":{"line":184,"column":10},"end":{"line":188,"column":3}},"line":184},"3":{"name":"updated","decl":{"start":{"line":192,"column":11},"end":{"line":198,"column":3}},"loc":{"start":{"line":192,"column":11},"end":{"line":198,"column":3}},"line":192},"4":{"name":"get form","decl":{"start":{"line":203,"column":2},"end":{"line":205,"column":3}},"loc":{"start":{"line":203,"column":2},"end":{"line":205,"column":3}},"line":203},"5":{"name":"get validationMessage","decl":{"start":{"line":208,"column":2},"end":{"line":210,"column":3}},"loc":{"start":{"line":208,"column":2},"end":{"line":210,"column":3}},"line":208},"6":{"name":"get validity","decl":{"start":{"line":213,"column":2},"end":{"line":215,"column":3}},"loc":{"start":{"line":213,"column":2},"end":{"line":215,"column":3}},"line":213},"7":{"name":"checkValidity","decl":{"start":{"line":218,"column":2},"end":{"line":220,"column":3}},"loc":{"start":{"line":218,"column":2},"end":{"line":220,"column":3}},"line":218},"8":{"name":"reportValidity","decl":{"start":{"line":223,"column":2},"end":{"line":225,"column":3}},"loc":{"start":{"line":223,"column":2},"end":{"line":225,"column":3}},"line":223},"9":{"name":"formResetCallback","decl":{"start":{"line":228,"column":2},"end":{"line":231,"column":3}},"loc":{"start":{"line":228,"column":2},"end":{"line":231,"column":3}},"line":228},"10":{"name":"formStateRestoreCallback","decl":{"start":{"line":234,"column":2},"end":{"line":236,"column":3}},"loc":{"start":{"line":234,"column":2},"end":{"line":236,"column":3}},"line":234},"11":{"name":"_handleInput","decl":{"start":{"line":240,"column":10},"end":{"line":262,"column":3}},"loc":{"start":{"line":240,"column":10},"end":{"line":262,"column":3}},"line":240},"12":{"name":"_handleChange","decl":{"start":{"line":264,"column":10},"end":{"line":281,"column":3}},"loc":{"start":{"line":264,"column":10},"end":{"line":281,"column":3}},"line":264},"13":{"name":"focus","decl":{"start":{"line":286,"column":11},"end":{"line":288,"column":3}},"loc":{"start":{"line":286,"column":11},"end":{"line":288,"column":3}},"line":286},"14":{"name":"select","decl":{"start":{"line":291,"column":2},"end":{"line":293,"column":3}},"loc":{"start":{"line":291,"column":2},"end":{"line":293,"column":3}},"line":291},"15":{"name":"getFieldClasses","decl":{"start":{"line":303,"column":12},"end":{"line":311,"column":3}},"loc":{"start":{"line":303,"column":12},"end":{"line":311,"column":3}},"line":303},"16":{"name":"updateValidity","decl":{"start":{"line":319,"column":12},"end":{"line":335,"column":3}},"loc":{"start":{"line":319,"column":12},"end":{"line":335,"column":3}},"line":319},"17":{"name":"_renderCounter","decl":{"start":{"line":343,"column":10},"end":{"line":350,"column":3}},"loc":{"start":{"line":343,"column":10},"end":{"line":350,"column":3}},"line":343},"18":{"name":"render","decl":{"start":{"line":352,"column":11},"end":{"line":428,"column":3}},"loc":{"start":{"line":352,"column":11},"end":{"line":428,"column":3}},"line":352}},"f":{"0":69,"1":1,"2":0,"3":82,"4":2,"5":1,"6":3,"7":3,"8":2,"9":1,"10":1,"11":3,"12":2,"13":2,"14":1,"15":82,"16":83,"17":82,"18":82}}}}