{
  "numTotalTestSuites": 241,
  "numPassedTestSuites": 241,
  "numFailedTestSuites": 0,
  "numPendingTestSuites": 0,
  "numTotalTests": 651,
  "numPassedTests": 651,
  "numFailedTests": 0,
  "numPendingTests": 0,
  "numTodoTests": 0,
  "snapshot": {
    "added": 0,
    "failure": false,
    "filesAdded": 0,
    "filesRemoved": 0,
    "filesRemovedList": [],
    "filesUnmatched": 0,
    "filesUpdated": 0,
    "matched": 0,
    "total": 0,
    "unchecked": 0,
    "uncheckedKeysByFile": [],
    "unmatched": 0,
    "updated": 0,
    "didUpdate": false
  },
  "startTime": 1772573012049,
  "success": true,
  "testResults": [
    {
      "assertionResults": [
        {
          "ancestorTitles": ["hx-alert", "Rendering"],
          "fullName": "hx-alert Rendering renders with shadow DOM",
          "status": "passed",
          "title": "renders with shadow DOM",
          "duration": 7.300000004470348,
          "failureMessages": [],
          "meta": {}
        },
        {
          "ancestorTitles": ["hx-alert", "Rendering"],
          "fullName": "hx-alert Rendering renders the alert container",
          "status": "passed",
          "title": "renders the alert container",
          "duration": 0.3999999985098839,
          "failureMessages": [],
          "meta": {}
        },
        {
          "ancestorTitles": ["hx-alert", "Rendering"],
          "fullName": "hx-alert Rendering renders default slot content",
          "status": "passed",
          "title": "renders default slot content",
          "duration": 0.20000000298023224,
          "failureMessages": [],
          "meta": {}
        },
        {
          "ancestorTitles": ["hx-alert", "Rendering"],
          "fullName": "hx-alert Rendering is visible by default (open=true)",
          "status": "passed",
          "title": "is visible by default (open=true)",
          "duration": 0.19999999552965164,
          "failureMessages": [],
          "meta": {}
        },
        {
          "ancestorTitles": ["hx-alert", "Property: variant"],
          "fullName": "hx-alert Property: variant defaults to \"info\"",
          "status": "passed",
          "title": "defaults to \"info\"",
          "duration": 0.20000000298023224,
          "failureMessages": [],
          "meta": {}
        },
        {
          "ancestorTitles": ["hx-alert", "Property: variant"],
          "fullName": "hx-alert Property: variant reflects variant attribute to property",
          "status": "passed",
          "title": "reflects variant attribute to property",
          "duration": 0.29999999701976776,
          "failureMessages": [],
          "meta": {}
        },
        {
          "ancestorTitles": ["hx-alert", "Property: variant"],
          "fullName": "hx-alert Property: variant applies \"success\" variant via attribute",
          "status": "passed",
          "title": "applies \"success\" variant via attribute",
          "duration": 0.10000000149011612,
          "failureMessages": [],
          "meta": {}
        },
        {
          "ancestorTitles": ["hx-alert", "Property: variant"],
          "fullName": "hx-alert Property: variant applies \"warning\" variant via attribute",
          "status": "passed",
          "title": "applies \"warning\" variant via attribute",
          "duration": 0.10000000149011612,
          "failureMessages": [],
          "meta": {}
        },
        {
          "ancestorTitles": ["hx-alert", "Property: variant"],
          "fullName": "hx-alert Property: variant applies \"error\" variant via attribute",
          "status": "passed",
          "title": "applies \"error\" variant via attribute",
          "duration": 0.19999999552965164,
          "failureMessages": [],
          "meta": {}
        },
        {
          "ancestorTitles": ["hx-alert", "Property: closable"],
          "fullName": "hx-alert Property: closable defaults to false",
          "status": "passed",
          "title": "defaults to false",
          "duration": 0.10000000149011612,
          "failureMessages": [],
          "meta": {}
        },
        {
          "ancestorTitles": ["hx-alert", "Property: closable"],
          "fullName": "hx-alert Property: closable renders close button when closable",
          "status": "passed",
          "title": "renders close button when closable",
          "duration": 0.29999999701976776,
          "failureMessages": [],
          "meta": {}
        },
        {
          "ancestorTitles": ["hx-alert", "Property: closable"],
          "fullName": "hx-alert Property: closable does not render close button when not closable",
          "status": "passed",
          "title": "does not render close button when not closable",
          "duration": 0.10000000149011612,
          "failureMessages": [],
          "meta": {}
        },
        {
          "ancestorTitles": ["hx-alert", "Property: open"],
          "fullName": "hx-alert Property: open defaults to true",
          "status": "passed",
          "title": "defaults to true",
          "duration": 0.10000000149011612,
          "failureMessages": [],
          "meta": {}
        },
        {
          "ancestorTitles": ["hx-alert", "Property: open"],
          "fullName": "hx-alert Property: open hides alert when open is false",
          "status": "passed",
          "title": "hides alert when open is false",
          "duration": 0.10000000149011612,
          "failureMessages": [],
          "meta": {}
        },
        {
          "ancestorTitles": ["hx-alert", "Property: open"],
          "fullName": "hx-alert Property: open reflects open attribute",
          "status": "passed",
          "title": "reflects open attribute",
          "duration": 0.10000000149011612,
          "failureMessages": [],
          "meta": {}
        },
        {
          "ancestorTitles": ["hx-alert", "Events"],
          "fullName": "hx-alert Events dispatches wc-close when close button is clicked",
          "status": "passed",
          "title": "dispatches wc-close when close button is clicked",
          "duration": 0.19999999552965164,
          "failureMessages": [],
          "meta": {}
        },
        {
          "ancestorTitles": ["hx-alert", "Events"],
          "fullName": "hx-alert Events hx-close event has detail.reason = \"user\"",
          "status": "passed",
          "title": "hx-close event has detail.reason = \"user\"",
          "duration": 0.10000000149011612,
          "failureMessages": [],
          "meta": {}
        },
        {
          "ancestorTitles": ["hx-alert", "Events"],
          "fullName": "hx-alert Events hx-close bubbles and is composed",
          "status": "passed",
          "title": "hx-close bubbles and is composed",
          "duration": 0.10000000149011612,
          "failureMessages": [],
          "meta": {}
        },
        {
          "ancestorTitles": ["hx-alert", "Events"],
          "fullName": "hx-alert Events dispatches wc-after-close after close",
          "status": "passed",
          "title": "dispatches wc-after-close after close",
          "duration": 0.10000000149011612,
          "failureMessages": [],
          "meta": {}
        },
        {
          "ancestorTitles": ["hx-alert", "Close behavior"],
          "fullName": "hx-alert Close behavior sets open to false when close button is clicked",
          "status": "passed",
          "title": "sets open to false when close button is clicked",
          "duration": 0,
          "failureMessages": [],
          "meta": {}
        },
        {
          "ancestorTitles": ["hx-alert", "Close behavior"],
          "fullName": "hx-alert Close behavior removes open attribute when closed",
          "status": "passed",
          "title": "removes open attribute when closed",
          "duration": 0.09999999403953552,
          "failureMessages": [],
          "meta": {}
        },
        {
          "ancestorTitles": ["hx-alert", "Slots"],
          "fullName": "hx-alert Slots default slot renders message content",
          "status": "passed",
          "title": "default slot renders message content",
          "duration": 0.10000000149011612,
          "failureMessages": [],
          "meta": {}
        },
        {
          "ancestorTitles": ["hx-alert", "Slots"],
          "fullName": "hx-alert Slots icon slot renders custom icon",
          "status": "passed",
          "title": "icon slot renders custom icon",
          "duration": 0,
          "failureMessages": [],
          "meta": {}
        },
        {
          "ancestorTitles": ["hx-alert", "Slots"],
          "fullName": "hx-alert Slots actions slot renders action content",
          "status": "passed",
          "title": "actions slot renders action content",
          "duration": 1,
          "failureMessages": [],
          "meta": {}
        },
        {
          "ancestorTitles": ["hx-alert", "CSS Parts"],
          "fullName": "hx-alert CSS Parts exposes \"alert\" part",
          "status": "passed",
          "title": "exposes \"alert\" part",
          "duration": 0.29999999701976776,
          "failureMessages": [],
          "meta": {}
        },
        {
          "ancestorTitles": ["hx-alert", "CSS Parts"],
          "fullName": "hx-alert CSS Parts exposes \"icon\" part",
          "status": "passed",
          "title": "exposes \"icon\" part",
          "duration": 0.10000000149011612,
          "failureMessages": [],
          "meta": {}
        },
        {
          "ancestorTitles": ["hx-alert", "CSS Parts"],
          "fullName": "hx-alert CSS Parts exposes \"message\" part",
          "status": "passed",
          "title": "exposes \"message\" part",
          "duration": 0,
          "failureMessages": [],
          "meta": {}
        },
        {
          "ancestorTitles": ["hx-alert", "CSS Parts"],
          "fullName": "hx-alert CSS Parts exposes \"close-button\" part when closable",
          "status": "passed",
          "title": "exposes \"close-button\" part when closable",
          "duration": 0.20000000298023224,
          "failureMessages": [],
          "meta": {}
        },
        {
          "ancestorTitles": ["hx-alert", "CSS Parts"],
          "fullName": "hx-alert CSS Parts exposes \"actions\" part",
          "status": "passed",
          "title": "exposes \"actions\" part",
          "duration": 0,
          "failureMessages": [],
          "meta": {}
        },
        {
          "ancestorTitles": ["hx-alert", "Accessibility"],
          "fullName": "hx-alert Accessibility uses role=\"status\" for info variant",
          "status": "passed",
          "title": "uses role=\"status\" for info variant",
          "duration": 0.10000000149011612,
          "failureMessages": [],
          "meta": {}
        },
        {
          "ancestorTitles": ["hx-alert", "Accessibility"],
          "fullName": "hx-alert Accessibility uses role=\"status\" for success variant",
          "status": "passed",
          "title": "uses role=\"status\" for success variant",
          "duration": 0,
          "failureMessages": [],
          "meta": {}
        },
        {
          "ancestorTitles": ["hx-alert", "Accessibility"],
          "fullName": "hx-alert Accessibility uses role=\"alert\" for warning variant",
          "status": "passed",
          "title": "uses role=\"alert\" for warning variant",
          "duration": 0.10000000149011612,
          "failureMessages": [],
          "meta": {}
        },
        {
          "ancestorTitles": ["hx-alert", "Accessibility"],
          "fullName": "hx-alert Accessibility uses role=\"alert\" for error variant",
          "status": "passed",
          "title": "uses role=\"alert\" for error variant",
          "duration": 0.10000000149011612,
          "failureMessages": [],
          "meta": {}
        },
        {
          "ancestorTitles": ["hx-alert", "Accessibility"],
          "fullName": "hx-alert Accessibility uses aria-live=\"polite\" for info/success variants",
          "status": "passed",
          "title": "uses aria-live=\"polite\" for info/success variants",
          "duration": 0.10000000149011612,
          "failureMessages": [],
          "meta": {}
        },
        {
          "ancestorTitles": ["hx-alert", "Accessibility"],
          "fullName": "hx-alert Accessibility uses aria-live=\"assertive\" for warning/error variants",
          "status": "passed",
          "title": "uses aria-live=\"assertive\" for warning/error variants",
          "duration": 0,
          "failureMessages": [],
          "meta": {}
        },
        {
          "ancestorTitles": ["hx-alert", "Close button accessibility"],
          "fullName": "hx-alert Close button accessibility close button has aria-label=\"Close\"",
          "status": "passed",
          "title": "close button has aria-label=\"Close\"",
          "duration": 0.10000000149011612,
          "failureMessages": [],
          "meta": {}
        },
        {
          "ancestorTitles": ["hx-alert", "Close button accessibility"],
          "fullName": "hx-alert Close button accessibility close button is a <button> element",
          "status": "passed",
          "title": "close button is a <button> element",
          "duration": 0,
          "failureMessages": [],
          "meta": {}
        },
        {
          "ancestorTitles": ["hx-alert", "Default icons"],
          "fullName": "hx-alert Default icons renders a default SVG icon per variant",
          "status": "passed",
          "title": "renders a default SVG icon per variant",
          "duration": 0.20000000298023224,
          "failureMessages": [],
          "meta": {}
        },
        {
          "ancestorTitles": ["hx-alert", "Accessibility (axe-core)"],
          "fullName": "hx-alert Accessibility (axe-core) has no axe violations in default state",
          "status": "passed",
          "title": "has no axe violations in default state",
          "duration": 192.5,
          "failureMessages": [],
          "meta": {}
        },
        {
          "ancestorTitles": ["hx-alert", "Accessibility (axe-core)"],
          "fullName": "hx-alert Accessibility (axe-core) has no axe violations for all variants",
          "status": "passed",
          "title": "has no axe violations for all variants",
          "duration": 408.70000000298023,
          "failureMessages": [],
          "meta": {}
        },
        {
          "ancestorTitles": ["hx-alert", "Accessibility (axe-core)"],
          "fullName": "hx-alert Accessibility (axe-core) has no axe violations when closable",
          "status": "passed",
          "title": "has no axe violations when closable",
          "duration": 67.39999999850988,
          "failureMessages": [],
          "meta": {}
        }
      ],
      "startTime": 1772573013324,
      "endTime": 1772573014005.4,
      "status": "passed",
      "message": "",
      "name": "/Volumes/Development/booked/helix/.worktrees/feature-t1-07-hx-number-input-numeric-input/packages/hx-library/src/components/hx-alert/hx-alert.test.ts"
    },
    {
      "assertionResults": [
        {
          "ancestorTitles": ["hx-badge", "Rendering"],
          "fullName": "hx-badge Rendering renders with shadow DOM",
          "status": "passed",
          "title": "renders with shadow DOM",
          "duration": 5.100000001490116,
          "failureMessages": [],
          "meta": {}
        },
        {
          "ancestorTitles": ["hx-badge", "Rendering"],
          "fullName": "hx-badge Rendering exposes \"badge\" CSS part",
          "status": "passed",
          "title": "exposes \"badge\" CSS part",
          "duration": 0.3999999985098839,
          "failureMessages": [],
          "meta": {}
        },
        {
          "ancestorTitles": ["hx-badge", "Rendering"],
          "fullName": "hx-badge Rendering applies default variant=primary class",
          "status": "passed",
          "title": "applies default variant=primary class",
          "duration": 0.20000000298023224,
          "failureMessages": [],
          "meta": {}
        },
        {
          "ancestorTitles": ["hx-badge", "Rendering"],
          "fullName": "hx-badge Rendering applies default size=md class",
          "status": "passed",
          "title": "applies default size=md class",
          "duration": 0.19999999552965164,
          "failureMessages": [],
          "meta": {}
        },
        {
          "ancestorTitles": ["hx-badge", "Rendering"],
          "fullName": "hx-badge Rendering renders a <span> element as the badge",
          "status": "passed",
          "title": "renders a <span> element as the badge",
          "duration": 0.20000000298023224,
          "failureMessages": [],
          "meta": {}
        },
        {
          "ancestorTitles": ["hx-badge", "Property: variant"],
          "fullName": "hx-badge Property: variant reflects variant attr to host",
          "status": "passed",
          "title": "reflects variant attr to host",
          "duration": 0.10000000149011612,
          "failureMessages": [],
          "meta": {}
        },
        {
          "ancestorTitles": ["hx-badge", "Property: variant"],
          "fullName": "hx-badge Property: variant applies primary class",
          "status": "passed",
          "title": "applies primary class",
          "duration": 0.19999999552965164,
          "failureMessages": [],
          "meta": {}
        },
        {
          "ancestorTitles": ["hx-badge", "Property: variant"],
          "fullName": "hx-badge Property: variant applies success class",
          "status": "passed",
          "title": "applies success class",
          "duration": 0.10000000149011612,
          "failureMessages": [],
          "meta": {}
        },
        {
          "ancestorTitles": ["hx-badge", "Property: variant"],
          "fullName": "hx-badge Property: variant applies warning class",
          "status": "passed",
          "title": "applies warning class",
          "duration": 0.10000000149011612,
          "failureMessages": [],
          "meta": {}
        },
        {
          "ancestorTitles": ["hx-badge", "Property: variant"],
          "fullName": "hx-badge Property: variant applies error class",
          "status": "passed",
          "title": "applies error class",
          "duration": 0.10000000149011612,
          "failureMessages": [],
          "meta": {}
        },
        {
          "ancestorTitles": ["hx-badge", "Property: variant"],
          "fullName": "hx-badge Property: variant applies neutral class",
          "status": "passed",
          "title": "applies neutral class",
          "duration": 0.19999999552965164,
          "failureMessages": [],
          "meta": {}
        },
        {
          "ancestorTitles": ["hx-badge", "Property: size"],
          "fullName": "hx-badge Property: size applies sm class",
          "status": "passed",
          "title": "applies sm class",
          "duration": 0.30000000447034836,
          "failureMessages": [],
          "meta": {}
        },
        {
          "ancestorTitles": ["hx-badge", "Property: size"],
          "fullName": "hx-badge Property: size applies md class",
          "status": "passed",
          "title": "applies md class",
          "duration": 0.09999999403953552,
          "failureMessages": [],
          "meta": {}
        },
        {
          "ancestorTitles": ["hx-badge", "Property: size"],
          "fullName": "hx-badge Property: size applies lg class",
          "status": "passed",
          "title": "applies lg class",
          "duration": 0.4000000059604645,
          "failureMessages": [],
          "meta": {}
        },
        {
          "ancestorTitles": ["hx-badge", "Property: pill"],
          "fullName": "hx-badge Property: pill applies pill class when pill is set",
          "status": "passed",
          "title": "applies pill class when pill is set",
          "duration": 0,
          "failureMessages": [],
          "meta": {}
        },
        {
          "ancestorTitles": ["hx-badge", "Property: pill"],
          "fullName": "hx-badge Property: pill does not apply pill class by default",
          "status": "passed",
          "title": "does not apply pill class by default",
          "duration": 0.10000000149011612,
          "failureMessages": [],
          "meta": {}
        },
        {
          "ancestorTitles": ["hx-badge", "Property: pill"],
          "fullName": "hx-badge Property: pill reflects pill attr to host",
          "status": "passed",
          "title": "reflects pill attr to host",
          "duration": 0.10000000149011612,
          "failureMessages": [],
          "meta": {}
        },
        {
          "ancestorTitles": ["hx-badge", "Property: pulse"],
          "fullName": "hx-badge Property: pulse applies pulse class when pulse is set",
          "status": "passed",
          "title": "applies pulse class when pulse is set",
          "duration": 0.29999999701976776,
          "failureMessages": [],
          "meta": {}
        },
        {
          "ancestorTitles": ["hx-badge", "Property: pulse"],
          "fullName": "hx-badge Property: pulse does not apply pulse class by default",
          "status": "passed",
          "title": "does not apply pulse class by default",
          "duration": 0.4000000059604645,
          "failureMessages": [],
          "meta": {}
        },
        {
          "ancestorTitles": ["hx-badge", "Property: pulse"],
          "fullName": "hx-badge Property: pulse reflects pulse attr to host",
          "status": "passed",
          "title": "reflects pulse attr to host",
          "duration": 0.19999999552965164,
          "failureMessages": [],
          "meta": {}
        },
        {
          "ancestorTitles": ["hx-badge", "Dot Indicator"],
          "fullName": "hx-badge Dot Indicator renders as dot when slot is empty and pulse is true",
          "status": "passed",
          "title": "renders as dot when slot is empty and pulse is true",
          "duration": 50.80000000447035,
          "failureMessages": [],
          "meta": {}
        },
        {
          "ancestorTitles": ["hx-badge", "Dot Indicator"],
          "fullName": "hx-badge Dot Indicator does not render as dot when slot has content",
          "status": "passed",
          "title": "does not render as dot when slot has content",
          "duration": 51.29999999701977,
          "failureMessages": [],
          "meta": {}
        },
        {
          "ancestorTitles": ["hx-badge", "Dot Indicator"],
          "fullName": "hx-badge Dot Indicator does not render as dot when pulse is false and slot is empty",
          "status": "passed",
          "title": "does not render as dot when pulse is false and slot is empty",
          "duration": 52.899999998509884,
          "failureMessages": [],
          "meta": {}
        },
        {
          "ancestorTitles": ["hx-badge", "Slots"],
          "fullName": "hx-badge Slots default slot renders text",
          "status": "passed",
          "title": "default slot renders text",
          "duration": 0.6000000014901161,
          "failureMessages": [],
          "meta": {}
        },
        {
          "ancestorTitles": ["hx-badge", "Slots"],
          "fullName": "hx-badge Slots default slot renders HTML",
          "status": "passed",
          "title": "default slot renders HTML",
          "duration": 0.29999999701976776,
          "failureMessages": [],
          "meta": {}
        },
        {
          "ancestorTitles": ["hx-badge", "CSS Parts"],
          "fullName": "hx-badge CSS Parts badge part is accessible for external styling",
          "status": "passed",
          "title": "badge part is accessible for external styling",
          "duration": 0.10000000149011612,
          "failureMessages": [],
          "meta": {}
        },
        {
          "ancestorTitles": ["hx-badge", "Accessibility"],
          "fullName": "hx-badge Accessibility renders as inline element (no interactive role needed)",
          "status": "passed",
          "title": "renders as inline element (no interactive role needed)",
          "duration": 0.10000000149011612,
          "failureMessages": [],
          "meta": {}
        },
        {
          "ancestorTitles": ["hx-badge", "Accessibility"],
          "fullName": "hx-badge Accessibility does not have interactive ARIA role",
          "status": "passed",
          "title": "does not have interactive ARIA role",
          "duration": 0.10000000149011612,
          "failureMessages": [],
          "meta": {}
        },
        {
          "ancestorTitles": ["hx-badge", "Dynamic Updates"],
          "fullName": "hx-badge Dynamic Updates updates variant class when property changes",
          "status": "passed",
          "title": "updates variant class when property changes",
          "duration": 0.09999999403953552,
          "failureMessages": [],
          "meta": {}
        },
        {
          "ancestorTitles": ["hx-badge", "Dynamic Updates"],
          "fullName": "hx-badge Dynamic Updates updates size class when property changes",
          "status": "passed",
          "title": "updates size class when property changes",
          "duration": 0,
          "failureMessages": [],
          "meta": {}
        },
        {
          "ancestorTitles": ["hx-badge", "Accessibility (axe-core)"],
          "fullName": "hx-badge Accessibility (axe-core) has no axe violations in default state",
          "status": "passed",
          "title": "has no axe violations in default state",
          "duration": 217.10000000149012,
          "failureMessages": [],
          "meta": {}
        },
        {
          "ancestorTitles": ["hx-badge", "Accessibility (axe-core)"],
          "fullName": "hx-badge Accessibility (axe-core) has no axe violations for all variants",
          "status": "passed",
          "title": "has no axe violations for all variants",
          "duration": 416.3999999985099,
          "failureMessages": [],
          "meta": {}
        }
      ],
      "startTime": 1772573013319,
      "endTime": 1772573014118.4,
      "status": "passed",
      "message": "",
      "name": "/Volumes/Development/booked/helix/.worktrees/feature-t1-07-hx-number-input-numeric-input/packages/hx-library/src/components/hx-badge/hx-badge.test.ts"
    },
    {
      "assertionResults": [
        {
          "ancestorTitles": ["hx-button", "Rendering"],
          "fullName": "hx-button Rendering renders with shadow DOM",
          "status": "passed",
          "title": "renders with shadow DOM",
          "duration": 5.300000004470348,
          "failureMessages": [],
          "meta": {}
        },
        {
          "ancestorTitles": ["hx-button", "Rendering"],
          "fullName": "hx-button Rendering exposes \"button\" CSS part",
          "status": "passed",
          "title": "exposes \"button\" CSS part",
          "duration": 0.20000000298023224,
          "failureMessages": [],
          "meta": {}
        },
        {
          "ancestorTitles": ["hx-button", "Rendering"],
          "fullName": "hx-button Rendering applies default variant=primary class",
          "status": "passed",
          "title": "applies default variant=primary class",
          "duration": 0.29999999701976776,
          "failureMessages": [],
          "meta": {}
        },
        {
          "ancestorTitles": ["hx-button", "Rendering"],
          "fullName": "hx-button Rendering applies default size=md class",
          "status": "passed",
          "title": "applies default size=md class",
          "duration": 0.10000000149011612,
          "failureMessages": [],
          "meta": {}
        },
        {
          "ancestorTitles": ["hx-button", "Rendering"],
          "fullName": "hx-button Rendering renders native <button> element",
          "status": "passed",
          "title": "renders native <button> element",
          "duration": 0.10000000149011612,
          "failureMessages": [],
          "meta": {}
        },
        {
          "ancestorTitles": ["hx-button", "Property: variant"],
          "fullName": "hx-button Property: variant reflects variant attr to host",
          "status": "passed",
          "title": "reflects variant attr to host",
          "duration": 0.29999999701976776,
          "failureMessages": [],
          "meta": {}
        },
        {
          "ancestorTitles": ["hx-button", "Property: variant"],
          "fullName": "hx-button Property: variant applies secondary class",
          "status": "passed",
          "title": "applies secondary class",
          "duration": 0,
          "failureMessages": [],
          "meta": {}
        },
        {
          "ancestorTitles": ["hx-button", "Property: variant"],
          "fullName": "hx-button Property: variant applies ghost class",
          "status": "passed",
          "title": "applies ghost class",
          "duration": 0.20000000298023224,
          "failureMessages": [],
          "meta": {}
        },
        {
          "ancestorTitles": ["hx-button", "Property: size"],
          "fullName": "hx-button Property: size applies sm class",
          "status": "passed",
          "title": "applies sm class",
          "duration": 0.5,
          "failureMessages": [],
          "meta": {}
        },
        {
          "ancestorTitles": ["hx-button", "Property: size"],
          "fullName": "hx-button Property: size applies md class",
          "status": "passed",
          "title": "applies md class",
          "duration": 0.19999999552965164,
          "failureMessages": [],
          "meta": {}
        },
        {
          "ancestorTitles": ["hx-button", "Property: size"],
          "fullName": "hx-button Property: size applies lg class",
          "status": "passed",
          "title": "applies lg class",
          "duration": 0.4000000059604645,
          "failureMessages": [],
          "meta": {}
        },
        {
          "ancestorTitles": ["hx-button", "Property: disabled"],
          "fullName": "hx-button Property: disabled sets native disabled attribute",
          "status": "passed",
          "title": "sets native disabled attribute",
          "duration": 0.19999999552965164,
          "failureMessages": [],
          "meta": {}
        },
        {
          "ancestorTitles": ["hx-button", "Property: disabled"],
          "fullName": "hx-button Property: disabled sets aria-disabled=\"true\"",
          "status": "passed",
          "title": "sets aria-disabled=\"true\"",
          "duration": 0.10000000149011612,
          "failureMessages": [],
          "meta": {}
        },
        {
          "ancestorTitles": ["hx-button", "Property: disabled"],
          "fullName": "hx-button Property: disabled does not set aria-disabled when enabled",
          "status": "passed",
          "title": "does not set aria-disabled when enabled",
          "duration": 0.10000000149011612,
          "failureMessages": [],
          "meta": {}
        },
        {
          "ancestorTitles": ["hx-button", "Property: disabled"],
          "fullName": "hx-button Property: disabled applies host opacity 0.5 via disabled attribute",
          "status": "passed",
          "title": "applies host opacity 0.5 via disabled attribute",
          "duration": 0,
          "failureMessages": [],
          "meta": {}
        },
        {
          "ancestorTitles": ["hx-button", "Property: type"],
          "fullName": "hx-button Property: type defaults to type=\"button\"",
          "status": "passed",
          "title": "defaults to type=\"button\"",
          "duration": 0.10000000149011612,
          "failureMessages": [],
          "meta": {}
        },
        {
          "ancestorTitles": ["hx-button", "Property: type"],
          "fullName": "hx-button Property: type sets type=\"submit\" on native button",
          "status": "passed",
          "title": "sets type=\"submit\" on native button",
          "duration": 0.09999999403953552,
          "failureMessages": [],
          "meta": {}
        },
        {
          "ancestorTitles": ["hx-button", "Property: type"],
          "fullName": "hx-button Property: type sets type=\"reset\" on native button",
          "status": "passed",
          "title": "sets type=\"reset\" on native button",
          "duration": 0.10000000149011612,
          "failureMessages": [],
          "meta": {}
        },
        {
          "ancestorTitles": ["hx-button", "Events"],
          "fullName": "hx-button Events dispatches wc-click on click",
          "status": "passed",
          "title": "dispatches wc-click on click",
          "duration": 0.10000000149011612,
          "failureMessages": [],
          "meta": {}
        },
        {
          "ancestorTitles": ["hx-button", "Events"],
          "fullName": "hx-button Events hx-click bubbles and is composed",
          "status": "passed",
          "title": "hx-click bubbles and is composed",
          "duration": 0.10000000149011612,
          "failureMessages": [],
          "meta": {}
        },
        {
          "ancestorTitles": ["hx-button", "Events"],
          "fullName": "hx-button Events hx-click detail contains originalEvent",
          "status": "passed",
          "title": "hx-click detail contains originalEvent",
          "duration": 0.10000000149011612,
          "failureMessages": [],
          "meta": {}
        },
        {
          "ancestorTitles": ["hx-button", "Events"],
          "fullName": "hx-button Events does NOT dispatch wc-click when disabled",
          "status": "passed",
          "title": "does NOT dispatch wc-click when disabled",
          "duration": 51.099999994039536,
          "failureMessages": [],
          "meta": {}
        },
        {
          "ancestorTitles": ["hx-button", "Keyboard"],
          "fullName": "hx-button Keyboard Enter activates native button",
          "status": "passed",
          "title": "Enter activates native button",
          "duration": 0.3999999985098839,
          "failureMessages": [],
          "meta": {}
        },
        {
          "ancestorTitles": ["hx-button", "Keyboard"],
          "fullName": "hx-button Keyboard Space activates native button",
          "status": "passed",
          "title": "Space activates native button",
          "duration": 0.10000000149011612,
          "failureMessages": [],
          "meta": {}
        },
        {
          "ancestorTitles": ["hx-button", "Slots"],
          "fullName": "hx-button Slots default slot renders text",
          "status": "passed",
          "title": "default slot renders text",
          "duration": 0.20000000298023224,
          "failureMessages": [],
          "meta": {}
        },
        {
          "ancestorTitles": ["hx-button", "Slots"],
          "fullName": "hx-button Slots default slot renders HTML",
          "status": "passed",
          "title": "default slot renders HTML",
          "duration": 0,
          "failureMessages": [],
          "meta": {}
        },
        {
          "ancestorTitles": ["hx-button", "Form"],
          "fullName": "hx-button Form has formAssociated=true",
          "status": "passed",
          "title": "has formAssociated=true",
          "duration": 0.10000000149011612,
          "failureMessages": [],
          "meta": {}
        },
        {
          "ancestorTitles": ["hx-button", "Form"],
          "fullName": "hx-button Form has ElementInternals attached",
          "status": "passed",
          "title": "has ElementInternals attached",
          "duration": 0.09999999403953552,
          "failureMessages": [],
          "meta": {}
        },
        {
          "ancestorTitles": ["hx-button", "Form"],
          "fullName": "hx-button Form calls form.requestSubmit on type=submit click",
          "status": "passed",
          "title": "calls form.requestSubmit on type=submit click",
          "duration": 52.80000000447035,
          "failureMessages": [],
          "meta": {}
        },
        {
          "ancestorTitles": ["hx-button", "Form"],
          "fullName": "hx-button Form calls form.reset on type=reset click",
          "status": "passed",
          "title": "calls form.reset on type=reset click",
          "duration": 51,
          "failureMessages": [],
          "meta": {}
        },
        {
          "ancestorTitles": ["hx-button", "Accessibility (axe-core)"],
          "fullName": "hx-button Accessibility (axe-core) has no axe violations in default state",
          "status": "passed",
          "title": "has no axe violations in default state",
          "duration": 210.89999999850988,
          "failureMessages": [],
          "meta": {}
        },
        {
          "ancestorTitles": ["hx-button", "Accessibility (axe-core)"],
          "fullName": "hx-button Accessibility (axe-core) has no axe violations when disabled",
          "status": "passed",
          "title": "has no axe violations when disabled",
          "duration": 134.20000000298023,
          "failureMessages": [],
          "meta": {}
        },
        {
          "ancestorTitles": ["hx-button", "Accessibility (axe-core)"],
          "fullName": "hx-button Accessibility (axe-core) has no axe violations for all variants",
          "status": "passed",
          "title": "has no axe violations for all variants",
          "duration": 204.79999999701977,
          "failureMessages": [],
          "meta": {}
        }
      ],
      "startTime": 1772573013319,
      "endTime": 1772573014033.8,
      "status": "passed",
      "message": "",
      "name": "/Volumes/Development/booked/helix/.worktrees/feature-t1-07-hx-number-input-numeric-input/packages/hx-library/src/components/hx-button/hx-button.test.ts"
    },
    {
      "assertionResults": [
        {
          "ancestorTitles": ["hx-form", "Rendering"],
          "fullName": "hx-form Rendering renders as Light DOM (no shadowRoot)",
          "status": "passed",
          "title": "renders as Light DOM (no shadowRoot)",
          "duration": 1,
          "failureMessages": [],
          "meta": {}
        },
        {
          "ancestorTitles": ["hx-form", "Rendering"],
          "fullName": "hx-form Rendering renders <form> tag when action is set",
          "status": "passed",
          "title": "renders <form> tag when action is set",
          "duration": 0.20000000298023224,
          "failureMessages": [],
          "meta": {}
        },
        {
          "ancestorTitles": ["hx-form", "Rendering"],
          "fullName": "hx-form Rendering does not render <form> tag when no action",
          "status": "passed",
          "title": "does not render <form> tag when no action",
          "duration": 0.10000000149011612,
          "failureMessages": [],
          "meta": {}
        },
        {
          "ancestorTitles": ["hx-form", "Properties"],
          "fullName": "hx-form Properties action property sets form action attribute",
          "status": "passed",
          "title": "action property sets form action attribute",
          "duration": 0.10000000149011612,
          "failureMessages": [],
          "meta": {}
        },
        {
          "ancestorTitles": ["hx-form", "Properties"],
          "fullName": "hx-form Properties method property defaults to post",
          "status": "passed",
          "title": "method property defaults to post",
          "duration": 0.10000000149011612,
          "failureMessages": [],
          "meta": {}
        },
        {
          "ancestorTitles": ["hx-form", "Properties"],
          "fullName": "hx-form Properties novalidate property sets novalidate attribute on form",
          "status": "passed",
          "title": "novalidate property sets novalidate attribute on form",
          "duration": 0,
          "failureMessages": [],
          "meta": {}
        },
        {
          "ancestorTitles": ["hx-form", "Properties"],
          "fullName": "hx-form Properties name property sets name attribute on form",
          "status": "passed",
          "title": "name property sets name attribute on form",
          "duration": 0.10000000149011612,
          "failureMessages": [],
          "meta": {}
        },
        {
          "ancestorTitles": ["hx-form", "Events"],
          "fullName": "hx-form Events dispatches wc-submit on valid client-side submit",
          "status": "passed",
          "title": "dispatches wc-submit on valid client-side submit",
          "duration": 2.899999998509884,
          "failureMessages": [],
          "meta": {}
        },
        {
          "ancestorTitles": ["hx-form", "Events"],
          "fullName": "hx-form Events dispatches wc-invalid when validation fails on submit",
          "status": "passed",
          "title": "dispatches wc-invalid when validation fails on submit",
          "duration": 0.5,
          "failureMessages": [],
          "meta": {}
        },
        {
          "ancestorTitles": ["hx-form", "Events"],
          "fullName": "hx-form Events dispatches wc-reset when form is reset",
          "status": "passed",
          "title": "dispatches wc-reset when form is reset",
          "duration": 0.20000000298023224,
          "failureMessages": [],
          "meta": {}
        },
        {
          "ancestorTitles": ["hx-form", "Form Discovery"],
          "fullName": "hx-form Form Discovery getFormElements() returns wc-* form components",
          "status": "passed",
          "title": "getFormElements() returns wc-* form components",
          "duration": 0.09999999403953552,
          "failureMessages": [],
          "meta": {}
        },
        {
          "ancestorTitles": ["hx-form", "Form Discovery"],
          "fullName": "hx-form Form Discovery getNativeFormElements() returns native form elements",
          "status": "passed",
          "title": "getNativeFormElements() returns native form elements",
          "duration": 1.1000000014901161,
          "failureMessages": [],
          "meta": {}
        },
        {
          "ancestorTitles": ["hx-form", "Form Discovery"],
          "fullName": "hx-form Form Discovery getFormData() returns FormData from child inputs",
          "status": "passed",
          "title": "getFormData() returns FormData from child inputs",
          "duration": 0.10000000149011612,
          "failureMessages": [],
          "meta": {}
        },
        {
          "ancestorTitles": ["hx-form", "Validation"],
          "fullName": "hx-form Validation checkValidity() returns false when required field is empty",
          "status": "passed",
          "title": "checkValidity() returns false when required field is empty",
          "duration": 0.20000000298023224,
          "failureMessages": [],
          "meta": {}
        },
        {
          "ancestorTitles": ["hx-form", "Validation"],
          "fullName": "hx-form Validation checkValidity() returns true when all fields are valid",
          "status": "passed",
          "title": "checkValidity() returns true when all fields are valid",
          "duration": 0.09999999403953552,
          "failureMessages": [],
          "meta": {}
        },
        {
          "ancestorTitles": ["hx-form", "Validation"],
          "fullName": "hx-form Validation reportValidity() triggers validation UI and returns false for invalid",
          "status": "passed",
          "title": "reportValidity() triggers validation UI and returns false for invalid",
          "duration": 0.8000000044703484,
          "failureMessages": [],
          "meta": {}
        },
        {
          "ancestorTitles": ["hx-form", "Scoped Styles"],
          "fullName": "hx-form Scoped Styles adopted stylesheet is injected into document",
          "status": "passed",
          "title": "adopted stylesheet is injected into document",
          "duration": 0.10000000149011612,
          "failureMessages": [],
          "meta": {}
        },
        {
          "ancestorTitles": ["hx-form", "Scoped Styles"],
          "fullName": "hx-form Scoped Styles styles are scoped to wc-form selector",
          "status": "passed",
          "title": "styles are scoped to wc-form selector",
          "duration": 0.5999999940395355,
          "failureMessages": [],
          "meta": {}
        },
        {
          "ancestorTitles": ["hx-form", "Scoped Styles"],
          "fullName": "hx-form Scoped Styles stylesheet is removed on disconnect",
          "status": "passed",
          "title": "stylesheet is removed on disconnect",
          "duration": 0.20000000298023224,
          "failureMessages": [],
          "meta": {}
        },
        {
          "ancestorTitles": ["hx-form", "Accessibility (axe-core)"],
          "fullName": "hx-form Accessibility (axe-core) has no axe violations in default state",
          "status": "passed",
          "title": "has no axe violations in default state",
          "duration": 10.100000001490116,
          "failureMessages": [],
          "meta": {}
        },
        {
          "ancestorTitles": ["hx-form", "Accessibility (axe-core)"],
          "fullName": "hx-form Accessibility (axe-core) has no axe violations with required fields",
          "status": "passed",
          "title": "has no axe violations with required fields",
          "duration": 4.699999995529652,
          "failureMessages": [],
          "meta": {}
        },
        {
          "ancestorTitles": ["hx-form", "Accessibility (axe-core)"],
          "fullName": "hx-form Accessibility (axe-core) has no axe violations with error states",
          "status": "passed",
          "title": "has no axe violations with error states",
          "duration": 4.5,
          "failureMessages": [],
          "meta": {}
        }
      ],
      "startTime": 1772573013840,
      "endTime": 1772573013868.5,
      "status": "passed",
      "message": "",
      "name": "/Volumes/Development/booked/helix/.worktrees/feature-t1-07-hx-number-input-numeric-input/packages/hx-library/src/components/hx-form/hx-form.test.ts"
    },
    {
      "assertionResults": [
        {
          "ancestorTitles": ["hx-checkbox", "Rendering"],
          "fullName": "hx-checkbox Rendering renders with shadow DOM",
          "status": "passed",
          "title": "renders with shadow DOM",
          "duration": 1.8999999985098839,
          "failureMessages": [],
          "meta": {}
        },
        {
          "ancestorTitles": ["hx-checkbox", "Rendering"],
          "fullName": "hx-checkbox Rendering renders hidden native <input type=\"checkbox\">",
          "status": "passed",
          "title": "renders hidden native <input type=\"checkbox\">",
          "duration": 0.10000000149011612,
          "failureMessages": [],
          "meta": {}
        },
        {
          "ancestorTitles": ["hx-checkbox", "Rendering"],
          "fullName": "hx-checkbox Rendering renders visual checkbox box",
          "status": "passed",
          "title": "renders visual checkbox box",
          "duration": 0.20000000298023224,
          "failureMessages": [],
          "meta": {}
        },
        {
          "ancestorTitles": ["hx-checkbox", "Rendering"],
          "fullName": "hx-checkbox Rendering exposes \"checkbox\" CSS part",
          "status": "passed",
          "title": "exposes \"checkbox\" CSS part",
          "duration": 0.10000000149011612,
          "failureMessages": [],
          "meta": {}
        },
        {
          "ancestorTitles": ["hx-checkbox", "Property: checked"],
          "fullName": "hx-checkbox Property: checked defaults to unchecked",
          "status": "passed",
          "title": "defaults to unchecked",
          "duration": 0.10000000149011612,
          "failureMessages": [],
          "meta": {}
        },
        {
          "ancestorTitles": ["hx-checkbox", "Property: checked"],
          "fullName": "hx-checkbox Property: checked reflects checked attribute to host",
          "status": "passed",
          "title": "reflects checked attribute to host",
          "duration": 0.19999999552965164,
          "failureMessages": [],
          "meta": {}
        },
        {
          "ancestorTitles": ["hx-checkbox", "Property: checked"],
          "fullName": "hx-checkbox Property: checked applies checked class to container",
          "status": "passed",
          "title": "applies checked class to container",
          "duration": 0.10000000149011612,
          "failureMessages": [],
          "meta": {}
        },
        {
          "ancestorTitles": ["hx-checkbox", "Property: indeterminate"],
          "fullName": "hx-checkbox Property: indeterminate applies indeterminate class when set",
          "status": "passed",
          "title": "applies indeterminate class when set",
          "duration": 0.10000000149011612,
          "failureMessages": [],
          "meta": {}
        },
        {
          "ancestorTitles": ["hx-checkbox", "Property: indeterminate"],
          "fullName": "hx-checkbox Property: indeterminate clears indeterminate on toggle",
          "status": "passed",
          "title": "clears indeterminate on toggle",
          "duration": 0.3999999985098839,
          "failureMessages": [],
          "meta": {}
        },
        {
          "ancestorTitles": ["hx-checkbox", "Property: label"],
          "fullName": "hx-checkbox Property: label renders label text",
          "status": "passed",
          "title": "renders label text",
          "duration": 0.29999999701976776,
          "failureMessages": [],
          "meta": {}
        },
        {
          "ancestorTitles": ["hx-checkbox", "Property: label"],
          "fullName": "hx-checkbox Property: label shows asterisk when required",
          "status": "passed",
          "title": "shows asterisk when required",
          "duration": 0.30000000447034836,
          "failureMessages": [],
          "meta": {}
        },
        {
          "ancestorTitles": ["hx-checkbox", "Property: label"],
          "fullName": "hx-checkbox Property: label exposes \"label\" CSS part",
          "status": "passed",
          "title": "exposes \"label\" CSS part",
          "duration": 0.09999999403953552,
          "failureMessages": [],
          "meta": {}
        },
        {
          "ancestorTitles": ["hx-checkbox", "Property: error"],
          "fullName": "hx-checkbox Property: error renders error message in role=\"alert\" div",
          "status": "passed",
          "title": "renders error message in role=\"alert\" div",
          "duration": 0.10000000149011612,
          "failureMessages": [],
          "meta": {}
        },
        {
          "ancestorTitles": ["hx-checkbox", "Property: error"],
          "fullName": "hx-checkbox Property: error error div has aria-live=\"polite\"",
          "status": "passed",
          "title": "error div has aria-live=\"polite\"",
          "duration": 0.20000000298023224,
          "failureMessages": [],
          "meta": {}
        },
        {
          "ancestorTitles": ["hx-checkbox", "Property: error"],
          "fullName": "hx-checkbox Property: error sets aria-invalid=\"true\" on native input",
          "status": "passed",
          "title": "sets aria-invalid=\"true\" on native input",
          "duration": 0.10000000149011612,
          "failureMessages": [],
          "meta": {}
        },
        {
          "ancestorTitles": ["hx-checkbox", "Property: error"],
          "fullName": "hx-checkbox Property: error error hides help text",
          "status": "passed",
          "title": "error hides help text",
          "duration": 0,
          "failureMessages": [],
          "meta": {}
        },
        {
          "ancestorTitles": ["hx-checkbox", "Property: helpText"],
          "fullName": "hx-checkbox Property: helpText renders help text below checkbox",
          "status": "passed",
          "title": "renders help text below checkbox",
          "duration": 0.19999999552965164,
          "failureMessages": [],
          "meta": {}
        },
        {
          "ancestorTitles": ["hx-checkbox", "Property: helpText"],
          "fullName": "hx-checkbox Property: helpText help text hidden when error present",
          "status": "passed",
          "title": "help text hidden when error present",
          "duration": 0.10000000149011612,
          "failureMessages": [],
          "meta": {}
        },
        {
          "ancestorTitles": ["hx-checkbox", "Property: value"],
          "fullName": "hx-checkbox Property: value defaults to \"on\"",
          "status": "passed",
          "title": "defaults to \"on\"",
          "duration": 0.10000000149011612,
          "failureMessages": [],
          "meta": {}
        },
        {
          "ancestorTitles": ["hx-checkbox", "Property: value"],
          "fullName": "hx-checkbox Property: value uses custom value in change event",
          "status": "passed",
          "title": "uses custom value in change event",
          "duration": 0.10000000149011612,
          "failureMessages": [],
          "meta": {}
        },
        {
          "ancestorTitles": ["hx-checkbox", "Property: required"],
          "fullName": "hx-checkbox Property: required sets required attr on native input",
          "status": "passed",
          "title": "sets required attr on native input",
          "duration": 0,
          "failureMessages": [],
          "meta": {}
        },
        {
          "ancestorTitles": ["hx-checkbox", "Property: required"],
          "fullName": "hx-checkbox Property: required reflects required attribute to host",
          "status": "passed",
          "title": "reflects required attribute to host",
          "duration": 0.10000000149011612,
          "failureMessages": [],
          "meta": {}
        },
        {
          "ancestorTitles": ["hx-checkbox", "Property: disabled"],
          "fullName": "hx-checkbox Property: disabled sets disabled attr on native input",
          "status": "passed",
          "title": "sets disabled attr on native input",
          "duration": 0.20000000298023224,
          "failureMessages": [],
          "meta": {}
        },
        {
          "ancestorTitles": ["hx-checkbox", "Property: disabled"],
          "fullName": "hx-checkbox Property: disabled reflects disabled attribute to host",
          "status": "passed",
          "title": "reflects disabled attribute to host",
          "duration": 0.10000000149011612,
          "failureMessages": [],
          "meta": {}
        },
        {
          "ancestorTitles": ["hx-checkbox", "Property: disabled"],
          "fullName": "hx-checkbox Property: disabled prevents toggle when disabled",
          "status": "passed",
          "title": "prevents toggle when disabled",
          "duration": 0.09999999403953552,
          "failureMessages": [],
          "meta": {}
        },
        {
          "ancestorTitles": ["hx-checkbox", "Events"],
          "fullName": "hx-checkbox Events dispatches wc-change on toggle",
          "status": "passed",
          "title": "dispatches wc-change on toggle",
          "duration": 0.10000000149011612,
          "failureMessages": [],
          "meta": {}
        },
        {
          "ancestorTitles": ["hx-checkbox", "Events"],
          "fullName": "hx-checkbox Events hx-change detail has checked and value",
          "status": "passed",
          "title": "hx-change detail has checked and value",
          "duration": 0.20000000298023224,
          "failureMessages": [],
          "meta": {}
        },
        {
          "ancestorTitles": ["hx-checkbox", "Events"],
          "fullName": "hx-checkbox Events hx-change bubbles and is composed",
          "status": "passed",
          "title": "hx-change bubbles and is composed",
          "duration": 0.10000000149011612,
          "failureMessages": [],
          "meta": {}
        },
        {
          "ancestorTitles": ["hx-checkbox", "Slots"],
          "fullName": "hx-checkbox Slots default slot renders custom label content",
          "status": "passed",
          "title": "default slot renders custom label content",
          "duration": 0.19999999552965164,
          "failureMessages": [],
          "meta": {}
        },
        {
          "ancestorTitles": ["hx-checkbox", "Slots"],
          "fullName": "hx-checkbox Slots help-text slot renders",
          "status": "passed",
          "title": "help-text slot renders",
          "duration": 0.10000000149011612,
          "failureMessages": [],
          "meta": {}
        },
        {
          "ancestorTitles": ["hx-checkbox", "CSS Parts"],
          "fullName": "hx-checkbox CSS Parts control part exposed",
          "status": "passed",
          "title": "control part exposed",
          "duration": 0.10000000149011612,
          "failureMessages": [],
          "meta": {}
        },
        {
          "ancestorTitles": ["hx-checkbox", "CSS Parts"],
          "fullName": "hx-checkbox CSS Parts checkbox part exposed",
          "status": "passed",
          "title": "checkbox part exposed",
          "duration": 0.10000000149011612,
          "failureMessages": [],
          "meta": {}
        },
        {
          "ancestorTitles": ["hx-checkbox", "CSS Parts"],
          "fullName": "hx-checkbox CSS Parts error part exposed when error set",
          "status": "passed",
          "title": "error part exposed when error set",
          "duration": 0.09999999403953552,
          "failureMessages": [],
          "meta": {}
        },
        {
          "ancestorTitles": ["hx-checkbox", "Form"],
          "fullName": "hx-checkbox Form has formAssociated=true",
          "status": "passed",
          "title": "has formAssociated=true",
          "duration": 0,
          "failureMessages": [],
          "meta": {}
        },
        {
          "ancestorTitles": ["hx-checkbox", "Form"],
          "fullName": "hx-checkbox Form has ElementInternals attached",
          "status": "passed",
          "title": "has ElementInternals attached",
          "duration": 0.10000000149011612,
          "failureMessages": [],
          "meta": {}
        },
        {
          "ancestorTitles": ["hx-checkbox", "Form"],
          "fullName": "hx-checkbox Form form getter returns associated form",
          "status": "passed",
          "title": "form getter returns associated form",
          "duration": 0.10000000149011612,
          "failureMessages": [],
          "meta": {}
        },
        {
          "ancestorTitles": ["hx-checkbox", "Form"],
          "fullName": "hx-checkbox Form formResetCallback resets checked to false",
          "status": "passed",
          "title": "formResetCallback resets checked to false",
          "duration": 0,
          "failureMessages": [],
          "meta": {}
        },
        {
          "ancestorTitles": ["hx-checkbox", "Form"],
          "fullName": "hx-checkbox Form formStateRestoreCallback restores checked state",
          "status": "passed",
          "title": "formStateRestoreCallback restores checked state",
          "duration": 0.10000000149011612,
          "failureMessages": [],
          "meta": {}
        },
        {
          "ancestorTitles": ["hx-checkbox", "Validation"],
          "fullName": "hx-checkbox Validation checkValidity returns false when required + unchecked",
          "status": "passed",
          "title": "checkValidity returns false when required + unchecked",
          "duration": 0,
          "failureMessages": [],
          "meta": {}
        },
        {
          "ancestorTitles": ["hx-checkbox", "Validation"],
          "fullName": "hx-checkbox Validation checkValidity returns true when required + checked",
          "status": "passed",
          "title": "checkValidity returns true when required + checked",
          "duration": 0.10000000149011612,
          "failureMessages": [],
          "meta": {}
        },
        {
          "ancestorTitles": ["hx-checkbox", "Validation"],
          "fullName": "hx-checkbox Validation valueMissing validity flag is set when required + unchecked",
          "status": "passed",
          "title": "valueMissing validity flag is set when required + unchecked",
          "duration": 0.10000000149011612,
          "failureMessages": [],
          "meta": {}
        },
        {
          "ancestorTitles": ["hx-checkbox", "Validation"],
          "fullName": "hx-checkbox Validation reportValidity returns false when required + unchecked",
          "status": "passed",
          "title": "reportValidity returns false when required + unchecked",
          "duration": 0.8999999985098839,
          "failureMessages": [],
          "meta": {}
        },
        {
          "ancestorTitles": ["hx-checkbox", "Validation"],
          "fullName": "hx-checkbox Validation reportValidity returns true when required + checked",
          "status": "passed",
          "title": "reportValidity returns true when required + checked",
          "duration": 0.3999999985098839,
          "failureMessages": [],
          "meta": {}
        },
        {
          "ancestorTitles": ["hx-checkbox", "Validation"],
          "fullName": "hx-checkbox Validation validationMessage is set when required + unchecked",
          "status": "passed",
          "title": "validationMessage is set when required + unchecked",
          "duration": 0.20000000298023224,
          "failureMessages": [],
          "meta": {}
        },
        {
          "ancestorTitles": ["hx-checkbox", "Accessibility"],
          "fullName": "hx-checkbox Accessibility aria-describedby references error ID when error set",
          "status": "passed",
          "title": "aria-describedby references error ID when error set",
          "duration": 0.10000000149011612,
          "failureMessages": [],
          "meta": {}
        },
        {
          "ancestorTitles": ["hx-checkbox", "Accessibility"],
          "fullName": "hx-checkbox Accessibility aria-describedby references help text ID when helpText set",
          "status": "passed",
          "title": "aria-describedby references help text ID when helpText set",
          "duration": 0.10000000149011612,
          "failureMessages": [],
          "meta": {}
        },
        {
          "ancestorTitles": ["hx-checkbox", "Accessibility"],
          "fullName": "hx-checkbox Accessibility no aria-invalid when no error",
          "status": "passed",
          "title": "no aria-invalid when no error",
          "duration": 0,
          "failureMessages": [],
          "meta": {}
        },
        {
          "ancestorTitles": ["hx-checkbox", "Keyboard"],
          "fullName": "hx-checkbox Keyboard Space key toggles checked",
          "status": "passed",
          "title": "Space key toggles checked",
          "duration": 0.29999999701976776,
          "failureMessages": [],
          "meta": {}
        },
        {
          "ancestorTitles": ["hx-checkbox", "Keyboard"],
          "fullName": "hx-checkbox Keyboard Enter key does NOT toggle checked",
          "status": "passed",
          "title": "Enter key does NOT toggle checked",
          "duration": 0.10000000149011612,
          "failureMessages": [],
          "meta": {}
        },
        {
          "ancestorTitles": ["hx-checkbox", "Methods"],
          "fullName": "hx-checkbox Methods focus() moves focus to input element",
          "status": "passed",
          "title": "focus() moves focus to input element",
          "duration": 50.600000001490116,
          "failureMessages": [],
          "meta": {}
        },
        {
          "ancestorTitles": ["hx-checkbox", "Accessibility (axe-core)"],
          "fullName": "hx-checkbox Accessibility (axe-core) has no axe violations in default state",
          "status": "passed",
          "title": "has no axe violations in default state",
          "duration": 14.5,
          "failureMessages": [],
          "meta": {}
        },
        {
          "ancestorTitles": ["hx-checkbox", "Accessibility (axe-core)"],
          "fullName": "hx-checkbox Accessibility (axe-core) has no axe violations when checked",
          "status": "passed",
          "title": "has no axe violations when checked",
          "duration": 4.800000004470348,
          "failureMessages": [],
          "meta": {}
        },
        {
          "ancestorTitles": ["hx-checkbox", "Accessibility (axe-core)"],
          "fullName": "hx-checkbox Accessibility (axe-core) has no axe violations in error state",
          "status": "passed",
          "title": "has no axe violations in error state",
          "duration": 3.7999999970197678,
          "failureMessages": [],
          "meta": {}
        },
        {
          "ancestorTitles": ["hx-checkbox", "Accessibility (axe-core)"],
          "fullName": "hx-checkbox Accessibility (axe-core) has no axe violations when disabled",
          "status": "passed",
          "title": "has no axe violations when disabled",
          "duration": 3,
          "failureMessages": [],
          "meta": {}
        }
      ],
      "startTime": 1772573013810,
      "endTime": 1772573013896,
      "status": "passed",
      "message": "",
      "name": "/Volumes/Development/booked/helix/.worktrees/feature-t1-07-hx-number-input-numeric-input/packages/hx-library/src/components/hx-checkbox/hx-checkbox.test.ts"
    },
    {
      "assertionResults": [
        {
          "ancestorTitles": ["hx-number-input", "Rendering"],
          "fullName": "hx-number-input Rendering renders with shadow DOM",
          "status": "passed",
          "title": "renders with shadow DOM",
          "duration": 7,
          "failureMessages": [],
          "meta": {}
        },
        {
          "ancestorTitles": ["hx-number-input", "Rendering"],
          "fullName": "hx-number-input Rendering renders native <input> of type number",
          "status": "passed",
          "title": "renders native <input> of type number",
          "duration": 1.3999999985098839,
          "failureMessages": [],
          "meta": {}
        },
        {
          "ancestorTitles": ["hx-number-input", "Rendering"],
          "fullName": "hx-number-input Rendering renders field container",
          "status": "passed",
          "title": "renders field container",
          "duration": 0.5,
          "failureMessages": [],
          "meta": {}
        },
        {
          "ancestorTitles": ["hx-number-input", "Rendering"],
          "fullName": "hx-number-input Rendering renders with default md size class",
          "status": "passed",
          "title": "renders with default md size class",
          "duration": 0.30000000447034836,
          "failureMessages": [],
          "meta": {}
        },
        {
          "ancestorTitles": ["hx-number-input", "Property: label"],
          "fullName": "hx-number-input Property: label renders label text",
          "status": "passed",
          "title": "renders label text",
          "duration": 1.1000000014901161,
          "failureMessages": [],
          "meta": {}
        },
        {
          "ancestorTitles": ["hx-number-input", "Property: label"],
          "fullName": "hx-number-input Property: label does not render label when empty",
          "status": "passed",
          "title": "does not render label when empty",
          "duration": 0.09999999403953552,
          "failureMessages": [],
          "meta": {}
        },
        {
          "ancestorTitles": ["hx-number-input", "Property: label"],
          "fullName": "hx-number-input Property: label shows required marker when required and label is set",
          "status": "passed",
          "title": "shows required marker when required and label is set",
          "duration": 0.6000000014901161,
          "failureMessages": [],
          "meta": {}
        },
        {
          "ancestorTitles": ["hx-number-input", "Property: value"],
          "fullName": "hx-number-input Property: value is null by default",
          "status": "passed",
          "title": "is null by default",
          "duration": 0.20000000298023224,
          "failureMessages": [],
          "meta": {}
        },
        {
          "ancestorTitles": ["hx-number-input", "Property: value"],
          "fullName": "hx-number-input Property: value accepts a numeric value via attribute",
          "status": "passed",
          "title": "accepts a numeric value via attribute",
          "duration": 1,
          "failureMessages": [],
          "meta": {}
        },
        {
          "ancestorTitles": ["hx-number-input", "Property: value"],
          "fullName": "hx-number-input Property: value reflects numeric value on the native input",
          "status": "passed",
          "title": "reflects numeric value on the native input",
          "duration": 0.29999999701976776,
          "failureMessages": [],
          "meta": {}
        },
        {
          "ancestorTitles": ["hx-number-input", "Property: value"],
          "fullName": "hx-number-input Property: value programmatic value update is reflected on native input",
          "status": "passed",
          "title": "programmatic value update is reflected on native input",
          "duration": 0.10000000149011612,
          "failureMessages": [],
          "meta": {}
        },
        {
          "ancestorTitles": ["hx-number-input", "Property: required"],
          "fullName": "hx-number-input Property: required reflects required attribute on host",
          "status": "passed",
          "title": "reflects required attribute on host",
          "duration": 0.10000000149011612,
          "failureMessages": [],
          "meta": {}
        },
        {
          "ancestorTitles": ["hx-number-input", "Property: required"],
          "fullName": "hx-number-input Property: required sets aria-required=\"true\" on native input",
          "status": "passed",
          "title": "sets aria-required=\"true\" on native input",
          "duration": 0.19999999552965164,
          "failureMessages": [],
          "meta": {}
        },
        {
          "ancestorTitles": ["hx-number-input", "Property: required"],
          "fullName": "hx-number-input Property: required marks validity as valueMissing when required and no value",
          "status": "passed",
          "title": "marks validity as valueMissing when required and no value",
          "duration": 0.10000000149011612,
          "failureMessages": [],
          "meta": {}
        },
        {
          "ancestorTitles": ["hx-number-input", "Property: disabled"],
          "fullName": "hx-number-input Property: disabled reflects disabled attribute on host",
          "status": "passed",
          "title": "reflects disabled attribute on host",
          "duration": 0.29999999701976776,
          "failureMessages": [],
          "meta": {}
        },
        {
          "ancestorTitles": ["hx-number-input", "Property: disabled"],
          "fullName": "hx-number-input Property: disabled sets disabled on the native input",
          "status": "passed",
          "title": "sets disabled on the native input",
          "duration": 0.10000000149011612,
          "failureMessages": [],
          "meta": {}
        },
        {
          "ancestorTitles": ["hx-number-input", "Property: disabled"],
          "fullName": "hx-number-input Property: disabled disables stepper increment and decrement buttons",
          "status": "passed",
          "title": "disables stepper increment and decrement buttons",
          "duration": 0.10000000149011612,
          "failureMessages": [],
          "meta": {}
        },
        {
          "ancestorTitles": ["hx-number-input", "Property: readonly"],
          "fullName": "hx-number-input Property: readonly reflects readonly attribute on host",
          "status": "passed",
          "title": "reflects readonly attribute on host",
          "duration": 0,
          "failureMessages": [],
          "meta": {}
        },
        {
          "ancestorTitles": ["hx-number-input", "Property: readonly"],
          "fullName": "hx-number-input Property: readonly sets readonly on the native input",
          "status": "passed",
          "title": "sets readonly on the native input",
          "duration": 0.09999999403953552,
          "failureMessages": [],
          "meta": {}
        },
        {
          "ancestorTitles": ["hx-number-input", "Property: min/max"],
          "fullName": "hx-number-input Property: min/max sets min attribute on native input",
          "status": "passed",
          "title": "sets min attribute on native input",
          "duration": 0.20000000298023224,
          "failureMessages": [],
          "meta": {}
        },
        {
          "ancestorTitles": ["hx-number-input", "Property: min/max"],
          "fullName": "hx-number-input Property: min/max sets max attribute on native input",
          "status": "passed",
          "title": "sets max attribute on native input",
          "duration": 0,
          "failureMessages": [],
          "meta": {}
        },
        {
          "ancestorTitles": ["hx-number-input", "Property: min/max"],
          "fullName": "hx-number-input Property: min/max clamps value to min on change event",
          "status": "passed",
          "title": "clamps value to min on change event",
          "duration": 0.29999999701976776,
          "failureMessages": [],
          "meta": {}
        },
        {
          "ancestorTitles": ["hx-number-input", "Property: min/max"],
          "fullName": "hx-number-input Property: min/max clamps value to max on change event",
          "status": "passed",
          "title": "clamps value to max on change event",
          "duration": 0.20000000298023224,
          "failureMessages": [],
          "meta": {}
        },
        {
          "ancestorTitles": ["hx-number-input", "Property: min/max"],
          "fullName": "hx-number-input Property: min/max disables increment button when value is at max",
          "status": "passed",
          "title": "disables increment button when value is at max",
          "duration": 0.10000000149011612,
          "failureMessages": [],
          "meta": {}
        },
        {
          "ancestorTitles": ["hx-number-input", "Property: min/max"],
          "fullName": "hx-number-input Property: min/max disables decrement button when value is at min",
          "status": "passed",
          "title": "disables decrement button when value is at min",
          "duration": 0.09999999403953552,
          "failureMessages": [],
          "meta": {}
        },
        {
          "ancestorTitles": ["hx-number-input", "Property: min/max"],
          "fullName": "hx-number-input Property: min/max marks validity as rangeUnderflow when value is below min",
          "status": "passed",
          "title": "marks validity as rangeUnderflow when value is below min",
          "duration": 0.20000000298023224,
          "failureMessages": [],
          "meta": {}
        },
        {
          "ancestorTitles": ["hx-number-input", "Property: min/max"],
          "fullName": "hx-number-input Property: min/max marks validity as rangeOverflow when value is above max",
          "status": "passed",
          "title": "marks validity as rangeOverflow when value is above max",
          "duration": 0.10000000149011612,
          "failureMessages": [],
          "meta": {}
        },
        {
          "ancestorTitles": ["hx-number-input", "Property: step"],
          "fullName": "hx-number-input Property: step defaults to step of 1",
          "status": "passed",
          "title": "defaults to step of 1",
          "duration": 0.19999999552965164,
          "failureMessages": [],
          "meta": {}
        },
        {
          "ancestorTitles": ["hx-number-input", "Property: step"],
          "fullName": "hx-number-input Property: step stepper uses custom step value when incrementing",
          "status": "passed",
          "title": "stepper uses custom step value when incrementing",
          "duration": 0.20000000298023224,
          "failureMessages": [],
          "meta": {}
        },
        {
          "ancestorTitles": ["hx-number-input", "Property: step"],
          "fullName": "hx-number-input Property: step stepper uses custom step value when decrementing",
          "status": "passed",
          "title": "stepper uses custom step value when decrementing",
          "duration": 0.10000000149011612,
          "failureMessages": [],
          "meta": {}
        },
        {
          "ancestorTitles": ["hx-number-input", "Property: hx-size"],
          "fullName": "hx-number-input Property: hx-size applies field--sm class when hx-size=\"sm\"",
          "status": "passed",
          "title": "applies field--sm class when hx-size=\"sm\"",
          "duration": 0.7999999970197678,
          "failureMessages": [],
          "meta": {}
        },
        {
          "ancestorTitles": ["hx-number-input", "Property: hx-size"],
          "fullName": "hx-number-input Property: hx-size applies field--md class when hx-size=\"md\" (default)",
          "status": "passed",
          "title": "applies field--md class when hx-size=\"md\" (default)",
          "duration": 0.20000000298023224,
          "failureMessages": [],
          "meta": {}
        },
        {
          "ancestorTitles": ["hx-number-input", "Property: hx-size"],
          "fullName": "hx-number-input Property: hx-size applies field--lg class when hx-size=\"lg\"",
          "status": "passed",
          "title": "applies field--lg class when hx-size=\"lg\"",
          "duration": 0.3999999985098839,
          "failureMessages": [],
          "meta": {}
        },
        {
          "ancestorTitles": ["hx-number-input", "Property: no-stepper"],
          "fullName": "hx-number-input Property: no-stepper shows stepper by default",
          "status": "passed",
          "title": "shows stepper by default",
          "duration": 0.10000000149011612,
          "failureMessages": [],
          "meta": {}
        },
        {
          "ancestorTitles": ["hx-number-input", "Property: no-stepper"],
          "fullName": "hx-number-input Property: no-stepper hides stepper when no-stepper is set",
          "status": "passed",
          "title": "hides stepper when no-stepper is set",
          "duration": 0.10000000149011612,
          "failureMessages": [],
          "meta": {}
        },
        {
          "ancestorTitles": ["hx-number-input", "Property: error"],
          "fullName": "hx-number-input Property: error renders error message in role=\"alert\" div",
          "status": "passed",
          "title": "renders error message in role=\"alert\" div",
          "duration": 0.5999999940395355,
          "failureMessages": [],
          "meta": {}
        },
        {
          "ancestorTitles": ["hx-number-input", "Property: error"],
          "fullName": "hx-number-input Property: error error div has aria-live=\"polite\"",
          "status": "passed",
          "title": "error div has aria-live=\"polite\"",
          "duration": 0.10000000149011612,
          "failureMessages": [],
          "meta": {}
        },
        {
          "ancestorTitles": ["hx-number-input", "Property: error"],
          "fullName": "hx-number-input Property: error applies field--error class to field container",
          "status": "passed",
          "title": "applies field--error class to field container",
          "duration": 0.10000000149011612,
          "failureMessages": [],
          "meta": {}
        },
        {
          "ancestorTitles": ["hx-number-input", "Property: error"],
          "fullName": "hx-number-input Property: error sets aria-invalid=\"true\" on native input",
          "status": "passed",
          "title": "sets aria-invalid=\"true\" on native input",
          "duration": 0.10000000149011612,
          "failureMessages": [],
          "meta": {}
        },
[...]
          "title": "shows asterisk when required",
          "duration": 0.19999999552965164,
          "failureMessages": [],
          "meta": {}
        },
        {
          "ancestorTitles": ["hx-textarea", "Property: placeholder"],
          "fullName": "hx-textarea Property: placeholder sets placeholder attr on native textarea",
          "status": "passed",
          "title": "sets placeholder attr on native textarea",
          "duration": 0.10000000149011612,
          "failureMessages": [],
          "meta": {}
        },
        {
          "ancestorTitles": ["hx-textarea", "Property: value"],
          "fullName": "hx-textarea Property: value syncs value to native textarea",
          "status": "passed",
          "title": "syncs value to native textarea",
          "duration": 0.20000000298023224,
          "failureMessages": [],
          "meta": {}
        },
        {
          "ancestorTitles": ["hx-textarea", "Property: value"],
          "fullName": "hx-textarea Property: value programmatic value update is reflected",
          "status": "passed",
          "title": "programmatic value update is reflected",
          "duration": 0.10000000149011612,
          "failureMessages": [],
          "meta": {}
        },
        {
          "ancestorTitles": ["hx-textarea", "Property: rows"],
          "fullName": "hx-textarea Property: rows defaults to 4 rows",
          "status": "passed",
          "title": "defaults to 4 rows",
          "duration": 0.09999999403953552,
          "failureMessages": [],
          "meta": {}
        },
        {
          "ancestorTitles": ["hx-textarea", "Property: rows"],
          "fullName": "hx-textarea Property: rows sets custom rows attribute",
          "status": "passed",
          "title": "sets custom rows attribute",
          "duration": 0.10000000149011612,
          "failureMessages": [],
          "meta": {}
        },
        {
          "ancestorTitles": ["hx-textarea", "Property: maxlength"],
          "fullName": "hx-textarea Property: maxlength sets maxlength attr on native textarea",
          "status": "passed",
          "title": "sets maxlength attr on native textarea",
          "duration": 0.10000000149011612,
          "failureMessages": [],
          "meta": {}
        },
        {
          "ancestorTitles": ["hx-textarea", "Property: maxlength"],
          "fullName": "hx-textarea Property: maxlength does not set maxlength when not provided",
          "status": "passed",
          "title": "does not set maxlength when not provided",
          "duration": 0.10000000149011612,
          "failureMessages": [],
          "meta": {}
        },
        {
          "ancestorTitles": ["hx-textarea", "Property: resize"],
          "fullName": "hx-textarea Property: resize defaults to vertical",
          "status": "passed",
          "title": "defaults to vertical",
          "duration": 0,
          "failureMessages": [],
          "meta": {}
        },
        {
          "ancestorTitles": ["hx-textarea", "Property: resize"],
          "fullName": "hx-textarea Property: resize reflects resize attribute to host",
          "status": "passed",
          "title": "reflects resize attribute to host",
          "duration": 0.10000000149011612,
          "failureMessages": [],
          "meta": {}
        },
        {
          "ancestorTitles": ["hx-textarea", "Property: showCount"],
          "fullName": "hx-textarea Property: showCount does not render counter by default",
          "status": "passed",
          "title": "does not render counter by default",
          "duration": 0.19999999552965164,
          "failureMessages": [],
          "meta": {}
        },
        {
          "ancestorTitles": ["hx-textarea", "Property: showCount"],
          "fullName": "hx-textarea Property: showCount renders counter when show-count is set",
          "status": "passed",
          "title": "renders counter when show-count is set",
          "duration": 0.10000000149011612,
          "failureMessages": [],
          "meta": {}
        },
        {
          "ancestorTitles": ["hx-textarea", "Property: showCount"],
          "fullName": "hx-textarea Property: showCount shows \"count / maxlength\" format when maxlength set",
          "status": "passed",
          "title": "shows \"count / maxlength\" format when maxlength set",
          "duration": 0.10000000149011612,
          "failureMessages": [],
          "meta": {}
        },
        {
          "ancestorTitles": ["hx-textarea", "Property: required"],
          "fullName": "hx-textarea Property: required sets required attr on native textarea",
          "status": "passed",
          "title": "sets required attr on native textarea",
          "duration": 0,
          "failureMessages": [],
          "meta": {}
        },
        {
          "ancestorTitles": ["hx-textarea", "Property: required"],
          "fullName": "hx-textarea Property: required sets aria-required=\"true\" on native textarea",
          "status": "passed",
          "title": "sets aria-required=\"true\" on native textarea",
          "duration": 0.10000000149011612,
          "failureMessages": [],
          "meta": {}
        },
        {
          "ancestorTitles": ["hx-textarea", "Property: disabled"],
          "fullName": "hx-textarea Property: disabled sets disabled attr on native textarea",
          "status": "passed",
          "title": "sets disabled attr on native textarea",
          "duration": 0.19999999552965164,
          "failureMessages": [],
          "meta": {}
        },
        {
          "ancestorTitles": ["hx-textarea", "Property: disabled"],
          "fullName": "hx-textarea Property: disabled applies host opacity via disabled attribute",
          "status": "passed",
          "title": "applies host opacity via disabled attribute",
          "duration": 0.10000000149011612,
          "failureMessages": [],
          "meta": {}
        },
        {
          "ancestorTitles": ["hx-textarea", "Property: error"],
          "fullName": "hx-textarea Property: error renders error message in role=\"alert\" div",
          "status": "passed",
          "title": "renders error message in role=\"alert\" div",
          "duration": 0,
          "failureMessages": [],
          "meta": {}
        },
        {
          "ancestorTitles": ["hx-textarea", "Property: error"],
          "fullName": "hx-textarea Property: error error div has aria-live=\"polite\"",
          "status": "passed",
          "title": "error div has aria-live=\"polite\"",
          "duration": 0.10000000149011612,
          "failureMessages": [],
          "meta": {}
        },
        {
          "ancestorTitles": ["hx-textarea", "Property: error"],
          "fullName": "hx-textarea Property: error sets aria-invalid=\"true\" on textarea",
          "status": "passed",
          "title": "sets aria-invalid=\"true\" on textarea",
          "duration": 0.10000000149011612,
          "failureMessages": [],
          "meta": {}
        },
        {
          "ancestorTitles": ["hx-textarea", "Property: error"],
          "fullName": "hx-textarea Property: error error hides help text",
          "status": "passed",
          "title": "error hides help text",
          "duration": 0.09999999403953552,
          "failureMessages": [],
          "meta": {}
        },
        {
          "ancestorTitles": ["hx-textarea", "Property: helpText"],
          "fullName": "hx-textarea Property: helpText renders help text below textarea",
          "status": "passed",
          "title": "renders help text below textarea",
          "duration": 0.10000000149011612,
          "failureMessages": [],
          "meta": {}
        },
        {
          "ancestorTitles": ["hx-textarea", "Property: helpText"],
          "fullName": "hx-textarea Property: helpText help text hidden when error present",
          "status": "passed",
          "title": "help text hidden when error present",
          "duration": 0.10000000149011612,
          "failureMessages": [],
          "meta": {}
        },
        {
          "ancestorTitles": ["hx-textarea", "Events"],
          "fullName": "hx-textarea Events dispatches wc-input on keystroke",
          "status": "passed",
          "title": "dispatches wc-input on keystroke",
          "duration": 0.20000000298023224,
          "failureMessages": [],
          "meta": {}
        },
        {
          "ancestorTitles": ["hx-textarea", "Events"],
          "fullName": "hx-textarea Events hx-input detail.value is correct",
          "status": "passed",
          "title": "hx-input detail.value is correct",
          "duration": 0,
          "failureMessages": [],
          "meta": {}
        },
        {
          "ancestorTitles": ["hx-textarea", "Events"],
          "fullName": "hx-textarea Events dispatches wc-change on blur",
          "status": "passed",
          "title": "dispatches wc-change on blur",
          "duration": 0.09999999403953552,
          "failureMessages": [],
          "meta": {}
        },
        {
          "ancestorTitles": ["hx-textarea", "Events"],
          "fullName": "hx-textarea Events hx-change bubbles and is composed",
          "status": "passed",
          "title": "hx-change bubbles and is composed",
          "duration": 0.10000000149011612,
          "failureMessages": [],
          "meta": {}
        },
        {
          "ancestorTitles": ["hx-textarea", "Slots"],
          "fullName": "hx-textarea Slots help-text slot renders",
          "status": "passed",
          "title": "help-text slot renders",
          "duration": 0.20000000298023224,
          "failureMessages": [],
          "meta": {}
        },
        {
          "ancestorTitles": ["hx-textarea", "CSS Parts"],
          "fullName": "hx-textarea CSS Parts label part exposed",
          "status": "passed",
          "title": "label part exposed",
          "duration": 0.10000000149011612,
          "failureMessages": [],
          "meta": {}
        },
        {
          "ancestorTitles": ["hx-textarea", "CSS Parts"],
          "fullName": "hx-textarea CSS Parts textarea-wrapper part exposed",
          "status": "passed",
          "title": "textarea-wrapper part exposed",
          "duration": 0,
          "failureMessages": [],
          "meta": {}
        },
        {
          "ancestorTitles": ["hx-textarea", "CSS Parts"],
          "fullName": "hx-textarea CSS Parts counter part exposed when showCount set",
          "status": "passed",
          "title": "counter part exposed when showCount set",
          "duration": 0,
          "failureMessages": [],
          "meta": {}
        },
        {
          "ancestorTitles": ["hx-textarea", "Form"],
          "fullName": "hx-textarea Form has formAssociated=true",
          "status": "passed",
          "title": "has formAssociated=true",
          "duration": 0,
          "failureMessages": [],
          "meta": {}
        },
        {
          "ancestorTitles": ["hx-textarea", "Form"],
          "fullName": "hx-textarea Form has ElementInternals attached",
          "status": "passed",
          "title": "has ElementInternals attached",
          "duration": 0,
          "failureMessages": [],
          "meta": {}
        },
        {
          "ancestorTitles": ["hx-textarea", "Form"],
          "fullName": "hx-textarea Form form getter returns associated form",
          "status": "passed",
          "title": "form getter returns associated form",
          "duration": 0.10000000149011612,
          "failureMessages": [],
          "meta": {}
        },
        {
          "ancestorTitles": ["hx-textarea", "Form"],
          "fullName": "hx-textarea Form formResetCallback resets value to empty",
          "status": "passed",
          "title": "formResetCallback resets value to empty",
          "duration": 0.10000000149011612,
          "failureMessages": [],
          "meta": {}
        },
        {
          "ancestorTitles": ["hx-textarea", "Form"],
          "fullName": "hx-textarea Form formStateRestoreCallback restores value",
          "status": "passed",
          "title": "formStateRestoreCallback restores value",
          "duration": 0.10000000149011612,
          "failureMessages": [],
          "meta": {}
        },
        {
          "ancestorTitles": ["hx-textarea", "Validation"],
          "fullName": "hx-textarea Validation checkValidity returns false when required + empty",
          "status": "passed",
          "title": "checkValidity returns false when required + empty",
          "duration": 0.09999999403953552,
          "failureMessages": [],
          "meta": {}
        },
        {
          "ancestorTitles": ["hx-textarea", "Validation"],
          "fullName": "hx-textarea Validation checkValidity returns true when required + filled",
          "status": "passed",
          "title": "checkValidity returns true when required + filled",
          "duration": 0.10000000149011612,
          "failureMessages": [],
          "meta": {}
        },
        {
          "ancestorTitles": ["hx-textarea", "Validation"],
          "fullName": "hx-textarea Validation valueMissing validity flag is set when required + empty",
          "status": "passed",
          "title": "valueMissing validity flag is set when required + empty",
          "duration": 0,
          "failureMessages": [],
          "meta": {}
        },
        {
          "ancestorTitles": ["hx-textarea", "Validation"],
          "fullName": "hx-textarea Validation reportValidity returns false when required + empty",
          "status": "passed",
          "title": "reportValidity returns false when required + empty",
          "duration": 0.8999999985098839,
          "failureMessages": [],
          "meta": {}
        },
        {
          "ancestorTitles": ["hx-textarea", "Validation"],
          "fullName": "hx-textarea Validation reportValidity returns true when required + filled",
          "status": "passed",
          "title": "reportValidity returns true when required + filled",
          "duration": 0.20000000298023224,
          "failureMessages": [],
          "meta": {}
        },
        {
          "ancestorTitles": ["hx-textarea", "Validation"],
          "fullName": "hx-textarea Validation validationMessage is set when required + empty",
          "status": "passed",
          "title": "validationMessage is set when required + empty",
          "duration": 0.10000000149011612,
          "failureMessages": [],
          "meta": {}
        },
        {
          "ancestorTitles": ["hx-textarea", "Methods"],
          "fullName": "hx-textarea Methods focus() moves focus to native textarea",
          "status": "passed",
          "title": "focus() moves focus to native textarea",
          "duration": 52.899999998509884,
          "failureMessages": [],
          "meta": {}
        },
        {
          "ancestorTitles": ["hx-textarea", "Methods"],
          "fullName": "hx-textarea Methods select() selects text in native textarea",
          "status": "passed",
          "title": "select() selects text in native textarea",
          "duration": 51.899999998509884,
          "failureMessages": [],
          "meta": {}
        },
        {
          "ancestorTitles": ["hx-textarea", "aria-describedby"],
          "fullName": "hx-textarea aria-describedby references error ID when error set",
          "status": "passed",
          "title": "references error ID when error set",
          "duration": 0.3999999985098839,
          "failureMessages": [],
          "meta": {}
        },
        {
          "ancestorTitles": ["hx-textarea", "aria-describedby"],
          "fullName": "hx-textarea aria-describedby references help text ID when helpText set",
          "status": "passed",
          "title": "references help text ID when helpText set",
          "duration": 0.20000000298023224,
          "failureMessages": [],
          "meta": {}
        },
        {
          "ancestorTitles": ["hx-textarea", "Auto-resize"],
          "fullName": "hx-textarea Auto-resize sets resize=\"auto\" attribute on host",
          "status": "passed",
          "title": "sets resize=\"auto\" attribute on host",
          "duration": 0.10000000149011612,
          "failureMessages": [],
          "meta": {}
        },
        {
          "ancestorTitles": ["hx-textarea", "Auto-resize"],
          "fullName": "hx-textarea Auto-resize adjusts textarea height on input when resize is auto",
          "status": "passed",
          "title": "adjusts textarea height on input when resize is auto",
          "duration": 0.3999999985098839,
          "failureMessages": [],
          "meta": {}
        },
        {
          "ancestorTitles": ["hx-textarea", "Character Counter"],
          "fullName": "hx-textarea Character Counter shows count only when no maxlength",
          "status": "passed",
          "title": "shows count only when no maxlength",
          "duration": 0.10000000149011612,
          "failureMessages": [],
          "meta": {}
        },
        {
          "ancestorTitles": ["hx-textarea", "Character Counter"],
          "fullName": "hx-textarea Character Counter counter still visible when error is set",
          "status": "passed",
          "title": "counter still visible when error is set",
          "duration": 0.19999999552965164,
          "failureMessages": [],
          "meta": {}
        },
        {
          "ancestorTitles": ["hx-textarea", "Property: name"],
          "fullName": "hx-textarea Property: name sets name attr on native textarea",
          "status": "passed",
          "title": "sets name attr on native textarea",
          "duration": 0.10000000149011612,
          "failureMessages": [],
          "meta": {}
        },
        {
          "ancestorTitles": ["hx-textarea", "Property: ariaLabel"],
          "fullName": "hx-textarea Property: ariaLabel sets aria-label on native textarea",
          "status": "passed",
          "title": "sets aria-label on native textarea",
          "duration": 0,
          "failureMessages": [],
          "meta": {}
        },
        {
          "ancestorTitles": ["hx-textarea", "Accessibility (axe-core)"],
          "fullName": "hx-textarea Accessibility (axe-core) has no axe violations in default state",
          "status": "passed",
          "title": "has no axe violations in default state",
          "duration": 19.899999998509884,
          "failureMessages": [],
          "meta": {}
        },
        {
          "ancestorTitles": ["hx-textarea", "Accessibility (axe-core)"],
          "fullName": "hx-textarea Accessibility (axe-core) has no axe violations in error state",
          "status": "passed",
          "title": "has no axe violations in error state",
          "duration": 4.4000000059604645,
          "failureMessages": [],
          "meta": {}
        },
        {
          "ancestorTitles": ["hx-textarea", "Accessibility (axe-core)"],
          "fullName": "hx-textarea Accessibility (axe-core) has no axe violations when disabled",
          "status": "passed",
          "title": "has no axe violations when disabled",
          "duration": 2.5999999940395355,
          "failureMessages": [],
          "meta": {}
        },
        {
          "ancestorTitles": ["hx-textarea", "Accessibility (axe-core)"],
          "fullName": "hx-textarea Accessibility (axe-core) has no axe violations when required",
          "status": "passed",
          "title": "has no axe violations when required",
          "duration": 4.200000002980232,
          "failureMessages": [],
          "meta": {}
        }
      ],
      "startTime": 1772573013599,
      "endTime": 1772573013744.2,
      "status": "passed",
      "message": "",
      "name": "/Volumes/Development/booked/helix/.worktrees/feature-t1-07-hx-number-input-numeric-input/packages/hx-library/src/components/hx-textarea/hx-textarea.test.ts"
    }
  ]
}
